CRITICAL - 2020-07-10 01:24:21 --> Undefined index: movie
#0 C:\xampp\htdocs\doonungset1\app\Controllers\Home.php(303): CodeIgniter\Debug\Exceptions->errorHandler(8, 'Undefined index...', 'C:\\xampp\\htdocs...', 303, Array)
#1 C:\xampp\htdocs\doonungset1\system\CodeIgniter.php(910): App\Controllers\Home->player('74', 'movie', 'adsvdo', '1588421549_969c...')
#2 C:\xampp\htdocs\doonungset1\system\CodeIgniter.php(398): CodeIgniter\CodeIgniter->runController(Object(App\Controllers\Home))
#3 C:\xampp\htdocs\doonungset1\system\CodeIgniter.php(306): CodeIgniter\CodeIgniter->handleRequest(NULL, Object(Config\Cache), false)
#4 C:\xampp\htdocs\doonungset1\public\index.php(45): CodeIgniter\CodeIgniter->run()
#5 {main}
CRITICAL - 2020-07-10 01:41:54 --> Undefined variable: listyear
#0 C:\xampp\htdocs\doonungset1\app\Views\templates\video.php(15): CodeIgniter\Debug\Exceptions->errorHandler(8, 'Undefined varia...', 'C:\\xampp\\htdocs...', 15, Array)
#1 C:\xampp\htdocs\doonungset1\system\View\View.php(236): include('C:\\xampp\\htdocs...')
#2 C:\xampp\htdocs\doonungset1\system\Common.php(1071): CodeIgniter\View\View->render('templates/video...', Array, true)
#3 C:\xampp\htdocs\doonungset1\app\Controllers\Home.php(287): view('templates/video...', Array)
#4 C:\xampp\htdocs\doonungset1\system\CodeIgniter.php(910): App\Controllers\Home->video('74', 'main')
#5 C:\xampp\htdocs\doonungset1\system\CodeIgniter.php(398): CodeIgniter\CodeIgniter->runController(Object(App\Controllers\Home))
#6 C:\xampp\htdocs\doonungset1\system\CodeIgniter.php(306): CodeIgniter\CodeIgniter->handleRequest(NULL, Object(Config\Cache), false)
#7 C:\xampp\htdocs\doonungset1\public\index.php(45): CodeIgniter\CodeIgniter->run()
#8 {main}
CRITICAL - 2020-07-10 01:45:28 --> unlink(C:\xampp\htdocs\doonungset1\writable\debugbar/debugbar_1594292774.json): No such file or directory
#0 [internal function]: CodeIgniter\Debug\Exceptions->errorHandler(2, 'unlink(C:\\xampp...', 'C:\\xampp\\htdocs...', 106, Array)
#1 C:\xampp\htdocs\doonungset1\system\Debug\Toolbar\Collectors\History.php(106): unlink('C:\\xampp\\htdocs...')
#2 C:\xampp\htdocs\doonungset1\system\Debug\Toolbar.php(481): CodeIgniter\Debug\Toolbar\Collectors\History->setFiles(1594363528, 20)
#3 C:\xampp\htdocs\doonungset1\system\Debug\Toolbar.php(454): CodeIgniter\Debug\Toolbar->format(Array, 'html')
#4 C:\xampp\htdocs\doonungset1\app\Config\Events.php(44): CodeIgniter\Debug\Toolbar->respond()
#5 [internal function]: CodeIgniter\Events\Events::Config\{closure}()
#6 C:\xampp\htdocs\doonungset1\system\Events\Events.php(188): call_user_func(Object(Closure))
#7 C:\xampp\htdocs\doonungset1\system\CodeIgniter.php(287): CodeIgniter\Events\Events::trigger('pre_system')
#8 C:\xampp\htdocs\doonungset1\public\index.php(45): CodeIgniter\CodeIgniter->run()
#9 {main}
CRITICAL - 2020-07-10 01:45:42 --> Undefined index: movie
#0 C:\xampp\htdocs\doonungset1\app\Controllers\Home.php(305): CodeIgniter\Debug\Exceptions->errorHandler(8, 'Undefined index...', 'C:\\xampp\\htdocs...', 305, Array)
#1 C:\xampp\htdocs\doonungset1\system\CodeIgniter.php(910): App\Controllers\Home->player('74', 'movie', 'adsvdo', '1588421549_969c...')
#2 C:\xampp\htdocs\doonungset1\system\CodeIgniter.php(398): CodeIgniter\CodeIgniter->runController(Object(App\Controllers\Home))
#3 C:\xampp\htdocs\doonungset1\system\CodeIgniter.php(306): CodeIgniter\CodeIgniter->handleRequest(NULL, Object(Config\Cache), false)
#4 C:\xampp\htdocs\doonungset1\public\index.php(45): CodeIgniter\CodeIgniter->run()
#5 {main}
CRITICAL - 2020-07-10 01:49:10 --> Undefined index: movie
#0 C:\xampp\htdocs\doonungset1\app\Controllers\Home.php(307): CodeIgniter\Debug\Exceptions->errorHandler(8, 'Undefined index...', 'C:\\xampp\\htdocs...', 307, Array)
#1 C:\xampp\htdocs\doonungset1\system\CodeIgniter.php(910): App\Controllers\Home->player('74', 'movie', 'adsvdo', '1588421549_969c...')
#2 C:\xampp\htdocs\doonungset1\system\CodeIgniter.php(398): CodeIgniter\CodeIgniter->runController(Object(App\Controllers\Home))
#3 C:\xampp\htdocs\doonungset1\system\CodeIgniter.php(306): CodeIgniter\CodeIgniter->handleRequest(NULL, Object(Config\Cache), false)
#4 C:\xampp\htdocs\doonungset1\public\index.php(45): CodeIgniter\CodeIgniter->run()
#5 {main}
CRITICAL - 2020-07-10 01:51:01 --> Undefined index: movie
#0 C:\xampp\htdocs\doonungset1\app\Controllers\Home.php(307): CodeIgniter\Debug\Exceptions->errorHandler(8, 'Undefined index...', 'C:\\xampp\\htdocs...', 307, Array)
#1 C:\xampp\htdocs\doonungset1\system\CodeIgniter.php(910): App\Controllers\Home->player('862', 'movie', 'adsvdo', '1588421549_969c...')
#2 C:\xampp\htdocs\doonungset1\system\CodeIgniter.php(398): CodeIgniter\CodeIgniter->runController(Object(App\Controllers\Home))
#3 C:\xampp\htdocs\doonungset1\system\CodeIgniter.php(306): CodeIgniter\CodeIgniter->handleRequest(NULL, Object(Config\Cache), false)
#4 C:\xampp\htdocs\doonungset1\public\index.php(45): CodeIgniter\CodeIgniter->run()
#5 {main}
CRITICAL - 2020-07-10 02:01:47 --> You have an error in your SQL syntax; check the manual that corresponds to your MariaDB server version for the right syntax to use near '?
      order by rand  limit 4' at line 6
#0 C:\xampp\htdocs\doonungset1\system\Database\MySQLi\Connection.php(330): mysqli->query('SELECT\r\n       ...')
#1 C:\xampp\htdocs\doonungset1\system\Database\BaseConnection.php(738): CodeIgniter\Database\MySQLi\Connection->execute('SELECT\r\n       ...')
#2 C:\xampp\htdocs\doonungset1\system\Database\BaseConnection.php(666): CodeIgniter\Database\BaseConnection->simpleQuery('SELECT\r\n       ...')
#3 C:\xampp\htdocs\doonungset1\app\Models\Video_Model.php(412): CodeIgniter\Database\BaseConnection->query('SELECT\r\n       ...')
#4 C:\xampp\htdocs\doonungset1\app\Controllers\Home.php(205): App\Models\Video_Model->get_id_video_random(1)
#5 C:\xampp\htdocs\doonungset1\system\CodeIgniter.php(910): App\Controllers\Home->video('862', 'main')
#6 C:\xampp\htdocs\doonungset1\system\CodeIgniter.php(398): CodeIgniter\CodeIgniter->runController(Object(App\Controllers\Home))
#7 C:\xampp\htdocs\doonungset1\system\CodeIgniter.php(306): CodeIgniter\CodeIgniter->handleRequest(NULL, Object(Config\Cache), false)
#8 C:\xampp\htdocs\doonungset1\public\index.php(45): CodeIgniter\CodeIgniter->run()
#9 {main}
CRITICAL - 2020-07-10 02:02:21 --> Unknown column 'rand' in 'order clause'
#0 C:\xampp\htdocs\doonungset1\system\Database\MySQLi\Connection.php(330): mysqli->query('SELECT\r\n       ...')
#1 C:\xampp\htdocs\doonungset1\system\Database\BaseConnection.php(738): CodeIgniter\Database\MySQLi\Connection->execute('SELECT\r\n       ...')
#2 C:\xampp\htdocs\doonungset1\system\Database\BaseConnection.php(666): CodeIgniter\Database\BaseConnection->simpleQuery('SELECT\r\n       ...')
#3 C:\xampp\htdocs\doonungset1\app\Models\Video_Model.php(412): CodeIgniter\Database\BaseConnection->query('SELECT\r\n       ...')
#4 C:\xampp\htdocs\doonungset1\app\Controllers\Home.php(205): App\Models\Video_Model->get_id_video_random(1)
#5 C:\xampp\htdocs\doonungset1\system\CodeIgniter.php(910): App\Controllers\Home->video('862', 'main')
#6 C:\xampp\htdocs\doonungset1\system\CodeIgniter.php(398): CodeIgniter\CodeIgniter->runController(Object(App\Controllers\Home))
#7 C:\xampp\htdocs\doonungset1\system\CodeIgniter.php(306): CodeIgniter\CodeIgniter->handleRequest(NULL, Object(Config\Cache), false)
#8 C:\xampp\htdocs\doonungset1\public\index.php(45): CodeIgniter\CodeIgniter->run()
#9 {main}
CRITICAL - 2020-07-10 02:02:30 --> Unknown column 'rand' in 'order clause'
#0 C:\xampp\htdocs\doonungset1\system\Database\MySQLi\Connection.php(330): mysqli->query('SELECT\r\n       ...')
#1 C:\xampp\htdocs\doonungset1\system\Database\BaseConnection.php(738): CodeIgniter\Database\MySQLi\Connection->execute('SELECT\r\n       ...')
#2 C:\xampp\htdocs\doonungset1\system\Database\BaseConnection.php(666): CodeIgniter\Database\BaseConnection->simpleQuery('SELECT\r\n       ...')
#3 C:\xampp\htdocs\doonungset1\app\Models\Video_Model.php(411): CodeIgniter\Database\BaseConnection->query('SELECT\r\n       ...')
#4 C:\xampp\htdocs\doonungset1\app\Controllers\Home.php(205): App\Models\Video_Model->get_id_video_random(1)
#5 C:\xampp\htdocs\doonungset1\system\CodeIgniter.php(910): App\Controllers\Home->video('862', 'main')
#6 C:\xampp\htdocs\doonungset1\system\CodeIgniter.php(398): CodeIgniter\CodeIgniter->runController(Object(App\Controllers\Home))
#7 C:\xampp\htdocs\doonungset1\system\CodeIgniter.php(306): CodeIgniter\CodeIgniter->handleRequest(NULL, Object(Config\Cache), false)
#8 C:\xampp\htdocs\doonungset1\public\index.php(45): CodeIgniter\CodeIgniter->run()
#9 {main}
CRITICAL - 2020-07-10 02:05:42 --> Unknown column 'rand' in 'order clause'
#0 C:\xampp\htdocs\doonungset1\system\Database\MySQLi\Connection.php(330): mysqli->query('SELECT\r\n       ...')
#1 C:\xampp\htdocs\doonungset1\system\Database\BaseConnection.php(738): CodeIgniter\Database\MySQLi\Connection->execute('SELECT\r\n       ...')
#2 C:\xampp\htdocs\doonungset1\system\Database\BaseConnection.php(666): CodeIgniter\Database\BaseConnection->simpleQuery('SELECT\r\n       ...')
#3 C:\xampp\htdocs\doonungset1\app\Models\Video_Model.php(411): CodeIgniter\Database\BaseConnection->query('SELECT\r\n       ...')
#4 C:\xampp\htdocs\doonungset1\app\Controllers\Home.php(205): App\Models\Video_Model->get_id_video_random(1)
#5 C:\xampp\htdocs\doonungset1\system\CodeIgniter.php(910): App\Controllers\Home->video('862', 'main')
#6 C:\xampp\htdocs\doonungset1\system\CodeIgniter.php(398): CodeIgniter\CodeIgniter->runController(Object(App\Controllers\Home))
#7 C:\xampp\htdocs\doonungset1\system\CodeIgniter.php(306): CodeIgniter\CodeIgniter->handleRequest(NULL, Object(Config\Cache), false)
#8 C:\xampp\htdocs\doonungset1\public\index.php(45): CodeIgniter\CodeIgniter->run()
#9 {main}
CRITICAL - 2020-07-10 02:07:32 --> syntax error, unexpected '}'
#0 C:\xampp\htdocs\doonungset1\system\Autoloader\Autoloader.php(296): CodeIgniter\Autoloader\Autoloader->requireFile('C:\\xampp\\htdocs...')
#1 C:\xampp\htdocs\doonungset1\system\Autoloader\Autoloader.php(258): CodeIgniter\Autoloader\Autoloader->loadInNamespace('App\\Models\\Vide...')
#2 [internal function]: CodeIgniter\Autoloader\Autoloader->loadClass('App\\Models\\Vide...')
#3 C:\xampp\htdocs\doonungset1\app\Controllers\Home.php(23): spl_autoload_call('App\\Models\\Vide...')
#4 C:\xampp\htdocs\doonungset1\system\CodeIgniter.php(882): App\Controllers\Home->__construct()
#5 C:\xampp\htdocs\doonungset1\system\CodeIgniter.php(393): CodeIgniter\CodeIgniter->createController()
#6 C:\xampp\htdocs\doonungset1\system\CodeIgniter.php(306): CodeIgniter\CodeIgniter->handleRequest(NULL, Object(Config\Cache), false)
#7 C:\xampp\htdocs\doonungset1\public\index.php(45): CodeIgniter\CodeIgniter->run()
#8 {main}
CRITICAL - 2020-07-10 02:08:51 --> Unknown column 'rand' in 'order clause'
#0 C:\xampp\htdocs\doonungset1\system\Database\MySQLi\Connection.php(330): mysqli->query('SELECT\r\n       ...')
#1 C:\xampp\htdocs\doonungset1\system\Database\BaseConnection.php(738): CodeIgniter\Database\MySQLi\Connection->execute('SELECT\r\n       ...')
#2 C:\xampp\htdocs\doonungset1\system\Database\BaseConnection.php(666): CodeIgniter\Database\BaseConnection->simpleQuery('SELECT\r\n       ...')
#3 C:\xampp\htdocs\doonungset1\app\Models\Video_Model.php(410): CodeIgniter\Database\BaseConnection->query('SELECT\r\n       ...')
#4 C:\xampp\htdocs\doonungset1\app\Controllers\Home.php(205): App\Models\Video_Model->get_id_video_random(1)
#5 C:\xampp\htdocs\doonungset1\system\CodeIgniter.php(910): App\Controllers\Home->video('862', 'main')
#6 C:\xampp\htdocs\doonungset1\system\CodeIgniter.php(398): CodeIgniter\CodeIgniter->runController(Object(App\Controllers\Home))
#7 C:\xampp\htdocs\doonungset1\system\CodeIgniter.php(306): CodeIgniter\CodeIgniter->handleRequest(NULL, Object(Config\Cache), false)
#8 C:\xampp\htdocs\doonungset1\public\index.php(45): CodeIgniter\CodeIgniter->run()
#9 {main}
CRITICAL - 2020-07-10 02:11:29 --> Undefined index: movie
#0 C:\xampp\htdocs\doonungset1\app\Controllers\Home.php(298): CodeIgniter\Debug\Exceptions->errorHandler(8, 'Undefined index...', 'C:\\xampp\\htdocs...', 298, Array)
#1 C:\xampp\htdocs\doonungset1\system\CodeIgniter.php(910): App\Controllers\Home->player('862', 'movie', 'adsvdo', '1588421549_969c...')
#2 C:\xampp\htdocs\doonungset1\system\CodeIgniter.php(398): CodeIgniter\CodeIgniter->runController(Object(App\Controllers\Home))
#3 C:\xampp\htdocs\doonungset1\system\CodeIgniter.php(306): CodeIgniter\CodeIgniter->handleRequest(NULL, Object(Config\Cache), false)
#4 C:\xampp\htdocs\doonungset1\public\index.php(45): CodeIgniter\CodeIgniter->run()
#5 {main}
CRITICAL - 2020-07-10 02:14:03 --> Undefined variable: urlvideo
#0 C:\xampp\htdocs\doonungset1\app\Views\templates\video.php(525): CodeIgniter\Debug\Exceptions->errorHandler(8, 'Undefined varia...', 'C:\\xampp\\htdocs...', 525, Array)
#1 C:\xampp\htdocs\doonungset1\system\View\View.php(236): include('C:\\xampp\\htdocs...')
#2 C:\xampp\htdocs\doonungset1\system\Common.php(1071): CodeIgniter\View\View->render('templates/video...', Array, true)
#3 C:\xampp\htdocs\doonungset1\app\Controllers\Home.php(283): view('templates/video...', Array)
#4 C:\xampp\htdocs\doonungset1\system\CodeIgniter.php(910): App\Controllers\Home->video('862', 'main')
#5 C:\xampp\htdocs\doonungset1\system\CodeIgniter.php(398): CodeIgniter\CodeIgniter->runController(Object(App\Controllers\Home))
#6 C:\xampp\htdocs\doonungset1\system\CodeIgniter.php(306): CodeIgniter\CodeIgniter->handleRequest(NULL, Object(Config\Cache), false)
#7 C:\xampp\htdocs\doonungset1\public\index.php(45): CodeIgniter\CodeIgniter->run()
#8 {main}
CRITICAL - 2020-07-10 02:14:32 --> Undefined index: movie
#0 C:\xampp\htdocs\doonungset1\app\Controllers\Home.php(299): CodeIgniter\Debug\Exceptions->errorHandler(8, 'Undefined index...', 'C:\\xampp\\htdocs...', 299, Array)
#1 C:\xampp\htdocs\doonungset1\system\CodeIgniter.php(910): App\Controllers\Home->player('862', 'movie', 'adsvdo', '1588421549_969c...')
#2 C:\xampp\htdocs\doonungset1\system\CodeIgniter.php(398): CodeIgniter\CodeIgniter->runController(Object(App\Controllers\Home))
#3 C:\xampp\htdocs\doonungset1\system\CodeIgniter.php(306): CodeIgniter\CodeIgniter->handleRequest(NULL, Object(Config\Cache), false)
#4 C:\xampp\htdocs\doonungset1\public\index.php(45): CodeIgniter\CodeIgniter->run()
#5 {main}
CRITICAL - 2020-07-10 02:16:11 --> Undefined index: movie
#0 C:\xampp\htdocs\doonungset1\app\Controllers\Home.php(299): CodeIgniter\Debug\Exceptions->errorHandler(8, 'Undefined index...', 'C:\\xampp\\htdocs...', 299, Array)
#1 C:\xampp\htdocs\doonungset1\system\CodeIgniter.php(910): App\Controllers\Home->player('862', 'movie', 'adsvdo', '1588421549_969c...')
#2 C:\xampp\htdocs\doonungset1\system\CodeIgniter.php(398): CodeIgniter\CodeIgniter->runController(Object(App\Controllers\Home))
#3 C:\xampp\htdocs\doonungset1\system\CodeIgniter.php(306): CodeIgniter\CodeIgniter->handleRequest(NULL, Object(Config\Cache), false)
#4 C:\xampp\htdocs\doonungset1\public\index.php(45): CodeIgniter\CodeIgniter->run()
#5 {main}
CRITICAL - 2020-07-10 02:16:33 --> Undefined index: movie
#0 C:\xampp\htdocs\doonungset1\app\Controllers\Home.php(299): CodeIgniter\Debug\Exceptions->errorHandler(8, 'Undefined index...', 'C:\\xampp\\htdocs...', 299, Array)
#1 C:\xampp\htdocs\doonungset1\system\CodeIgniter.php(910): App\Controllers\Home->player('862', 'movie', 'adsvdo', '1588421549_969c...')
#2 C:\xampp\htdocs\doonungset1\system\CodeIgniter.php(398): CodeIgniter\CodeIgniter->runController(Object(App\Controllers\Home))
#3 C:\xampp\htdocs\doonungset1\system\CodeIgniter.php(306): CodeIgniter\CodeIgniter->handleRequest(NULL, Object(Config\Cache), false)
#4 C:\xampp\htdocs\doonungset1\public\index.php(45): CodeIgniter\CodeIgniter->run()
#5 {main}
CRITICAL - 2020-07-10 02:16:44 --> Undefined index: movie
#0 C:\xampp\htdocs\doonungset1\app\Controllers\Home.php(299): CodeIgniter\Debug\Exceptions->errorHandler(8, 'Undefined index...', 'C:\\xampp\\htdocs...', 299, Array)
#1 C:\xampp\htdocs\doonungset1\system\CodeIgniter.php(910): App\Controllers\Home->player('862', 'movie', 'adsvdo', '1588421549_969c...')
#2 C:\xampp\htdocs\doonungset1\system\CodeIgniter.php(398): CodeIgniter\CodeIgniter->runController(Object(App\Controllers\Home))
#3 C:\xampp\htdocs\doonungset1\system\CodeIgniter.php(306): CodeIgniter\CodeIgniter->handleRequest(NULL, Object(Config\Cache), false)
#4 C:\xampp\htdocs\doonungset1\public\index.php(45): CodeIgniter\CodeIgniter->run()
#5 {main}
CRITICAL - 2020-07-10 02:16:56 --> Undefined index: movie
#0 C:\xampp\htdocs\doonungset1\app\Controllers\Home.php(299): CodeIgniter\Debug\Exceptions->errorHandler(8, 'Undefined index...', 'C:\\xampp\\htdocs...', 299, Array)
#1 C:\xampp\htdocs\doonungset1\system\CodeIgniter.php(910): App\Controllers\Home->player('862', 'movie', 'adsvdo', '1588421549_969c...')
#2 C:\xampp\htdocs\doonungset1\system\CodeIgniter.php(398): CodeIgniter\CodeIgniter->runController(Object(App\Controllers\Home))
#3 C:\xampp\htdocs\doonungset1\system\CodeIgniter.php(306): CodeIgniter\CodeIgniter->handleRequest(NULL, Object(Config\Cache), false)
#4 C:\xampp\htdocs\doonungset1\public\index.php(45): CodeIgniter\CodeIgniter->run()
#5 {main}
CRITICAL - 2020-07-10 02:17:10 --> Undefined index: movie
#0 C:\xampp\htdocs\doonungset1\app\Controllers\Home.php(299): CodeIgniter\Debug\Exceptions->errorHandler(8, 'Undefined index...', 'C:\\xampp\\htdocs...', 299, Array)
#1 C:\xampp\htdocs\doonungset1\system\CodeIgniter.php(910): App\Controllers\Home->player('862', 'movie', 'adsvdo', '1588421549_969c...')
#2 C:\xampp\htdocs\doonungset1\system\CodeIgniter.php(398): CodeIgniter\CodeIgniter->runController(Object(App\Controllers\Home))
#3 C:\xampp\htdocs\doonungset1\system\CodeIgniter.php(306): CodeIgniter\CodeIgniter->handleRequest(NULL, Object(Config\Cache), false)
#4 C:\xampp\htdocs\doonungset1\public\index.php(45): CodeIgniter\CodeIgniter->run()
#5 {main}
CRITICAL - 2020-07-10 02:18:09 --> Undefined index: movie
#0 C:\xampp\htdocs\doonungset1\app\Controllers\Home.php(299): CodeIgniter\Debug\Exceptions->errorHandler(8, 'Undefined index...', 'C:\\xampp\\htdocs...', 299, Array)
#1 C:\xampp\htdocs\doonungset1\system\CodeIgniter.php(910): App\Controllers\Home->player('862', 'movie', 'adsvdo', '1588421549_969c...')
#2 C:\xampp\htdocs\doonungset1\system\CodeIgniter.php(398): CodeIgniter\CodeIgniter->runController(Object(App\Controllers\Home))
#3 C:\xampp\htdocs\doonungset1\system\CodeIgniter.php(306): CodeIgniter\CodeIgniter->handleRequest(NULL, Object(Config\Cache), false)
#4 C:\xampp\htdocs\doonungset1\public\index.php(45): CodeIgniter\CodeIgniter->run()
#5 {main}
CRITICAL - 2020-07-10 02:18:27 --> Undefined index: movie
#0 C:\xampp\htdocs\doonungset1\app\Controllers\Home.php(299): CodeIgniter\Debug\Exceptions->errorHandler(8, 'Undefined index...', 'C:\\xampp\\htdocs...', 299, Array)
#1 C:\xampp\htdocs\doonungset1\system\CodeIgniter.php(910): App\Controllers\Home->player('862', 'movie', 'adsvdo', '1588421549_969c...')
#2 C:\xampp\htdocs\doonungset1\system\CodeIgniter.php(398): CodeIgniter\CodeIgniter->runController(Object(App\Controllers\Home))
#3 C:\xampp\htdocs\doonungset1\system\CodeIgniter.php(306): CodeIgniter\CodeIgniter->handleRequest(NULL, Object(Config\Cache), false)
#4 C:\xampp\htdocs\doonungset1\public\index.php(45): CodeIgniter\CodeIgniter->run()
#5 {main}
CRITICAL - 2020-07-10 02:18:55 --> Undefined index: movie
#0 C:\xampp\htdocs\doonungset1\app\Controllers\Home.php(299): CodeIgniter\Debug\Exceptions->errorHandler(8, 'Undefined index...', 'C:\\xampp\\htdocs...', 299, Array)
#1 C:\xampp\htdocs\doonungset1\system\CodeIgniter.php(910): App\Controllers\Home->player('862', 'movie', 'adsvdo', '1588421549_969c...')
#2 C:\xampp\htdocs\doonungset1\system\CodeIgniter.php(398): CodeIgniter\CodeIgniter->runController(Object(App\Controllers\Home))
#3 C:\xampp\htdocs\doonungset1\system\CodeIgniter.php(306): CodeIgniter\CodeIgniter->handleRequest(NULL, Object(Config\Cache), false)
#4 C:\xampp\htdocs\doonungset1\public\index.php(45): CodeIgniter\CodeIgniter->run()
#5 {main}
CRITICAL - 2020-07-10 02:20:14 --> Undefined index: movie
#0 C:\xampp\htdocs\doonungset1\app\Controllers\Home.php(299): CodeIgniter\Debug\Exceptions->errorHandler(8, 'Undefined index...', 'C:\\xampp\\htdocs...', 299, Array)
#1 C:\xampp\htdocs\doonungset1\system\CodeIgniter.php(910): App\Controllers\Home->player('862', 'movie', 'adsvdo', '1588421549_969c...')
#2 C:\xampp\htdocs\doonungset1\system\CodeIgniter.php(398): CodeIgniter\CodeIgniter->runController(Object(App\Controllers\Home))
#3 C:\xampp\htdocs\doonungset1\system\CodeIgniter.php(306): CodeIgniter\CodeIgniter->handleRequest(NULL, Object(Config\Cache), false)
#4 C:\xampp\htdocs\doonungset1\public\index.php(45): CodeIgniter\CodeIgniter->run()
#5 {main}
CRITICAL - 2020-07-10 02:20:15 --> Undefined index: movie
#0 C:\xampp\htdocs\doonungset1\app\Controllers\Home.php(299): CodeIgniter\Debug\Exceptions->errorHandler(8, 'Undefined index...', 'C:\\xampp\\htdocs...', 299, Array)
#1 C:\xampp\htdocs\doonungset1\system\CodeIgniter.php(910): App\Controllers\Home->player('1929', 'movie', 'adsvdo', '1588421549_969c...')
#2 C:\xampp\htdocs\doonungset1\system\CodeIgniter.php(398): CodeIgniter\CodeIgniter->runController(Object(App\Controllers\Home))
#3 C:\xampp\htdocs\doonungset1\system\CodeIgniter.php(306): CodeIgniter\CodeIgniter->handleRequest(NULL, Object(Config\Cache), false)
#4 C:\xampp\htdocs\doonungset1\public\index.php(45): CodeIgniter\CodeIgniter->run()
#5 {main}
CRITICAL - 2020-07-10 02:20:38 --> Undefined index: movie
#0 C:\xampp\htdocs\doonungset1\app\Controllers\Home.php(299): CodeIgniter\Debug\Exceptions->errorHandler(8, 'Undefined index...', 'C:\\xampp\\htdocs...', 299, Array)
#1 C:\xampp\htdocs\doonungset1\system\CodeIgniter.php(910): App\Controllers\Home->player('1929', 'movie', 'adsvdo', '1588421549_969c...')
#2 C:\xampp\htdocs\doonungset1\system\CodeIgniter.php(398): CodeIgniter\CodeIgniter->runController(Object(App\Controllers\Home))
#3 C:\xampp\htdocs\doonungset1\system\CodeIgniter.php(306): CodeIgniter\CodeIgniter->handleRequest(NULL, Object(Config\Cache), false)
#4 C:\xampp\htdocs\doonungset1\public\index.php(45): CodeIgniter\CodeIgniter->run()
#5 {main}
CRITICAL - 2020-07-10 02:39:53 --> Undefined index: movie
#0 C:\xampp\htdocs\doonungset1\app\Controllers\Home.php(299): CodeIgniter\Debug\Exceptions->errorHandler(8, 'Undefined index...', 'C:\\xampp\\htdocs...', 299, Array)
#1 C:\xampp\htdocs\doonungset1\system\CodeIgniter.php(910): App\Controllers\Home->player('1929', 'movie', 'adsvdo', '1588421549_969c...')
#2 C:\xampp\htdocs\doonungset1\system\CodeIgniter.php(398): CodeIgniter\CodeIgniter->runController(Object(App\Controllers\Home))
#3 C:\xampp\htdocs\doonungset1\system\CodeIgniter.php(306): CodeIgniter\CodeIgniter->handleRequest(NULL, Object(Config\Cache), false)
#4 C:\xampp\htdocs\doonungset1\public\index.php(45): CodeIgniter\CodeIgniter->run()
#5 {main}
CRITICAL - 2020-07-10 02:40:03 --> Undefined index: page
#0 C:\xampp\htdocs\doonungset1\app\Controllers\Home.php(209): CodeIgniter\Debug\Exceptions->errorHandler(8, 'Undefined index...', 'C:\\xampp\\htdocs...', 209, Array)
#1 C:\xampp\htdocs\doonungset1\system\CodeIgniter.php(910): App\Controllers\Home->video('1929', 'main')
#2 C:\xampp\htdocs\doonungset1\system\CodeIgniter.php(398): CodeIgniter\CodeIgniter->runController(Object(App\Controllers\Home))
#3 C:\xampp\htdocs\doonungset1\system\CodeIgniter.php(306): CodeIgniter\CodeIgniter->handleRequest(NULL, Object(Config\Cache), false)
#4 C:\xampp\htdocs\doonungset1\public\index.php(45): CodeIgniter\CodeIgniter->run()
#5 {main}
CRITICAL - 2020-07-10 02:41:46 --> Undefined index: movie
#0 C:\xampp\htdocs\doonungset1\app\Controllers\Home.php(300): CodeIgniter\Debug\Exceptions->errorHandler(8, 'Undefined index...', 'C:\\xampp\\htdocs...', 300, Array)
#1 C:\xampp\htdocs\doonungset1\system\CodeIgniter.php(910): App\Controllers\Home->player('1929', 'movie', 'adsvdo', '1588421549_969c...')
#2 C:\xampp\htdocs\doonungset1\system\CodeIgniter.php(398): CodeIgniter\CodeIgniter->runController(Object(App\Controllers\Home))
#3 C:\xampp\htdocs\doonungset1\system\CodeIgniter.php(306): CodeIgniter\CodeIgniter->handleRequest(NULL, Object(Config\Cache), false)
#4 C:\xampp\htdocs\doonungset1\public\index.php(45): CodeIgniter\CodeIgniter->run()
#5 {main}
CRITICAL - 2020-07-10 02:41:52 --> Undefined index: movie
#0 C:\xampp\htdocs\doonungset1\app\Controllers\Home.php(300): CodeIgniter\Debug\Exceptions->errorHandler(8, 'Undefined index...', 'C:\\xampp\\htdocs...', 300, Array)
#1 C:\xampp\htdocs\doonungset1\system\CodeIgniter.php(910): App\Controllers\Home->player('1929', 'movie', 'adsvdo', '1588421549_969c...')
#2 C:\xampp\htdocs\doonungset1\system\CodeIgniter.php(398): CodeIgniter\CodeIgniter->runController(Object(App\Controllers\Home))
#3 C:\xampp\htdocs\doonungset1\system\CodeIgniter.php(306): CodeIgniter\CodeIgniter->handleRequest(NULL, Object(Config\Cache), false)
#4 C:\xampp\htdocs\doonungset1\public\index.php(45): CodeIgniter\CodeIgniter->run()
#5 {main}
CRITICAL - 2020-07-10 02:41:57 --> Undefined index: movie
#0 C:\xampp\htdocs\doonungset1\app\Controllers\Home.php(300): CodeIgniter\Debug\Exceptions->errorHandler(8, 'Undefined index...', 'C:\\xampp\\htdocs...', 300, Array)
#1 C:\xampp\htdocs\doonungset1\system\CodeIgniter.php(910): App\Controllers\Home->player('1929', 'movie', 'adsvdo', '1588421549_969c...')
#2 C:\xampp\htdocs\doonungset1\system\CodeIgniter.php(398): CodeIgniter\CodeIgniter->runController(Object(App\Controllers\Home))
#3 C:\xampp\htdocs\doonungset1\system\CodeIgniter.php(306): CodeIgniter\CodeIgniter->handleRequest(NULL, Object(Config\Cache), false)
#4 C:\xampp\htdocs\doonungset1\public\index.php(45): CodeIgniter\CodeIgniter->run()
#5 {main}
CRITICAL - 2020-07-10 03:08:31 --> Cannot redeclare App\Controllers\Home::video_byyear()
#0 [internal function]: CodeIgniter\Debug\Exceptions->shutdownHandler()
#1 {main}
CRITICAL - 2020-07-10 03:09:29 --> Cannot redeclare App\Controllers\Home::video_byyear()
#0 [internal function]: CodeIgniter\Debug\Exceptions->shutdownHandler()
#1 {main}
CRITICAL - 2020-07-10 03:09:31 --> Cannot redeclare App\Controllers\Home::video_byyear()
#0 [internal function]: CodeIgniter\Debug\Exceptions->shutdownHandler()
#1 {main}
CRITICAL - 2020-07-10 03:09:32 --> Cannot redeclare App\Controllers\Home::video_byyear()
#0 [internal function]: CodeIgniter\Debug\Exceptions->shutdownHandler()
#1 {main}
CRITICAL - 2020-07-10 03:09:33 --> Cannot redeclare App\Controllers\Home::video_byyear()
#0 [internal function]: CodeIgniter\Debug\Exceptions->shutdownHandler()
#1 {main}
CRITICAL - 2020-07-10 03:09:44 --> Cannot redeclare App\Controllers\Home::video_byyear()
#0 [internal function]: CodeIgniter\Debug\Exceptions->shutdownHandler()
#1 {main}
CRITICAL - 2020-07-10 03:11:19 --> Undefined index: page
#0 C:\xampp\htdocs\doonungset1\app\Controllers\Home.php(48): CodeIgniter\Debug\Exceptions->errorHandler(8, 'Undefined index...', 'C:\\xampp\\htdocs...', 48, Array)
#1 C:\xampp\htdocs\doonungset1\system\CodeIgniter.php(910): App\Controllers\Home->index()
#2 C:\xampp\htdocs\doonungset1\system\CodeIgniter.php(398): CodeIgniter\CodeIgniter->runController(Object(App\Controllers\Home))
#3 C:\xampp\htdocs\doonungset1\system\CodeIgniter.php(306): CodeIgniter\CodeIgniter->handleRequest(NULL, Object(Config\Cache), false)
#4 C:\xampp\htdocs\doonungset1\public\index.php(45): CodeIgniter\CodeIgniter->run()
#5 {main}
CRITICAL - 2020-07-10 03:12:22 --> Undefined variable: id
#0 C:\xampp\htdocs\doonungset1\app\Views\templates\header.php(195): CodeIgniter\Debug\Exceptions->errorHandler(8, 'Undefined varia...', 'C:\\xampp\\htdocs...', 195, Array)
#1 C:\xampp\htdocs\doonungset1\system\View\View.php(236): include('C:\\xampp\\htdocs...')
#2 C:\xampp\htdocs\doonungset1\system\Common.php(1071): CodeIgniter\View\View->render('templates/heade...', Array, true)
#3 C:\xampp\htdocs\doonungset1\app\Controllers\Home.php(83): view('templates/heade...', Array)
#4 C:\xampp\htdocs\doonungset1\system\CodeIgniter.php(910): App\Controllers\Home->index()
#5 C:\xampp\htdocs\doonungset1\system\CodeIgniter.php(398): CodeIgniter\CodeIgniter->runController(Object(App\Controllers\Home))
#6 C:\xampp\htdocs\doonungset1\system\CodeIgniter.php(306): CodeIgniter\CodeIgniter->handleRequest(NULL, Object(Config\Cache), false)
#7 C:\xampp\htdocs\doonungset1\public\index.php(45): CodeIgniter\CodeIgniter->run()
#8 {main}
CRITICAL - 2020-07-10 03:30:47 --> Undefined variable: title
#0 C:\xampp\htdocs\doonungset1\app\Controllers\Home.php(345): CodeIgniter\Debug\Exceptions->errorHandler(8, 'Undefined varia...', 'C:\\xampp\\htdocs...', 345, Array)
#1 C:\xampp\htdocs\doonungset1\system\CodeIgniter.php(910): App\Controllers\Home->video_search('231')
#2 C:\xampp\htdocs\doonungset1\system\CodeIgniter.php(398): CodeIgniter\CodeIgniter->runController(Object(App\Controllers\Home))
#3 C:\xampp\htdocs\doonungset1\system\CodeIgniter.php(306): CodeIgniter\CodeIgniter->handleRequest(NULL, Object(Config\Cache), false)
#4 C:\xampp\htdocs\doonungset1\public\index.php(45): CodeIgniter\CodeIgniter->run()
#5 {main}
CRITICAL - 2020-07-10 03:31:17 --> Undefined variable: title
#0 C:\xampp\htdocs\doonungset1\app\Views\templates\search.php(36): CodeIgniter\Debug\Exceptions->errorHandler(8, 'Undefined varia...', 'C:\\xampp\\htdocs...', 36, Array)
#1 C:\xampp\htdocs\doonungset1\system\View\View.php(236): include('C:\\xampp\\htdocs...')
#2 C:\xampp\htdocs\doonungset1\system\Common.php(1071): CodeIgniter\View\View->render('templates/searc...', Array, true)
#3 C:\xampp\htdocs\doonungset1\app\Controllers\Home.php(352): view('templates/searc...', Array, Array)
#4 C:\xampp\htdocs\doonungset1\system\CodeIgniter.php(910): App\Controllers\Home->video_search('231')
#5 C:\xampp\htdocs\doonungset1\system\CodeIgniter.php(398): CodeIgniter\CodeIgniter->runController(Object(App\Controllers\Home))
#6 C:\xampp\htdocs\doonungset1\system\CodeIgniter.php(306): CodeIgniter\CodeIgniter->handleRequest(NULL, Object(Config\Cache), false)
#7 C:\xampp\htdocs\doonungset1\public\index.php(45): CodeIgniter\CodeIgniter->run()
#8 {main}
CRITICAL - 2020-07-10 03:32:06 --> Unknown column 'ว' in 'where clause'
#0 C:\xampp\htdocs\doonungset1\system\Database\MySQLi\Connection.php(330): mysqli->query('SELECT\r\n       ...')
#1 C:\xampp\htdocs\doonungset1\system\Database\BaseConnection.php(738): CodeIgniter\Database\MySQLi\Connection->execute('SELECT\r\n       ...')
#2 C:\xampp\htdocs\doonungset1\system\Database\BaseConnection.php(666): CodeIgniter\Database\BaseConnection->simpleQuery('SELECT\r\n       ...')
#3 C:\xampp\htdocs\doonungset1\app\Models\Video_Model.php(370): CodeIgniter\Database\BaseConnection->query('SELECT\r\n       ...')
#4 C:\xampp\htdocs\doonungset1\app\Controllers\Home.php(328): App\Models\Video_Model->get_id_video_byyear('\xE0\xB8\xA7', 1)
#5 C:\xampp\htdocs\doonungset1\system\CodeIgniter.php(910): App\Controllers\Home->video_search('\xE0\xB8\xA7')
#6 C:\xampp\htdocs\doonungset1\system\CodeIgniter.php(398): CodeIgniter\CodeIgniter->runController(Object(App\Controllers\Home))
#7 C:\xampp\htdocs\doonungset1\system\CodeIgniter.php(306): CodeIgniter\CodeIgniter->handleRequest(NULL, Object(Config\Cache), false)
#8 C:\xampp\htdocs\doonungset1\public\index.php(45): CodeIgniter\CodeIgniter->run()
#9 {main}
CRITICAL - 2020-07-10 03:32:57 --> Undefined index: list
#0 C:\xampp\htdocs\doonungset1\app\Views\templates\search.php(51): CodeIgniter\Debug\Exceptions->errorHandler(8, 'Undefined index...', 'C:\\xampp\\htdocs...', 51, Array)
#1 C:\xampp\htdocs\doonungset1\system\View\View.php(236): include('C:\\xampp\\htdocs...')
#2 C:\xampp\htdocs\doonungset1\system\Common.php(1071): CodeIgniter\View\View->render('templates/searc...', Array, true)
#3 C:\xampp\htdocs\doonungset1\app\Controllers\Home.php(353): view('templates/searc...', Array, Array)
#4 C:\xampp\htdocs\doonungset1\system\CodeIgniter.php(910): App\Controllers\Home->video_search('\xE0\xB8\xA7')
#5 C:\xampp\htdocs\doonungset1\system\CodeIgniter.php(398): CodeIgniter\CodeIgniter->runController(Object(App\Controllers\Home))
#6 C:\xampp\htdocs\doonungset1\system\CodeIgniter.php(306): CodeIgniter\CodeIgniter->handleRequest(NULL, Object(Config\Cache), false)
#7 C:\xampp\htdocs\doonungset1\public\index.php(45): CodeIgniter\CodeIgniter->run()
#8 {main}
CRITICAL - 2020-07-10 03:34:24 --> You have an error in your SQL syntax; check the manual that corresponds to your MariaDB server version for the right syntax to use near '//           *
    //           FROM
    //           mo_movie
    //     ...' at line 2
#0 C:\xampp\htdocs\doonungset1\system\Database\MySQLi\Connection.php(330): mysqli->query('SELECT\r\n    // ...')
#1 C:\xampp\htdocs\doonungset1\system\Database\BaseConnection.php(738): CodeIgniter\Database\MySQLi\Connection->execute('SELECT\r\n    // ...')
#2 C:\xampp\htdocs\doonungset1\system\Database\BaseConnection.php(666): CodeIgniter\Database\BaseConnection->simpleQuery('SELECT\r\n    // ...')
#3 C:\xampp\htdocs\doonungset1\app\Models\Video_Model.php(417): CodeIgniter\Database\BaseConnection->query('SELECT\r\n    // ...')
#4 C:\xampp\htdocs\doonungset1\app\Controllers\Home.php(328): App\Models\Video_Model->get_list_video_search('\xE0\xB8\xA7', 1)
#5 C:\xampp\htdocs\doonungset1\system\CodeIgniter.php(910): App\Controllers\Home->video_search('\xE0\xB8\xA7')
#6 C:\xampp\htdocs\doonungset1\system\CodeIgniter.php(398): CodeIgniter\CodeIgniter->runController(Object(App\Controllers\Home))
#7 C:\xampp\htdocs\doonungset1\system\CodeIgniter.php(306): CodeIgniter\CodeIgniter->handleRequest(NULL, Object(Config\Cache), false)
#8 C:\xampp\htdocs\doonungset1\public\index.php(45): CodeIgniter\CodeIgniter->run()
#9 {main}
CRITICAL - 2020-07-10 03:34:51 --> You have an error in your SQL syntax; check the manual that corresponds to your MariaDB server version for the right syntax to use near '//           *
    //           FROM
    //           mo_movie
    //     ...' at line 2
#0 C:\xampp\htdocs\doonungset1\system\Database\MySQLi\Connection.php(330): mysqli->query('SELECT\r\n    // ...')
#1 C:\xampp\htdocs\doonungset1\system\Database\BaseConnection.php(738): CodeIgniter\Database\MySQLi\Connection->execute('SELECT\r\n    // ...')
#2 C:\xampp\htdocs\doonungset1\system\Database\BaseConnection.php(666): CodeIgniter\Database\BaseConnection->simpleQuery('SELECT\r\n    // ...')
#3 C:\xampp\htdocs\doonungset1\app\Models\Video_Model.php(417): CodeIgniter\Database\BaseConnection->query('SELECT\r\n    // ...')
#4 C:\xampp\htdocs\doonungset1\app\Controllers\Home.php(328): App\Models\Video_Model->get_list_video_search('\xE0\xB8\xA7', 1)
#5 C:\xampp\htdocs\doonungset1\system\CodeIgniter.php(910): App\Controllers\Home->video_search('\xE0\xB8\xA7')
#6 C:\xampp\htdocs\doonungset1\system\CodeIgniter.php(398): CodeIgniter\CodeIgniter->runController(Object(App\Controllers\Home))
#7 C:\xampp\htdocs\doonungset1\system\CodeIgniter.php(306): CodeIgniter\CodeIgniter->handleRequest(NULL, Object(Config\Cache), false)
#8 C:\xampp\htdocs\doonungset1\public\index.php(45): CodeIgniter\CodeIgniter->run()
#9 {main}
CRITICAL - 2020-07-10 03:35:57 --> Undefined variable: page
#0 C:\xampp\htdocs\doonungset1\app\Models\Video_Model.php(423): CodeIgniter\Debug\Exceptions->errorHandler(8, 'Undefined varia...', 'C:\\xampp\\htdocs...', 423, Array)
#1 C:\xampp\htdocs\doonungset1\app\Controllers\Home.php(328): App\Models\Video_Model->get_list_video_search('\xE0\xB8\xA7', 1)
#2 C:\xampp\htdocs\doonungset1\system\CodeIgniter.php(910): App\Controllers\Home->video_search('\xE0\xB8\xA7')
#3 C:\xampp\htdocs\doonungset1\system\CodeIgniter.php(398): CodeIgniter\CodeIgniter->runController(Object(App\Controllers\Home))
#4 C:\xampp\htdocs\doonungset1\system\CodeIgniter.php(306): CodeIgniter\CodeIgniter->handleRequest(NULL, Object(Config\Cache), false)
#5 C:\xampp\htdocs\doonungset1\public\index.php(45): CodeIgniter\CodeIgniter->run()
#6 {main}
CRITICAL - 2020-07-10 03:43:42 --> Undefined index: movie
#0 C:\xampp\htdocs\doonungset1\app\Controllers\Home.php(300): CodeIgniter\Debug\Exceptions->errorHandler(8, 'Undefined index...', 'C:\\xampp\\htdocs...', 300, Array)
#1 C:\xampp\htdocs\doonungset1\system\CodeIgniter.php(910): App\Controllers\Home->player('583', 'movie', 'adsvdo', '1588421549_969c...')
#2 C:\xampp\htdocs\doonungset1\system\CodeIgniter.php(398): CodeIgniter\CodeIgniter->runController(Object(App\Controllers\Home))
#3 C:\xampp\htdocs\doonungset1\system\CodeIgniter.php(306): CodeIgniter\CodeIgniter->handleRequest(NULL, Object(Config\Cache), false)
#4 C:\xampp\htdocs\doonungset1\public\index.php(45): CodeIgniter\CodeIgniter->run()
#5 {main}
CRITICAL - 2020-07-10 03:43:44 --> Undefined index: movie
#0 C:\xampp\htdocs\doonungset1\app\Controllers\Home.php(300): CodeIgniter\Debug\Exceptions->errorHandler(8, 'Undefined index...', 'C:\\xampp\\htdocs...', 300, Array)
#1 C:\xampp\htdocs\doonungset1\system\CodeIgniter.php(910): App\Controllers\Home->player('583', 'movie', 'adsvdo', '1588421549_969c...')
#2 C:\xampp\htdocs\doonungset1\system\CodeIgniter.php(398): CodeIgniter\CodeIgniter->runController(Object(App\Controllers\Home))
#3 C:\xampp\htdocs\doonungset1\system\CodeIgniter.php(306): CodeIgniter\CodeIgniter->handleRequest(NULL, Object(Config\Cache), false)
#4 C:\xampp\htdocs\doonungset1\public\index.php(45): CodeIgniter\CodeIgniter->run()
#5 {main}
CRITICAL - 2020-07-10 03:43:44 --> Undefined index: movie
#0 C:\xampp\htdocs\doonungset1\app\Controllers\Home.php(300): CodeIgniter\Debug\Exceptions->errorHandler(8, 'Undefined index...', 'C:\\xampp\\htdocs...', 300, Array)
#1 C:\xampp\htdocs\doonungset1\system\CodeIgniter.php(910): App\Controllers\Home->player('583', 'movie', 'adsvdo', '1590390745_c793...')
#2 C:\xampp\htdocs\doonungset1\system\CodeIgniter.php(398): CodeIgniter\CodeIgniter->runController(Object(App\Controllers\Home))
#3 C:\xampp\htdocs\doonungset1\system\CodeIgniter.php(306): CodeIgniter\CodeIgniter->handleRequest(NULL, Object(Config\Cache), false)
#4 C:\xampp\htdocs\doonungset1\public\index.php(45): CodeIgniter\CodeIgniter->run()
#5 {main}
CRITICAL - 2020-07-10 04:19:38 --> Undefined index: movie
#0 C:\xampp\htdocs\doonungset1\app\Controllers\Home.php(300): CodeIgniter\Debug\Exceptions->errorHandler(8, 'Undefined index...', 'C:\\xampp\\htdocs...', 300, Array)
#1 C:\xampp\htdocs\doonungset1\system\CodeIgniter.php(910): App\Controllers\Home->player('3542', 'movie', 'adsvdo', '1588421549_969c...')
#2 C:\xampp\htdocs\doonungset1\system\CodeIgniter.php(398): CodeIgniter\CodeIgniter->runController(Object(App\Controllers\Home))
#3 C:\xampp\htdocs\doonungset1\system\CodeIgniter.php(306): CodeIgniter\CodeIgniter->handleRequest(NULL, Object(Config\Cache), false)
#4 C:\xampp\htdocs\doonungset1\public\index.php(45): CodeIgniter\CodeIgniter->run()
#5 {main}
CRITICAL - 2020-07-10 04:19:39 --> Undefined index: movie
#0 C:\xampp\htdocs\doonungset1\app\Controllers\Home.php(300): CodeIgniter\Debug\Exceptions->errorHandler(8, 'Undefined index...', 'C:\\xampp\\htdocs...', 300, Array)
#1 C:\xampp\htdocs\doonungset1\system\CodeIgniter.php(910): App\Controllers\Home->player('3542', 'movie', 'adsvdo', '1588421549_969c...')
#2 C:\xampp\htdocs\doonungset1\system\CodeIgniter.php(398): CodeIgniter\CodeIgniter->runController(Object(App\Controllers\Home))
#3 C:\xampp\htdocs\doonungset1\system\CodeIgniter.php(306): CodeIgniter\CodeIgniter->handleRequest(NULL, Object(Config\Cache), false)
#4 C:\xampp\htdocs\doonungset1\public\index.php(45): CodeIgniter\CodeIgniter->run()
#5 {main}
CRITICAL - 2020-07-10 04:19:39 --> Undefined index: movie
#0 C:\xampp\htdocs\doonungset1\app\Controllers\Home.php(300): CodeIgniter\Debug\Exceptions->errorHandler(8, 'Undefined index...', 'C:\\xampp\\htdocs...', 300, Array)
#1 C:\xampp\htdocs\doonungset1\system\CodeIgniter.php(910): App\Controllers\Home->player('3542', 'movie', 'adsvdo', '1590390745_c793...')
#2 C:\xampp\htdocs\doonungset1\system\CodeIgniter.php(398): CodeIgniter\CodeIgniter->runController(Object(App\Controllers\Home))
#3 C:\xampp\htdocs\doonungset1\system\CodeIgniter.php(306): CodeIgniter\CodeIgniter->handleRequest(NULL, Object(Config\Cache), false)
#4 C:\xampp\htdocs\doonungset1\public\index.php(45): CodeIgniter\CodeIgniter->run()
#5 {main}
CRITICAL - 2020-07-10 04:19:43 --> Undefined index: movie
#0 C:\xampp\htdocs\doonungset1\app\Controllers\Home.php(300): CodeIgniter\Debug\Exceptions->errorHandler(8, 'Undefined index...', 'C:\\xampp\\htdocs...', 300, Array)
#1 C:\xampp\htdocs\doonungset1\system\CodeIgniter.php(910): App\Controllers\Home->player('3542', 'movie', 'adsvdo', '1588421549_969c...')
#2 C:\xampp\htdocs\doonungset1\system\CodeIgniter.php(398): CodeIgniter\CodeIgniter->runController(Object(App\Controllers\Home))
#3 C:\xampp\htdocs\doonungset1\system\CodeIgniter.php(306): CodeIgniter\CodeIgniter->handleRequest(NULL, Object(Config\Cache), false)
#4 C:\xampp\htdocs\doonungset1\public\index.php(45): CodeIgniter\CodeIgniter->run()
#5 {main}
CRITICAL - 2020-07-10 04:19:44 --> Undefined index: movie
#0 C:\xampp\htdocs\doonungset1\app\Controllers\Home.php(300): CodeIgniter\Debug\Exceptions->errorHandler(8, 'Undefined index...', 'C:\\xampp\\htdocs...', 300, Array)
#1 C:\xampp\htdocs\doonungset1\system\CodeIgniter.php(910): App\Controllers\Home->player('3542', 'movie', 'adsvdo', '1588421549_969c...')
#2 C:\xampp\htdocs\doonungset1\system\CodeIgniter.php(398): CodeIgniter\CodeIgniter->runController(Object(App\Controllers\Home))
#3 C:\xampp\htdocs\doonungset1\system\CodeIgniter.php(306): CodeIgniter\CodeIgniter->handleRequest(NULL, Object(Config\Cache), false)
#4 C:\xampp\htdocs\doonungset1\public\index.php(45): CodeIgniter\CodeIgniter->run()
#5 {main}
CRITICAL - 2020-07-10 04:19:44 --> Undefined index: movie
#0 C:\xampp\htdocs\doonungset1\app\Controllers\Home.php(300): CodeIgniter\Debug\Exceptions->errorHandler(8, 'Undefined index...', 'C:\\xampp\\htdocs...', 300, Array)
#1 C:\xampp\htdocs\doonungset1\system\CodeIgniter.php(910): App\Controllers\Home->player('3542', 'movie', 'adsvdo', '1590390745_c793...')
#2 C:\xampp\htdocs\doonungset1\system\CodeIgniter.php(398): CodeIgniter\CodeIgniter->runController(Object(App\Controllers\Home))
#3 C:\xampp\htdocs\doonungset1\system\CodeIgniter.php(306): CodeIgniter\CodeIgniter->handleRequest(NULL, Object(Config\Cache), false)
#4 C:\xampp\htdocs\doonungset1\public\index.php(45): CodeIgniter\CodeIgniter->run()
#5 {main}
CRITICAL - 2020-07-10 04:24:33 --> Undefined variable: value
#0 C:\xampp\htdocs\doonungset1\app\Views\templates\header.php(173): CodeIgniter\Debug\Exceptions->errorHandler(8, 'Undefined varia...', 'C:\\xampp\\htdocs...', 173, Array)
#1 C:\xampp\htdocs\doonungset1\system\View\View.php(236): include('C:\\xampp\\htdocs...')
#2 C:\xampp\htdocs\doonungset1\system\Common.php(1071): CodeIgniter\View\View->render('templates/heade...', Array, true)
#3 C:\xampp\htdocs\doonungset1\app\Controllers\Home.php(283): view('templates/heade...', Array)
#4 C:\xampp\htdocs\doonungset1\system\CodeIgniter.php(910): App\Controllers\Home->video('3542', 'main')
#5 C:\xampp\htdocs\doonungset1\system\CodeIgniter.php(398): CodeIgniter\CodeIgniter->runController(Object(App\Controllers\Home))
#6 C:\xampp\htdocs\doonungset1\system\CodeIgniter.php(306): CodeIgniter\CodeIgniter->handleRequest(NULL, Object(Config\Cache), false)
#7 C:\xampp\htdocs\doonungset1\public\index.php(45): CodeIgniter\CodeIgniter->run()
#8 {main}
CRITICAL - 2020-07-10 04:24:52 --> Undefined index: movie
#0 C:\xampp\htdocs\doonungset1\app\Controllers\Home.php(300): CodeIgniter\Debug\Exceptions->errorHandler(8, 'Undefined index...', 'C:\\xampp\\htdocs...', 300, Array)
#1 C:\xampp\htdocs\doonungset1\system\CodeIgniter.php(910): App\Controllers\Home->player('3542', 'movie', 'adsvdo', '1588421549_969c...')
#2 C:\xampp\htdocs\doonungset1\system\CodeIgniter.php(398): CodeIgniter\CodeIgniter->runController(Object(App\Controllers\Home))
#3 C:\xampp\htdocs\doonungset1\system\CodeIgniter.php(306): CodeIgniter\CodeIgniter->handleRequest(NULL, Object(Config\Cache), false)
#4 C:\xampp\htdocs\doonungset1\public\index.php(45): CodeIgniter\CodeIgniter->run()
#5 {main}
CRITICAL - 2020-07-10 06:24:07 --> syntax error, unexpected 'if' (T_IF)
#0 C:\xampp\htdocs\doonungset1\system\CodeIgniter.php(358): CodeIgniter\CodeIgniter->tryToRouteIt(NULL)
#1 C:\xampp\htdocs\doonungset1\system\CodeIgniter.php(306): CodeIgniter\CodeIgniter->handleRequest(NULL, Object(Config\Cache), false)
#2 C:\xampp\htdocs\doonungset1\public\index.php(45): CodeIgniter\CodeIgniter->run()
#3 {main}
CRITICAL - 2020-07-10 06:25:46 --> Undefined index: movie
#0 C:\xampp\htdocs\doonungset1\app\Controllers\Home.php(300): CodeIgniter\Debug\Exceptions->errorHandler(8, 'Undefined index...', 'C:\\xampp\\htdocs...', 300, Array)
#1 C:\xampp\htdocs\doonungset1\system\CodeIgniter.php(910): App\Controllers\Home->player('76', 'movie', 'adsvdo', '1588421549_969c...')
#2 C:\xampp\htdocs\doonungset1\system\CodeIgniter.php(398): CodeIgniter\CodeIgniter->runController(Object(App\Controllers\Home))
#3 C:\xampp\htdocs\doonungset1\system\CodeIgniter.php(306): CodeIgniter\CodeIgniter->handleRequest(NULL, Object(Config\Cache), false)
#4 C:\xampp\htdocs\doonungset1\public\index.php(45): CodeIgniter\CodeIgniter->run()
#5 {main}
