CRITICAL - 2020-09-25 01:05:27 --> Access denied for user '****'@'183.88.79.65' (using password: YES)
#0 C:\xampp\htdocs\newmovie\system\Database\BaseConnection.php(377): CodeIgniter\Database\MySQLi\Connection->connect(false)
#1 C:\xampp\htdocs\newmovie\system\Database\BaseConnection.php(643): CodeIgniter\Database\BaseConnection->initialize()
#2 C:\xampp\htdocs\newmovie\app\Models\Video_Model.php(305): CodeIgniter\Database\BaseConnection->query('SELECT * FROM `...')
#3 C:\xampp\htdocs\newmovie\app\Controllers\Home.php(43): App\Models\Video_Model->get_setting(1)
#4 C:\xampp\htdocs\newmovie\system\CodeIgniter.php(910): App\Controllers\Home->index()
#5 C:\xampp\htdocs\newmovie\system\CodeIgniter.php(398): CodeIgniter\CodeIgniter->runController(Object(App\Controllers\Home))
#6 C:\xampp\htdocs\newmovie\system\CodeIgniter.php(306): CodeIgniter\CodeIgniter->handleRequest(NULL, Object(Config\Cache), false)
#7 C:\xampp\htdocs\newmovie\index.php(45): CodeIgniter\CodeIgniter->run()
#8 {main}
CRITICAL - 2020-09-25 01:05:29 --> Access denied for user '****'@'183.88.79.65' (using password: YES)
#0 C:\xampp\htdocs\newmovie\system\Database\BaseConnection.php(377): CodeIgniter\Database\MySQLi\Connection->connect(false)
#1 C:\xampp\htdocs\newmovie\system\Database\BaseConnection.php(643): CodeIgniter\Database\BaseConnection->initialize()
#2 C:\xampp\htdocs\newmovie\app\Models\Video_Model.php(305): CodeIgniter\Database\BaseConnection->query('SELECT * FROM `...')
#3 C:\xampp\htdocs\newmovie\app\Controllers\Home.php(43): App\Models\Video_Model->get_setting(1)
#4 C:\xampp\htdocs\newmovie\system\CodeIgniter.php(910): App\Controllers\Home->index()
#5 C:\xampp\htdocs\newmovie\system\CodeIgniter.php(398): CodeIgniter\CodeIgniter->runController(Object(App\Controllers\Home))
#6 C:\xampp\htdocs\newmovie\system\CodeIgniter.php(306): CodeIgniter\CodeIgniter->handleRequest(NULL, Object(Config\Cache), false)
#7 C:\xampp\htdocs\newmovie\index.php(45): CodeIgniter\CodeIgniter->run()
#8 {main}
CRITICAL - 2020-09-25 01:05:33 --> Access denied for user '****'@'183.88.79.65' (using password: YES)
#0 C:\xampp\htdocs\newmovie\system\Database\BaseConnection.php(377): CodeIgniter\Database\MySQLi\Connection->connect(false)
#1 C:\xampp\htdocs\newmovie\system\Database\BaseConnection.php(643): CodeIgniter\Database\BaseConnection->initialize()
#2 C:\xampp\htdocs\newmovie\app\Models\Video_Model.php(305): CodeIgniter\Database\BaseConnection->query('SELECT * FROM `...')
#3 C:\xampp\htdocs\newmovie\app\Controllers\Home.php(43): App\Models\Video_Model->get_setting(1)
#4 C:\xampp\htdocs\newmovie\system\CodeIgniter.php(910): App\Controllers\Home->index()
#5 C:\xampp\htdocs\newmovie\system\CodeIgniter.php(398): CodeIgniter\CodeIgniter->runController(Object(App\Controllers\Home))
#6 C:\xampp\htdocs\newmovie\system\CodeIgniter.php(306): CodeIgniter\CodeIgniter->handleRequest(NULL, Object(Config\Cache), false)
#7 C:\xampp\htdocs\newmovie\public\index.php(45): CodeIgniter\CodeIgniter->run()
#8 {main}
CRITICAL - 2020-09-25 01:05:33 --> Access denied for user '****'@'183.88.79.65' (using password: YES)
#0 C:\xampp\htdocs\newmovie\system\Database\BaseConnection.php(377): CodeIgniter\Database\MySQLi\Connection->connect(false)
#1 C:\xampp\htdocs\newmovie\system\Database\BaseConnection.php(643): CodeIgniter\Database\BaseConnection->initialize()
#2 C:\xampp\htdocs\newmovie\app\Models\Video_Model.php(305): CodeIgniter\Database\BaseConnection->query('SELECT * FROM `...')
#3 C:\xampp\htdocs\newmovie\app\Controllers\Home.php(43): App\Models\Video_Model->get_setting(1)
#4 C:\xampp\htdocs\newmovie\system\CodeIgniter.php(910): App\Controllers\Home->index()
#5 C:\xampp\htdocs\newmovie\system\CodeIgniter.php(398): CodeIgniter\CodeIgniter->runController(Object(App\Controllers\Home))
#6 C:\xampp\htdocs\newmovie\system\CodeIgniter.php(306): CodeIgniter\CodeIgniter->handleRequest(NULL, Object(Config\Cache), false)
#7 C:\xampp\htdocs\newmovie\public\index.php(45): CodeIgniter\CodeIgniter->run()
#8 {main}
CRITICAL - 2020-09-25 01:08:03 --> Access denied for user '****'@'183.88.79.65' (using password: YES)
#0 C:\xampp\htdocs\newmovie\system\Database\BaseConnection.php(377): CodeIgniter\Database\MySQLi\Connection->connect(false)
#1 C:\xampp\htdocs\newmovie\system\Database\BaseConnection.php(643): CodeIgniter\Database\BaseConnection->initialize()
#2 C:\xampp\htdocs\newmovie\app\Models\Video_Model.php(305): CodeIgniter\Database\BaseConnection->query('SELECT * FROM `...')
#3 C:\xampp\htdocs\newmovie\app\Controllers\Home.php(43): App\Models\Video_Model->get_setting(1)
#4 C:\xampp\htdocs\newmovie\system\CodeIgniter.php(910): App\Controllers\Home->index()
#5 C:\xampp\htdocs\newmovie\system\CodeIgniter.php(398): CodeIgniter\CodeIgniter->runController(Object(App\Controllers\Home))
#6 C:\xampp\htdocs\newmovie\system\CodeIgniter.php(306): CodeIgniter\CodeIgniter->handleRequest(NULL, Object(Config\Cache), false)
#7 C:\xampp\htdocs\newmovie\public\index.php(45): CodeIgniter\CodeIgniter->run()
#8 {main}
CRITICAL - 2020-09-25 01:08:08 --> Access denied for user '****'@'183.88.79.65' (using password: YES)
#0 C:\xampp\htdocs\newmovie\system\Database\BaseConnection.php(377): CodeIgniter\Database\MySQLi\Connection->connect(false)
#1 C:\xampp\htdocs\newmovie\system\Database\BaseConnection.php(643): CodeIgniter\Database\BaseConnection->initialize()
#2 C:\xampp\htdocs\newmovie\app\Models\Video_Model.php(305): CodeIgniter\Database\BaseConnection->query('SELECT * FROM `...')
#3 C:\xampp\htdocs\newmovie\app\Controllers\Home.php(43): App\Models\Video_Model->get_setting(1)
#4 C:\xampp\htdocs\newmovie\system\CodeIgniter.php(910): App\Controllers\Home->index()
#5 C:\xampp\htdocs\newmovie\system\CodeIgniter.php(398): CodeIgniter\CodeIgniter->runController(Object(App\Controllers\Home))
#6 C:\xampp\htdocs\newmovie\system\CodeIgniter.php(306): CodeIgniter\CodeIgniter->handleRequest(NULL, Object(Config\Cache), false)
#7 C:\xampp\htdocs\newmovie\public\index.php(45): CodeIgniter\CodeIgniter->run()
#8 {main}
CRITICAL - 2020-09-25 01:08:31 --> Access denied for user '****'@'183.88.79.65' (using password: YES)
#0 C:\xampp\htdocs\newmovie\system\Database\BaseConnection.php(377): CodeIgniter\Database\MySQLi\Connection->connect(false)
#1 C:\xampp\htdocs\newmovie\system\Database\BaseConnection.php(643): CodeIgniter\Database\BaseConnection->initialize()
#2 C:\xampp\htdocs\newmovie\app\Models\Video_Model.php(305): CodeIgniter\Database\BaseConnection->query('SELECT * FROM `...')
#3 C:\xampp\htdocs\newmovie\app\Controllers\Home.php(43): App\Models\Video_Model->get_setting(1)
#4 C:\xampp\htdocs\newmovie\system\CodeIgniter.php(910): App\Controllers\Home->index()
#5 C:\xampp\htdocs\newmovie\system\CodeIgniter.php(398): CodeIgniter\CodeIgniter->runController(Object(App\Controllers\Home))
#6 C:\xampp\htdocs\newmovie\system\CodeIgniter.php(306): CodeIgniter\CodeIgniter->handleRequest(NULL, Object(Config\Cache), false)
#7 C:\xampp\htdocs\newmovie\public\index.php(45): CodeIgniter\CodeIgniter->run()
#8 {main}
CRITICAL - 2020-09-25 01:08:46 --> Access denied for user '****'@'183.88.79.65' (using password: YES)
#0 C:\xampp\htdocs\newmovie\system\Database\BaseConnection.php(377): CodeIgniter\Database\MySQLi\Connection->connect(false)
#1 C:\xampp\htdocs\newmovie\system\Database\BaseConnection.php(643): CodeIgniter\Database\BaseConnection->initialize()
#2 C:\xampp\htdocs\newmovie\app\Models\Video_Model.php(305): CodeIgniter\Database\BaseConnection->query('SELECT * FROM `...')
#3 C:\xampp\htdocs\newmovie\app\Controllers\Home.php(43): App\Models\Video_Model->get_setting(1)
#4 C:\xampp\htdocs\newmovie\system\CodeIgniter.php(910): App\Controllers\Home->index()
#5 C:\xampp\htdocs\newmovie\system\CodeIgniter.php(398): CodeIgniter\CodeIgniter->runController(Object(App\Controllers\Home))
#6 C:\xampp\htdocs\newmovie\system\CodeIgniter.php(306): CodeIgniter\CodeIgniter->handleRequest(NULL, Object(Config\Cache), false)
#7 C:\xampp\htdocs\newmovie\public\index.php(45): CodeIgniter\CodeIgniter->run()
#8 {main}
CRITICAL - 2020-09-25 03:12:48 --> Undefined variable: index
#0 C:\xampp\htdocs\newmovie\app\Views\templates\video.php(114): CodeIgniter\Debug\Exceptions->errorHandler(8, 'Undefined varia...', 'C:\\xampp\\htdocs...', 114, Array)
#1 C:\xampp\htdocs\newmovie\system\View\View.php(236): include('C:\\xampp\\htdocs...')
#2 C:\xampp\htdocs\newmovie\system\Common.php(1071): CodeIgniter\View\View->render('templates/video...', Array, true)
#3 C:\xampp\htdocs\newmovie\app\Controllers\Home.php(412): view('templates/video...', Array)
#4 C:\xampp\htdocs\newmovie\system\CodeIgniter.php(910): App\Controllers\Home->video_series('9797', '\xE0\xB8\x94\xE0\xB8\xB9\xE0\xB8\xAB\xE0\xB8\x99\xE0\xB8\xB1...', '32', 'Ep.33-%E0%B8%88...')
#5 C:\xampp\htdocs\newmovie\system\CodeIgniter.php(398): CodeIgniter\CodeIgniter->runController(Object(App\Controllers\Home))
#6 C:\xampp\htdocs\newmovie\system\CodeIgniter.php(306): CodeIgniter\CodeIgniter->handleRequest(NULL, Object(Config\Cache), false)
#7 C:\xampp\htdocs\newmovie\public\index.php(45): CodeIgniter\CodeIgniter->run()
#8 {main}
CRITICAL - 2020-09-25 03:16:12 --> Undefined variable: index
#0 C:\xampp\htdocs\newmovie\app\Views\templates\video.php(114): CodeIgniter\Debug\Exceptions->errorHandler(8, 'Undefined varia...', 'C:\\xampp\\htdocs...', 114, Array)
#1 C:\xampp\htdocs\newmovie\system\View\View.php(236): include('C:\\xampp\\htdocs...')
#2 C:\xampp\htdocs\newmovie\system\Common.php(1071): CodeIgniter\View\View->render('templates/video...', Array, true)
#3 C:\xampp\htdocs\newmovie\app\Controllers\Home.php(404): view('templates/video...', Array)
#4 C:\xampp\htdocs\newmovie\system\CodeIgniter.php(910): App\Controllers\Home->video_series('9797', '\xE0\xB8\x94\xE0\xB8\xB9\xE0\xB8\xAB\xE0\xB8\x99\xE0\xB8\xB1...', '32', 'Ep.33-%E0%B8%88...')
#5 C:\xampp\htdocs\newmovie\system\CodeIgniter.php(398): CodeIgniter\CodeIgniter->runController(Object(App\Controllers\Home))
#6 C:\xampp\htdocs\newmovie\system\CodeIgniter.php(306): CodeIgniter\CodeIgniter->handleRequest(NULL, Object(Config\Cache), false)
#7 C:\xampp\htdocs\newmovie\public\index.php(45): CodeIgniter\CodeIgniter->run()
#8 {main}
CRITICAL - 2020-09-25 03:17:02 --> Undefined offset: 32
#0 C:\xampp\htdocs\newmovie\app\Controllers\Home.php(507): CodeIgniter\Debug\Exceptions->errorHandler(8, 'Undefined offse...', 'C:\\xampp\\htdocs...', 507, Array)
#1 C:\xampp\htdocs\newmovie\system\CodeIgniter.php(910): App\Controllers\Home->player('9797', '32')
#2 C:\xampp\htdocs\newmovie\system\CodeIgniter.php(398): CodeIgniter\CodeIgniter->runController(Object(App\Controllers\Home))
#3 C:\xampp\htdocs\newmovie\system\CodeIgniter.php(306): CodeIgniter\CodeIgniter->handleRequest(NULL, Object(Config\Cache), false)
#4 C:\xampp\htdocs\newmovie\public\index.php(45): CodeIgniter\CodeIgniter->run()
#5 {main}
CRITICAL - 2020-09-25 03:19:10 --> Undefined offset: 32
#0 C:\xampp\htdocs\newmovie\app\Controllers\Home.php(507): CodeIgniter\Debug\Exceptions->errorHandler(8, 'Undefined offse...', 'C:\\xampp\\htdocs...', 507, Array)
#1 C:\xampp\htdocs\newmovie\system\CodeIgniter.php(910): App\Controllers\Home->player('9797', '32')
#2 C:\xampp\htdocs\newmovie\system\CodeIgniter.php(398): CodeIgniter\CodeIgniter->runController(Object(App\Controllers\Home))
#3 C:\xampp\htdocs\newmovie\system\CodeIgniter.php(306): CodeIgniter\CodeIgniter->handleRequest(NULL, Object(Config\Cache), false)
#4 C:\xampp\htdocs\newmovie\public\index.php(45): CodeIgniter\CodeIgniter->run()
#5 {main}
CRITICAL - 2020-09-25 03:20:05 --> Undefined offset: 32
#0 C:\xampp\htdocs\newmovie\app\Controllers\Home.php(507): CodeIgniter\Debug\Exceptions->errorHandler(8, 'Undefined offse...', 'C:\\xampp\\htdocs...', 507, Array)
#1 C:\xampp\htdocs\newmovie\system\CodeIgniter.php(910): App\Controllers\Home->player('9797', '32')
#2 C:\xampp\htdocs\newmovie\system\CodeIgniter.php(398): CodeIgniter\CodeIgniter->runController(Object(App\Controllers\Home))
#3 C:\xampp\htdocs\newmovie\system\CodeIgniter.php(306): CodeIgniter\CodeIgniter->handleRequest(NULL, Object(Config\Cache), false)
#4 C:\xampp\htdocs\newmovie\public\index.php(45): CodeIgniter\CodeIgniter->run()
#5 {main}
CRITICAL - 2020-09-25 03:26:30 --> Undefined offset: 32
#0 C:\xampp\htdocs\newmovie\app\Controllers\Home.php(507): CodeIgniter\Debug\Exceptions->errorHandler(8, 'Undefined offse...', 'C:\\xampp\\htdocs...', 507, Array)
#1 C:\xampp\htdocs\newmovie\system\CodeIgniter.php(910): App\Controllers\Home->player('9797', '32')
#2 C:\xampp\htdocs\newmovie\system\CodeIgniter.php(398): CodeIgniter\CodeIgniter->runController(Object(App\Controllers\Home))
#3 C:\xampp\htdocs\newmovie\system\CodeIgniter.php(306): CodeIgniter\CodeIgniter->handleRequest(NULL, Object(Config\Cache), false)
#4 C:\xampp\htdocs\newmovie\public\index.php(45): CodeIgniter\CodeIgniter->run()
#5 {main}
CRITICAL - 2020-09-25 03:27:06 --> Undefined offset: 32
#0 C:\xampp\htdocs\newmovie\app\Controllers\Home.php(507): CodeIgniter\Debug\Exceptions->errorHandler(8, 'Undefined offse...', 'C:\\xampp\\htdocs...', 507, Array)
#1 C:\xampp\htdocs\newmovie\system\CodeIgniter.php(910): App\Controllers\Home->player('9797', '32')
#2 C:\xampp\htdocs\newmovie\system\CodeIgniter.php(398): CodeIgniter\CodeIgniter->runController(Object(App\Controllers\Home))
#3 C:\xampp\htdocs\newmovie\system\CodeIgniter.php(306): CodeIgniter\CodeIgniter->handleRequest(NULL, Object(Config\Cache), false)
#4 C:\xampp\htdocs\newmovie\public\index.php(45): CodeIgniter\CodeIgniter->run()
#5 {main}
CRITICAL - 2020-09-25 03:27:52 --> Undefined variable: video_data
#0 C:\xampp\htdocs\newmovie\app\Controllers\Home.php(511): CodeIgniter\Debug\Exceptions->errorHandler(8, 'Undefined varia...', 'C:\\xampp\\htdocs...', 511, Array)
#1 C:\xampp\htdocs\newmovie\system\CodeIgniter.php(910): App\Controllers\Home->player('9797', 'movie_thmain', '32')
#2 C:\xampp\htdocs\newmovie\system\CodeIgniter.php(398): CodeIgniter\CodeIgniter->runController(Object(App\Controllers\Home))
#3 C:\xampp\htdocs\newmovie\system\CodeIgniter.php(306): CodeIgniter\CodeIgniter->handleRequest(NULL, Object(Config\Cache), false)
#4 C:\xampp\htdocs\newmovie\public\index.php(45): CodeIgniter\CodeIgniter->run()
#5 {main}
