CRITICAL - 2020-07-30 01:15:13 --> Class 'App\Models\Video_Model' not found
#0 /home2/gumovie/public_html/system/CodeIgniter.php(882): App\Controllers\Home->__construct()
#1 /home2/gumovie/public_html/system/CodeIgniter.php(393): CodeIgniter\CodeIgniter->createController()
#2 /home2/gumovie/public_html/system/CodeIgniter.php(306): CodeIgniter\CodeIgniter->handleRequest(NULL, Object(Config\Cache), false)
#3 /home2/gumovie/public_html/public/index.php(45): CodeIgniter\CodeIgniter->run()
#4 {main}
CRITICAL - 2020-07-30 02:42:54 --> Unknown column 'mo_movie.mvoie_id' in 'order clause'
#0 /home2/gumovie/public_html/system/Database/MySQLi/Connection.php(330): mysqli->query('SELECT\n\n       ...')
#1 /home2/gumovie/public_html/system/Database/BaseConnection.php(738): CodeIgniter\Database\MySQLi\Connection->execute('SELECT\n\n       ...')
#2 /home2/gumovie/public_html/system/Database/BaseConnection.php(666): CodeIgniter\Database\BaseConnection->simpleQuery('SELECT\n\n       ...')
#3 /home2/gumovie/public_html/app/Models/Video_Model.php(203): CodeIgniter\Database\BaseConnection->query('SELECT\n\n       ...')
#4 /home2/gumovie/public_html/app/Controllers/Home.php(47): App\Models\Video_Model->get_list_video(1, '', 1)
#5 /home2/gumovie/public_html/system/CodeIgniter.php(910): App\Controllers\Home->index()
#6 /home2/gumovie/public_html/system/CodeIgniter.php(398): CodeIgniter\CodeIgniter->runController(Object(App\Controllers\Home))
#7 /home2/gumovie/public_html/system/CodeIgniter.php(306): CodeIgniter\CodeIgniter->handleRequest(NULL, Object(Config\Cache), false)
#8 /home2/gumovie/public_html/public/index.php(45): CodeIgniter\CodeIgniter->run()
#9 {main}
CRITICAL - 2020-07-30 02:43:07 --> Class 'App\Models\Video_Model' not found
#0 /home2/gumovie/public_html/system/CodeIgniter.php(882): App\Controllers\Home->__construct()
#1 /home2/gumovie/public_html/system/CodeIgniter.php(393): CodeIgniter\CodeIgniter->createController()
#2 /home2/gumovie/public_html/system/CodeIgniter.php(306): CodeIgniter\CodeIgniter->handleRequest(NULL, Object(Config\Cache), false)
#3 /home2/gumovie/public_html/public/index.php(45): CodeIgniter\CodeIgniter->run()
#4 {main}
CRITICAL - 2020-07-30 05:50:17 --> syntax error, unexpected 'echo' (T_ECHO)
#0 /home2/gumovie/public_html/system/Autoloader/Autoloader.php(296): CodeIgniter\Autoloader\Autoloader->requireFile('/home2/gumovie/...')
#1 /home2/gumovie/public_html/system/Autoloader/Autoloader.php(258): CodeIgniter\Autoloader\Autoloader->loadInNamespace('App\\Controllers...')
#2 [internal function]: CodeIgniter\Autoloader\Autoloader->loadClass('App\\Controllers...')
#3 [internal function]: spl_autoload_call('App\\Controllers...')
#4 /home2/gumovie/public_html/system/CodeIgniter.php(861): class_exists('\\App\\Controller...', true)
#5 /home2/gumovie/public_html/system/CodeIgniter.php(388): CodeIgniter\CodeIgniter->startController()
#6 /home2/gumovie/public_html/system/CodeIgniter.php(306): CodeIgniter\CodeIgniter->handleRequest(NULL, Object(Config\Cache), false)
#7 /home2/gumovie/public_html/public/index.php(45): CodeIgniter\CodeIgniter->run()
#8 {main}
CRITICAL - 2020-07-30 05:52:23 --> syntax error, unexpected 'echo' (T_ECHO)
#0 /home2/gumovie/public_html/system/Autoloader/Autoloader.php(296): CodeIgniter\Autoloader\Autoloader->requireFile('/home2/gumovie/...')
#1 /home2/gumovie/public_html/system/Autoloader/Autoloader.php(258): CodeIgniter\Autoloader\Autoloader->loadInNamespace('App\\Controllers...')
#2 [internal function]: CodeIgniter\Autoloader\Autoloader->loadClass('App\\Controllers...')
#3 [internal function]: spl_autoload_call('App\\Controllers...')
#4 /home2/gumovie/public_html/system/CodeIgniter.php(861): class_exists('\\App\\Controller...', true)
#5 /home2/gumovie/public_html/system/CodeIgniter.php(388): CodeIgniter\CodeIgniter->startController()
#6 /home2/gumovie/public_html/system/CodeIgniter.php(306): CodeIgniter\CodeIgniter->handleRequest(NULL, Object(Config\Cache), false)
#7 /home2/gumovie/public_html/public/index.php(45): CodeIgniter\CodeIgniter->run()
#8 {main}
CRITICAL - 2020-07-30 05:53:07 --> syntax error, unexpected 'echo' (T_ECHO)
#0 /home2/gumovie/public_html/system/Autoloader/Autoloader.php(296): CodeIgniter\Autoloader\Autoloader->requireFile('/home2/gumovie/...')
#1 /home2/gumovie/public_html/system/Autoloader/Autoloader.php(258): CodeIgniter\Autoloader\Autoloader->loadInNamespace('App\\Controllers...')
#2 [internal function]: CodeIgniter\Autoloader\Autoloader->loadClass('App\\Controllers...')
#3 [internal function]: spl_autoload_call('App\\Controllers...')
#4 /home2/gumovie/public_html/system/CodeIgniter.php(861): class_exists('\\App\\Controller...', true)
#5 /home2/gumovie/public_html/system/CodeIgniter.php(388): CodeIgniter\CodeIgniter->startController()
#6 /home2/gumovie/public_html/system/CodeIgniter.php(306): CodeIgniter\CodeIgniter->handleRequest(NULL, Object(Config\Cache), false)
#7 /home2/gumovie/public_html/public/index.php(45): CodeIgniter\CodeIgniter->run()
#8 {main}
CRITICAL - 2020-07-30 05:59:39 --> syntax error, unexpected 'echo' (T_ECHO)
#0 /home2/gumovie/public_html/system/Autoloader/Autoloader.php(296): CodeIgniter\Autoloader\Autoloader->requireFile('/home2/gumovie/...')
#1 /home2/gumovie/public_html/system/Autoloader/Autoloader.php(258): CodeIgniter\Autoloader\Autoloader->loadInNamespace('App\\Controllers...')
#2 [internal function]: CodeIgniter\Autoloader\Autoloader->loadClass('App\\Controllers...')
#3 [internal function]: spl_autoload_call('App\\Controllers...')
#4 /home2/gumovie/public_html/system/CodeIgniter.php(861): class_exists('\\App\\Controller...', true)
#5 /home2/gumovie/public_html/system/CodeIgniter.php(388): CodeIgniter\CodeIgniter->startController()
#6 /home2/gumovie/public_html/system/CodeIgniter.php(306): CodeIgniter\CodeIgniter->handleRequest(NULL, Object(Config\Cache), false)
#7 /home2/gumovie/public_html/public/index.php(45): CodeIgniter\CodeIgniter->run()
#8 {main}
CRITICAL - 2020-07-30 05:59:41 --> syntax error, unexpected 'echo' (T_ECHO)
#0 /home2/gumovie/public_html/system/Autoloader/Autoloader.php(296): CodeIgniter\Autoloader\Autoloader->requireFile('/home2/gumovie/...')
#1 /home2/gumovie/public_html/system/Autoloader/Autoloader.php(258): CodeIgniter\Autoloader\Autoloader->loadInNamespace('App\\Controllers...')
#2 [internal function]: CodeIgniter\Autoloader\Autoloader->loadClass('App\\Controllers...')
#3 [internal function]: spl_autoload_call('App\\Controllers...')
#4 /home2/gumovie/public_html/system/CodeIgniter.php(861): class_exists('\\App\\Controller...', true)
#5 /home2/gumovie/public_html/system/CodeIgniter.php(388): CodeIgniter\CodeIgniter->startController()
#6 /home2/gumovie/public_html/system/CodeIgniter.php(306): CodeIgniter\CodeIgniter->handleRequest(NULL, Object(Config\Cache), false)
#7 /home2/gumovie/public_html/public/index.php(45): CodeIgniter\CodeIgniter->run()
#8 {main}
CRITICAL - 2020-07-30 05:59:44 --> syntax error, unexpected 'echo' (T_ECHO)
#0 /home2/gumovie/public_html/system/Autoloader/Autoloader.php(296): CodeIgniter\Autoloader\Autoloader->requireFile('/home2/gumovie/...')
#1 /home2/gumovie/public_html/system/Autoloader/Autoloader.php(258): CodeIgniter\Autoloader\Autoloader->loadInNamespace('App\\Controllers...')
#2 [internal function]: CodeIgniter\Autoloader\Autoloader->loadClass('App\\Controllers...')
#3 [internal function]: spl_autoload_call('App\\Controllers...')
#4 /home2/gumovie/public_html/system/CodeIgniter.php(861): class_exists('\\App\\Controller...', true)
#5 /home2/gumovie/public_html/system/CodeIgniter.php(388): CodeIgniter\CodeIgniter->startController()
#6 /home2/gumovie/public_html/system/CodeIgniter.php(306): CodeIgniter\CodeIgniter->handleRequest(NULL, Object(Config\Cache), false)
#7 /home2/gumovie/public_html/public/index.php(45): CodeIgniter\CodeIgniter->run()
#8 {main}
CRITICAL - 2020-07-30 06:01:22 --> You must set the database table to be used with your query.
#0 /home2/gumovie/public_html/system/Model.php(1190): CodeIgniter\Database\BaseConnection->table(NULL)
#1 /home2/gumovie/public_html/system/Model.php(1700): CodeIgniter\Model->builder()
#2 /home2/gumovie/public_html/app/Controllers/Home.php(97): CodeIgniter\Model->__call('get_zoom', Array)
#3 /home2/gumovie/public_html/system/CodeIgniter.php(910): App\Controllers\Home->zoom()
#4 /home2/gumovie/public_html/system/CodeIgniter.php(398): CodeIgniter\CodeIgniter->runController(Object(App\Controllers\Home))
#5 /home2/gumovie/public_html/system/CodeIgniter.php(306): CodeIgniter\CodeIgniter->handleRequest(NULL, Object(Config\Cache), false)
#6 /home2/gumovie/public_html/public/index.php(45): CodeIgniter\CodeIgniter->run()
#7 {main}
CRITICAL - 2020-07-30 06:04:11 --> You must set the database table to be used with your query.
#0 /home2/gumovie/public_html/system/Model.php(1190): CodeIgniter\Database\BaseConnection->table(NULL)
#1 /home2/gumovie/public_html/system/Model.php(1700): CodeIgniter\Model->builder()
#2 /home2/gumovie/public_html/app/Controllers/Home.php(97): CodeIgniter\Model->__call('get_zoom', Array)
#3 /home2/gumovie/public_html/system/CodeIgniter.php(910): App\Controllers\Home->zoom()
#4 /home2/gumovie/public_html/system/CodeIgniter.php(398): CodeIgniter\CodeIgniter->runController(Object(App\Controllers\Home))
#5 /home2/gumovie/public_html/system/CodeIgniter.php(306): CodeIgniter\CodeIgniter->handleRequest(NULL, Object(Config\Cache), false)
#6 /home2/gumovie/public_html/public/index.php(45): CodeIgniter\CodeIgniter->run()
#7 {main}
CRITICAL - 2020-07-30 06:04:14 --> You must set the database table to be used with your query.
#0 /home2/gumovie/public_html/system/Model.php(1190): CodeIgniter\Database\BaseConnection->table(NULL)
#1 /home2/gumovie/public_html/system/Model.php(1700): CodeIgniter\Model->builder()
#2 /home2/gumovie/public_html/app/Controllers/Home.php(97): CodeIgniter\Model->__call('get_zoom', Array)
#3 /home2/gumovie/public_html/system/CodeIgniter.php(910): App\Controllers\Home->zoom()
#4 /home2/gumovie/public_html/system/CodeIgniter.php(398): CodeIgniter\CodeIgniter->runController(Object(App\Controllers\Home))
#5 /home2/gumovie/public_html/system/CodeIgniter.php(306): CodeIgniter\CodeIgniter->handleRequest(NULL, Object(Config\Cache), false)
#6 /home2/gumovie/public_html/public/index.php(45): CodeIgniter\CodeIgniter->run()
#7 {main}
CRITICAL - 2020-07-30 06:04:31 --> You must set the database table to be used with your query.
#0 /home2/gumovie/public_html/system/Model.php(1190): CodeIgniter\Database\BaseConnection->table(NULL)
#1 /home2/gumovie/public_html/system/Model.php(1700): CodeIgniter\Model->builder()
#2 /home2/gumovie/public_html/app/Controllers/Home.php(97): CodeIgniter\Model->__call('get_zoom', Array)
#3 /home2/gumovie/public_html/system/CodeIgniter.php(910): App\Controllers\Home->zoom()
#4 /home2/gumovie/public_html/system/CodeIgniter.php(398): CodeIgniter\CodeIgniter->runController(Object(App\Controllers\Home))
#5 /home2/gumovie/public_html/system/CodeIgniter.php(306): CodeIgniter\CodeIgniter->handleRequest(NULL, Object(Config\Cache), false)
#6 /home2/gumovie/public_html/public/index.php(45): CodeIgniter\CodeIgniter->run()
#7 {main}
CRITICAL - 2020-07-30 06:07:24 --> Invalid argument supplied for foreach()
#0 /home2/gumovie/public_html/app/Views/zoom.php(28): CodeIgniter\Debug\Exceptions->errorHandler(2, 'Invalid argumen...', '/home2/gumovie/...', 28, Array)
#1 /home2/gumovie/public_html/system/View/View.php(236): include('/home2/gumovie/...')
#2 /home2/gumovie/public_html/system/Common.php(1071): CodeIgniter\View\View->render('zoom', Array, true)
#3 /home2/gumovie/public_html/app/Controllers/Home.php(127): view('zoom', Array)
#4 /home2/gumovie/public_html/system/CodeIgniter.php(910): App\Controllers\Home->zoom()
#5 /home2/gumovie/public_html/system/CodeIgniter.php(398): CodeIgniter\CodeIgniter->runController(Object(App\Controllers\Home))
#6 /home2/gumovie/public_html/system/CodeIgniter.php(306): CodeIgniter\CodeIgniter->handleRequest(NULL, Object(Config\Cache), false)
#7 /home2/gumovie/public_html/public/index.php(45): CodeIgniter\CodeIgniter->run()
#8 {main}
CRITICAL - 2020-07-30 06:07:40 --> Class 'App\Models\Video_Model' not found
#0 /home2/gumovie/public_html/system/CodeIgniter.php(882): App\Controllers\Home->__construct()
#1 /home2/gumovie/public_html/system/CodeIgniter.php(393): CodeIgniter\CodeIgniter->createController()
#2 /home2/gumovie/public_html/system/CodeIgniter.php(306): CodeIgniter\CodeIgniter->handleRequest(NULL, Object(Config\Cache), false)
#3 /home2/gumovie/public_html/public/index.php(45): CodeIgniter\CodeIgniter->run()
#4 {main}
CRITICAL - 2020-07-30 06:10:13 --> Invalid argument supplied for foreach()
#0 /home2/gumovie/public_html/app/Views/zoom.php(28): CodeIgniter\Debug\Exceptions->errorHandler(2, 'Invalid argumen...', '/home2/gumovie/...', 28, Array)
#1 /home2/gumovie/public_html/system/View/View.php(236): include('/home2/gumovie/...')
#2 /home2/gumovie/public_html/system/Common.php(1071): CodeIgniter\View\View->render('zoom', Array, true)
#3 /home2/gumovie/public_html/app/Controllers/Home.php(127): view('zoom', Array)
#4 /home2/gumovie/public_html/system/CodeIgniter.php(910): App\Controllers\Home->zoom()
#5 /home2/gumovie/public_html/system/CodeIgniter.php(398): CodeIgniter\CodeIgniter->runController(Object(App\Controllers\Home))
#6 /home2/gumovie/public_html/system/CodeIgniter.php(306): CodeIgniter\CodeIgniter->handleRequest(NULL, Object(Config\Cache), false)
#7 /home2/gumovie/public_html/public/index.php(45): CodeIgniter\CodeIgniter->run()
#8 {main}
CRITICAL - 2020-07-30 06:11:55 --> Invalid argument supplied for foreach()
#0 /home2/gumovie/public_html/app/Views/zoom.php(20): CodeIgniter\Debug\Exceptions->errorHandler(2, 'Invalid argumen...', '/home2/gumovie/...', 20, Array)
#1 /home2/gumovie/public_html/system/View/View.php(236): include('/home2/gumovie/...')
#2 /home2/gumovie/public_html/system/Common.php(1071): CodeIgniter\View\View->render('zoom', Array, true)
#3 /home2/gumovie/public_html/app/Controllers/Home.php(127): view('zoom', Array)
#4 /home2/gumovie/public_html/system/CodeIgniter.php(910): App\Controllers\Home->zoom()
#5 /home2/gumovie/public_html/system/CodeIgniter.php(398): CodeIgniter\CodeIgniter->runController(Object(App\Controllers\Home))
#6 /home2/gumovie/public_html/system/CodeIgniter.php(306): CodeIgniter\CodeIgniter->handleRequest(NULL, Object(Config\Cache), false)
#7 /home2/gumovie/public_html/public/index.php(45): CodeIgniter\CodeIgniter->run()
#8 {main}
CRITICAL - 2020-07-30 06:12:12 --> Invalid argument supplied for foreach()
#0 /home2/gumovie/public_html/app/Views/zoom.php(20): CodeIgniter\Debug\Exceptions->errorHandler(2, 'Invalid argumen...', '/home2/gumovie/...', 20, Array)
#1 /home2/gumovie/public_html/system/View/View.php(236): include('/home2/gumovie/...')
#2 /home2/gumovie/public_html/system/Common.php(1071): CodeIgniter\View\View->render('zoom', Array, true)
#3 /home2/gumovie/public_html/app/Controllers/Home.php(127): view('zoom', Array)
#4 /home2/gumovie/public_html/system/CodeIgniter.php(910): App\Controllers\Home->zoom()
#5 /home2/gumovie/public_html/system/CodeIgniter.php(398): CodeIgniter\CodeIgniter->runController(Object(App\Controllers\Home))
#6 /home2/gumovie/public_html/system/CodeIgniter.php(306): CodeIgniter\CodeIgniter->handleRequest(NULL, Object(Config\Cache), false)
#7 /home2/gumovie/public_html/public/index.php(45): CodeIgniter\CodeIgniter->run()
#8 {main}
CRITICAL - 2020-07-30 06:13:20 --> Invalid argument supplied for foreach()
#0 /home2/gumovie/public_html/app/Views/zoom.php(20): CodeIgniter\Debug\Exceptions->errorHandler(2, 'Invalid argumen...', '/home2/gumovie/...', 20, Array)
#1 /home2/gumovie/public_html/system/View/View.php(236): include('/home2/gumovie/...')
#2 /home2/gumovie/public_html/system/Common.php(1071): CodeIgniter\View\View->render('zoom', Array, true)
#3 /home2/gumovie/public_html/app/Controllers/Home.php(125): view('zoom', Array)
#4 /home2/gumovie/public_html/system/CodeIgniter.php(910): App\Controllers\Home->zoom()
#5 /home2/gumovie/public_html/system/CodeIgniter.php(398): CodeIgniter\CodeIgniter->runController(Object(App\Controllers\Home))
#6 /home2/gumovie/public_html/system/CodeIgniter.php(306): CodeIgniter\CodeIgniter->handleRequest(NULL, Object(Config\Cache), false)
#7 /home2/gumovie/public_html/public/index.php(45): CodeIgniter\CodeIgniter->run()
#8 {main}
CRITICAL - 2020-07-30 06:15:02 --> Invalid argument supplied for foreach()
#0 /home2/gumovie/public_html/app/Views/zoom.php(20): CodeIgniter\Debug\Exceptions->errorHandler(2, 'Invalid argumen...', '/home2/gumovie/...', 20, Array)
#1 /home2/gumovie/public_html/system/View/View.php(236): include('/home2/gumovie/...')
#2 /home2/gumovie/public_html/system/Common.php(1071): CodeIgniter\View\View->render('zoom', Array, true)
#3 /home2/gumovie/public_html/app/Controllers/Home.php(125): view('zoom', Array)
#4 /home2/gumovie/public_html/system/CodeIgniter.php(910): App\Controllers\Home->zoom()
#5 /home2/gumovie/public_html/system/CodeIgniter.php(398): CodeIgniter\CodeIgniter->runController(Object(App\Controllers\Home))
#6 /home2/gumovie/public_html/system/CodeIgniter.php(306): CodeIgniter\CodeIgniter->handleRequest(NULL, Object(Config\Cache), false)
#7 /home2/gumovie/public_html/public/index.php(45): CodeIgniter\CodeIgniter->run()
#8 {main}
CRITICAL - 2020-07-30 06:15:13 --> Invalid argument supplied for foreach()
#0 /home2/gumovie/public_html/app/Views/zoom.php(20): CodeIgniter\Debug\Exceptions->errorHandler(2, 'Invalid argumen...', '/home2/gumovie/...', 20, Array)
#1 /home2/gumovie/public_html/system/View/View.php(236): include('/home2/gumovie/...')
#2 /home2/gumovie/public_html/system/Common.php(1071): CodeIgniter\View\View->render('zoom', Array, true)
#3 /home2/gumovie/public_html/app/Controllers/Home.php(125): view('zoom', Array)
#4 /home2/gumovie/public_html/system/CodeIgniter.php(910): App\Controllers\Home->zoom()
#5 /home2/gumovie/public_html/system/CodeIgniter.php(398): CodeIgniter\CodeIgniter->runController(Object(App\Controllers\Home))
#6 /home2/gumovie/public_html/system/CodeIgniter.php(306): CodeIgniter\CodeIgniter->handleRequest(NULL, Object(Config\Cache), false)
#7 /home2/gumovie/public_html/public/index.php(45): CodeIgniter\CodeIgniter->run()
#8 {main}
CRITICAL - 2020-07-30 06:15:22 --> Invalid argument supplied for foreach()
#0 /home2/gumovie/public_html/app/Views/zoom.php(20): CodeIgniter\Debug\Exceptions->errorHandler(2, 'Invalid argumen...', '/home2/gumovie/...', 20, Array)
#1 /home2/gumovie/public_html/system/View/View.php(236): include('/home2/gumovie/...')
#2 /home2/gumovie/public_html/system/Common.php(1071): CodeIgniter\View\View->render('zoom', Array, true)
#3 /home2/gumovie/public_html/app/Controllers/Home.php(125): view('zoom', Array)
#4 /home2/gumovie/public_html/system/CodeIgniter.php(910): App\Controllers\Home->zoom()
#5 /home2/gumovie/public_html/system/CodeIgniter.php(398): CodeIgniter\CodeIgniter->runController(Object(App\Controllers\Home))
#6 /home2/gumovie/public_html/system/CodeIgniter.php(306): CodeIgniter\CodeIgniter->handleRequest(NULL, Object(Config\Cache), false)
#7 /home2/gumovie/public_html/public/index.php(45): CodeIgniter\CodeIgniter->run()
#8 {main}
CRITICAL - 2020-07-30 06:15:55 --> Invalid argument supplied for foreach()
#0 /home2/gumovie/public_html/app/Views/zoom.php(20): CodeIgniter\Debug\Exceptions->errorHandler(2, 'Invalid argumen...', '/home2/gumovie/...', 20, Array)
#1 /home2/gumovie/public_html/system/View/View.php(236): include('/home2/gumovie/...')
#2 /home2/gumovie/public_html/system/Common.php(1071): CodeIgniter\View\View->render('zoom', Array, true)
#3 /home2/gumovie/public_html/app/Controllers/Home.php(125): view('zoom', Array)
#4 /home2/gumovie/public_html/system/CodeIgniter.php(910): App\Controllers\Home->zoom()
#5 /home2/gumovie/public_html/system/CodeIgniter.php(398): CodeIgniter\CodeIgniter->runController(Object(App\Controllers\Home))
#6 /home2/gumovie/public_html/system/CodeIgniter.php(306): CodeIgniter\CodeIgniter->handleRequest(NULL, Object(Config\Cache), false)
#7 /home2/gumovie/public_html/public/index.php(45): CodeIgniter\CodeIgniter->run()
#8 {main}
CRITICAL - 2020-07-30 06:19:21 --> Invalid argument supplied for foreach()
#0 /home2/gumovie/public_html/app/Views/zoom.php(20): CodeIgniter\Debug\Exceptions->errorHandler(2, 'Invalid argumen...', '/home2/gumovie/...', 20, Array)
#1 /home2/gumovie/public_html/system/View/View.php(236): include('/home2/gumovie/...')
#2 /home2/gumovie/public_html/system/Common.php(1071): CodeIgniter\View\View->render('zoom', Array, true)
#3 /home2/gumovie/public_html/app/Controllers/Home.php(125): view('zoom', Array)
#4 /home2/gumovie/public_html/system/CodeIgniter.php(910): App\Controllers\Home->zoom()
#5 /home2/gumovie/public_html/system/CodeIgniter.php(398): CodeIgniter\CodeIgniter->runController(Object(App\Controllers\Home))
#6 /home2/gumovie/public_html/system/CodeIgniter.php(306): CodeIgniter\CodeIgniter->handleRequest(NULL, Object(Config\Cache), false)
#7 /home2/gumovie/public_html/public/index.php(45): CodeIgniter\CodeIgniter->run()
#8 {main}
CRITICAL - 2020-07-30 06:19:29 --> Invalid argument supplied for foreach()
#0 /home2/gumovie/public_html/app/Views/zoom.php(20): CodeIgniter\Debug\Exceptions->errorHandler(2, 'Invalid argumen...', '/home2/gumovie/...', 20, Array)
#1 /home2/gumovie/public_html/system/View/View.php(236): include('/home2/gumovie/...')
#2 /home2/gumovie/public_html/system/Common.php(1071): CodeIgniter\View\View->render('zoom', Array, true)
#3 /home2/gumovie/public_html/app/Controllers/Home.php(125): view('zoom', Array)
#4 /home2/gumovie/public_html/system/CodeIgniter.php(910): App\Controllers\Home->zoom()
#5 /home2/gumovie/public_html/system/CodeIgniter.php(398): CodeIgniter\CodeIgniter->runController(Object(App\Controllers\Home))
#6 /home2/gumovie/public_html/system/CodeIgniter.php(306): CodeIgniter\CodeIgniter->handleRequest(NULL, Object(Config\Cache), false)
#7 /home2/gumovie/public_html/public/index.php(45): CodeIgniter\CodeIgniter->run()
#8 {main}
CRITICAL - 2020-07-30 06:19:59 --> Invalid argument supplied for foreach()
#0 /home2/gumovie/public_html/app/Views/zoom.php(20): CodeIgniter\Debug\Exceptions->errorHandler(2, 'Invalid argumen...', '/home2/gumovie/...', 20, Array)
#1 /home2/gumovie/public_html/system/View/View.php(236): include('/home2/gumovie/...')
#2 /home2/gumovie/public_html/system/Common.php(1071): CodeIgniter\View\View->render('zoom', Array, true)
#3 /home2/gumovie/public_html/app/Controllers/Home.php(125): view('zoom', Array)
#4 /home2/gumovie/public_html/system/CodeIgniter.php(910): App\Controllers\Home->zoom()
#5 /home2/gumovie/public_html/system/CodeIgniter.php(398): CodeIgniter\CodeIgniter->runController(Object(App\Controllers\Home))
#6 /home2/gumovie/public_html/system/CodeIgniter.php(306): CodeIgniter\CodeIgniter->handleRequest(NULL, Object(Config\Cache), false)
#7 /home2/gumovie/public_html/public/index.php(45): CodeIgniter\CodeIgniter->run()
#8 {main}
CRITICAL - 2020-07-30 06:21:11 --> Invalid argument supplied for foreach()
#0 /home2/gumovie/public_html/app/Views/zoom.php(20): CodeIgniter\Debug\Exceptions->errorHandler(2, 'Invalid argumen...', '/home2/gumovie/...', 20, Array)
#1 /home2/gumovie/public_html/system/View/View.php(236): include('/home2/gumovie/...')
#2 /home2/gumovie/public_html/system/Common.php(1071): CodeIgniter\View\View->render('zoom', Array, true)
#3 /home2/gumovie/public_html/app/Controllers/Home.php(125): view('zoom', Array)
#4 /home2/gumovie/public_html/system/CodeIgniter.php(910): App\Controllers\Home->zoom()
#5 /home2/gumovie/public_html/system/CodeIgniter.php(398): CodeIgniter\CodeIgniter->runController(Object(App\Controllers\Home))
#6 /home2/gumovie/public_html/system/CodeIgniter.php(306): CodeIgniter\CodeIgniter->handleRequest(NULL, Object(Config\Cache), false)
#7 /home2/gumovie/public_html/public/index.php(45): CodeIgniter\CodeIgniter->run()
#8 {main}
CRITICAL - 2020-07-30 06:21:59 --> Undefined variable: listcontent
#0 /home2/gumovie/public_html/app/Controllers/Home.php(108): CodeIgniter\Debug\Exceptions->errorHandler(8, 'Undefined varia...', '/home2/gumovie/...', 108, Array)
#1 /home2/gumovie/public_html/system/CodeIgniter.php(910): App\Controllers\Home->zoom()
#2 /home2/gumovie/public_html/system/CodeIgniter.php(398): CodeIgniter\CodeIgniter->runController(Object(App\Controllers\Home))
#3 /home2/gumovie/public_html/system/CodeIgniter.php(306): CodeIgniter\CodeIgniter->handleRequest(NULL, Object(Config\Cache), false)
#4 /home2/gumovie/public_html/public/index.php(45): CodeIgniter\CodeIgniter->run()
#5 {main}
CRITICAL - 2020-07-30 06:22:18 --> Undefined variable: keyword_string
#0 /home2/gumovie/public_html/app/Controllers/Home.php(108): CodeIgniter\Debug\Exceptions->errorHandler(8, 'Undefined varia...', '/home2/gumovie/...', 108, Array)
#1 /home2/gumovie/public_html/system/CodeIgniter.php(910): App\Controllers\Home->zoom()
#2 /home2/gumovie/public_html/system/CodeIgniter.php(398): CodeIgniter\CodeIgniter->runController(Object(App\Controllers\Home))
#3 /home2/gumovie/public_html/system/CodeIgniter.php(306): CodeIgniter\CodeIgniter->handleRequest(NULL, Object(Config\Cache), false)
#4 /home2/gumovie/public_html/public/index.php(45): CodeIgniter\CodeIgniter->run()
#5 {main}
CRITICAL - 2020-07-30 06:23:42 --> Undefined variable: listyear
#0 /home2/gumovie/public_html/app/Views/zoom.php(20): CodeIgniter\Debug\Exceptions->errorHandler(8, 'Undefined varia...', '/home2/gumovie/...', 20, Array)
#1 /home2/gumovie/public_html/system/View/View.php(236): include('/home2/gumovie/...')
#2 /home2/gumovie/public_html/system/Common.php(1071): CodeIgniter\View\View->render('zoom', Array, true)
#3 /home2/gumovie/public_html/app/Controllers/Home.php(125): view('zoom', Array)
#4 /home2/gumovie/public_html/system/CodeIgniter.php(910): App\Controllers\Home->zoom()
#5 /home2/gumovie/public_html/system/CodeIgniter.php(398): CodeIgniter\CodeIgniter->runController(Object(App\Controllers\Home))
#6 /home2/gumovie/public_html/system/CodeIgniter.php(306): CodeIgniter\CodeIgniter->handleRequest(NULL, Object(Config\Cache), false)
#7 /home2/gumovie/public_html/public/index.php(45): CodeIgniter\CodeIgniter->run()
#8 {main}
CRITICAL - 2020-07-30 06:24:38 --> Undefined variable: listyear
#0 /home2/gumovie/public_html/app/Views/zoom.php(20): CodeIgniter\Debug\Exceptions->errorHandler(8, 'Undefined varia...', '/home2/gumovie/...', 20, Array)
#1 /home2/gumovie/public_html/system/View/View.php(236): include('/home2/gumovie/...')
#2 /home2/gumovie/public_html/system/Common.php(1071): CodeIgniter\View\View->render('zoom', Array, true)
#3 /home2/gumovie/public_html/app/Controllers/Home.php(125): view('zoom', Array)
#4 /home2/gumovie/public_html/system/CodeIgniter.php(910): App\Controllers\Home->zoom()
#5 /home2/gumovie/public_html/system/CodeIgniter.php(398): CodeIgniter\CodeIgniter->runController(Object(App\Controllers\Home))
#6 /home2/gumovie/public_html/system/CodeIgniter.php(306): CodeIgniter\CodeIgniter->handleRequest(NULL, Object(Config\Cache), false)
#7 /home2/gumovie/public_html/public/index.php(45): CodeIgniter\CodeIgniter->run()
#8 {main}
CRITICAL - 2020-07-30 06:27:34 --> Undefined variable: datethai
#0 /home2/gumovie/public_html/app/Views/templates/video.php(15): CodeIgniter\Debug\Exceptions->errorHandler(8, 'Undefined varia...', '/home2/gumovie/...', 15, Array)
#1 /home2/gumovie/public_html/system/View/View.php(236): include('/home2/gumovie/...')
#2 /home2/gumovie/public_html/system/Common.php(1071): CodeIgniter\View\View->render('templates/video...', Array, true)
#3 /home2/gumovie/public_html/app/Controllers/Home.php(414): view('templates/video...', Array)
#4 /home2/gumovie/public_html/system/CodeIgniter.php(910): App\Controllers\Home->video('6262', 'main')
#5 /home2/gumovie/public_html/system/CodeIgniter.php(398): CodeIgniter\CodeIgniter->runController(Object(App\Controllers\Home))
#6 /home2/gumovie/public_html/system/CodeIgniter.php(306): CodeIgniter\CodeIgniter->handleRequest(NULL, Object(Config\Cache), false)
#7 /home2/gumovie/public_html/public/index.php(45): CodeIgniter\CodeIgniter->run()
#8 {main}
CRITICAL - 2020-07-30 06:27:52 --> Undefined variable: datethai
#0 /home2/gumovie/public_html/app/Views/templates/video.php(15): CodeIgniter\Debug\Exceptions->errorHandler(8, 'Undefined varia...', '/home2/gumovie/...', 15, Array)
#1 /home2/gumovie/public_html/system/View/View.php(236): include('/home2/gumovie/...')
#2 /home2/gumovie/public_html/system/Common.php(1071): CodeIgniter\View\View->render('templates/video...', Array, true)
#3 /home2/gumovie/public_html/app/Controllers/Home.php(414): view('templates/video...', Array)
#4 /home2/gumovie/public_html/system/CodeIgniter.php(910): App\Controllers\Home->video('9604', 'main')
#5 /home2/gumovie/public_html/system/CodeIgniter.php(398): CodeIgniter\CodeIgniter->runController(Object(App\Controllers\Home))
#6 /home2/gumovie/public_html/system/CodeIgniter.php(306): CodeIgniter\CodeIgniter->handleRequest(NULL, Object(Config\Cache), false)
#7 /home2/gumovie/public_html/public/index.php(45): CodeIgniter\CodeIgniter->run()
#8 {main}
