CRITICAL - 2020-07-14 00:42:34 --> Undefined index: movie
#0 C:\xampp\htdocs\product1\app\Controllers\Home.php(289): CodeIgniter\Debug\Exceptions->errorHandler(8, 'Undefined index...', 'C:\\xampp\\htdocs...', 289, Array)
#1 C:\xampp\htdocs\product1\system\CodeIgniter.php(910): App\Controllers\Home->player('76', 'movie', 'adsvdo', '1588421549_969c...')
#2 C:\xampp\htdocs\product1\system\CodeIgniter.php(398): CodeIgniter\CodeIgniter->runController(Object(App\Controllers\Home))
#3 C:\xampp\htdocs\product1\system\CodeIgniter.php(306): CodeIgniter\CodeIgniter->handleRequest(NULL, Object(Config\Cache), false)
#4 C:\xampp\htdocs\product1\public\index.php(45): CodeIgniter\CodeIgniter->run()
#5 {main}
CRITICAL - 2020-07-14 00:42:41 --> Undefined index: movie
#0 C:\xampp\htdocs\product1\app\Controllers\Home.php(289): CodeIgniter\Debug\Exceptions->errorHandler(8, 'Undefined index...', 'C:\\xampp\\htdocs...', 289, Array)
#1 C:\xampp\htdocs\product1\system\CodeIgniter.php(910): App\Controllers\Home->player('76', 'movie', 'adsvdo', '1588421549_969c...')
#2 C:\xampp\htdocs\product1\system\CodeIgniter.php(398): CodeIgniter\CodeIgniter->runController(Object(App\Controllers\Home))
#3 C:\xampp\htdocs\product1\system\CodeIgniter.php(306): CodeIgniter\CodeIgniter->handleRequest(NULL, Object(Config\Cache), false)
#4 C:\xampp\htdocs\product1\public\index.php(45): CodeIgniter\CodeIgniter->run()
#5 {main}
CRITICAL - 2020-07-14 00:42:41 --> Undefined index: movie
#0 C:\xampp\htdocs\product1\app\Controllers\Home.php(289): CodeIgniter\Debug\Exceptions->errorHandler(8, 'Undefined index...', 'C:\\xampp\\htdocs...', 289, Array)
#1 C:\xampp\htdocs\product1\system\CodeIgniter.php(910): App\Controllers\Home->player('76', 'movie', 'adsvdo', '1590390745_c793...')
#2 C:\xampp\htdocs\product1\system\CodeIgniter.php(398): CodeIgniter\CodeIgniter->runController(Object(App\Controllers\Home))
#3 C:\xampp\htdocs\product1\system\CodeIgniter.php(306): CodeIgniter\CodeIgniter->handleRequest(NULL, Object(Config\Cache), false)
#4 C:\xampp\htdocs\product1\public\index.php(45): CodeIgniter\CodeIgniter->run()
#5 {main}
CRITICAL - 2020-07-14 00:44:48 --> Undefined index: movie
#0 C:\xampp\htdocs\product1\app\Controllers\Home.php(289): CodeIgniter\Debug\Exceptions->errorHandler(8, 'Undefined index...', 'C:\\xampp\\htdocs...', 289, Array)
#1 C:\xampp\htdocs\product1\system\CodeIgniter.php(910): App\Controllers\Home->player('76', 'movie', 'adsvdo', '1588421549_969c...')
#2 C:\xampp\htdocs\product1\system\CodeIgniter.php(398): CodeIgniter\CodeIgniter->runController(Object(App\Controllers\Home))
#3 C:\xampp\htdocs\product1\system\CodeIgniter.php(306): CodeIgniter\CodeIgniter->handleRequest(NULL, Object(Config\Cache), false)
#4 C:\xampp\htdocs\product1\public\index.php(45): CodeIgniter\CodeIgniter->run()
#5 {main}
CRITICAL - 2020-07-14 00:46:46 --> Undefined index: movie
#0 C:\xampp\htdocs\product1\app\Controllers\Home.php(289): CodeIgniter\Debug\Exceptions->errorHandler(8, 'Undefined index...', 'C:\\xampp\\htdocs...', 289, Array)
#1 C:\xampp\htdocs\product1\system\CodeIgniter.php(910): App\Controllers\Home->player('76', 'movie', 'adsvdo', '1588421549_969c...')
#2 C:\xampp\htdocs\product1\system\CodeIgniter.php(398): CodeIgniter\CodeIgniter->runController(Object(App\Controllers\Home))
#3 C:\xampp\htdocs\product1\system\CodeIgniter.php(306): CodeIgniter\CodeIgniter->handleRequest(NULL, Object(Config\Cache), false)
#4 C:\xampp\htdocs\product1\public\index.php(45): CodeIgniter\CodeIgniter->run()
#5 {main}
CRITICAL - 2020-07-14 00:48:48 --> Undefined index: movie
#0 C:\xampp\htdocs\product1\app\Controllers\Home.php(289): CodeIgniter\Debug\Exceptions->errorHandler(8, 'Undefined index...', 'C:\\xampp\\htdocs...', 289, Array)
#1 C:\xampp\htdocs\product1\system\CodeIgniter.php(910): App\Controllers\Home->player('76', 'movie', 'adsvdo', '1588421549_969c...')
#2 C:\xampp\htdocs\product1\system\CodeIgniter.php(398): CodeIgniter\CodeIgniter->runController(Object(App\Controllers\Home))
#3 C:\xampp\htdocs\product1\system\CodeIgniter.php(306): CodeIgniter\CodeIgniter->handleRequest(NULL, Object(Config\Cache), false)
#4 C:\xampp\htdocs\product1\public\index.php(45): CodeIgniter\CodeIgniter->run()
#5 {main}
CRITICAL - 2020-07-14 00:49:46 --> Undefined index: movie
#0 C:\xampp\htdocs\product1\app\Controllers\Home.php(289): CodeIgniter\Debug\Exceptions->errorHandler(8, 'Undefined index...', 'C:\\xampp\\htdocs...', 289, Array)
#1 C:\xampp\htdocs\product1\system\CodeIgniter.php(910): App\Controllers\Home->player('72', 'movie', 'adsvdo', '1588421549_969c...')
#2 C:\xampp\htdocs\product1\system\CodeIgniter.php(398): CodeIgniter\CodeIgniter->runController(Object(App\Controllers\Home))
#3 C:\xampp\htdocs\product1\system\CodeIgniter.php(306): CodeIgniter\CodeIgniter->handleRequest(NULL, Object(Config\Cache), false)
#4 C:\xampp\htdocs\product1\public\index.php(45): CodeIgniter\CodeIgniter->run()
#5 {main}
CRITICAL - 2020-07-14 00:51:47 --> Undefined index: movie
#0 C:\xampp\htdocs\product1\app\Controllers\Home.php(289): CodeIgniter\Debug\Exceptions->errorHandler(8, 'Undefined index...', 'C:\\xampp\\htdocs...', 289, Array)
#1 C:\xampp\htdocs\product1\system\CodeIgniter.php(910): App\Controllers\Home->player('72', 'movie', 'adsvdo', '1588421549_969c...')
#2 C:\xampp\htdocs\product1\system\CodeIgniter.php(398): CodeIgniter\CodeIgniter->runController(Object(App\Controllers\Home))
#3 C:\xampp\htdocs\product1\system\CodeIgniter.php(306): CodeIgniter\CodeIgniter->handleRequest(NULL, Object(Config\Cache), false)
#4 C:\xampp\htdocs\product1\public\index.php(45): CodeIgniter\CodeIgniter->run()
#5 {main}
CRITICAL - 2020-07-14 00:52:51 --> Undefined index: movie
#0 C:\xampp\htdocs\product1\app\Controllers\Home.php(289): CodeIgniter\Debug\Exceptions->errorHandler(8, 'Undefined index...', 'C:\\xampp\\htdocs...', 289, Array)
#1 C:\xampp\htdocs\product1\system\CodeIgniter.php(910): App\Controllers\Home->player('72', 'movie', 'adsvdo', '1588421549_969c...')
#2 C:\xampp\htdocs\product1\system\CodeIgniter.php(398): CodeIgniter\CodeIgniter->runController(Object(App\Controllers\Home))
#3 C:\xampp\htdocs\product1\system\CodeIgniter.php(306): CodeIgniter\CodeIgniter->handleRequest(NULL, Object(Config\Cache), false)
#4 C:\xampp\htdocs\product1\public\index.php(45): CodeIgniter\CodeIgniter->run()
#5 {main}
CRITICAL - 2020-07-14 00:55:38 --> Undefined index: movie
#0 C:\xampp\htdocs\product1\app\Controllers\Home.php(289): CodeIgniter\Debug\Exceptions->errorHandler(8, 'Undefined index...', 'C:\\xampp\\htdocs...', 289, Array)
#1 C:\xampp\htdocs\product1\system\CodeIgniter.php(910): App\Controllers\Home->player('72', 'movie', 'adsvdo', '1588421549_969c...')
#2 C:\xampp\htdocs\product1\system\CodeIgniter.php(398): CodeIgniter\CodeIgniter->runController(Object(App\Controllers\Home))
#3 C:\xampp\htdocs\product1\system\CodeIgniter.php(306): CodeIgniter\CodeIgniter->handleRequest(NULL, Object(Config\Cache), false)
#4 C:\xampp\htdocs\product1\public\index.php(45): CodeIgniter\CodeIgniter->run()
#5 {main}
CRITICAL - 2020-07-14 00:56:23 --> Undefined index: movie
#0 C:\xampp\htdocs\product1\app\Controllers\Home.php(289): CodeIgniter\Debug\Exceptions->errorHandler(8, 'Undefined index...', 'C:\\xampp\\htdocs...', 289, Array)
#1 C:\xampp\htdocs\product1\system\CodeIgniter.php(910): App\Controllers\Home->player('72', 'movie', 'adsvdo', '1588421549_969c...')
#2 C:\xampp\htdocs\product1\system\CodeIgniter.php(398): CodeIgniter\CodeIgniter->runController(Object(App\Controllers\Home))
#3 C:\xampp\htdocs\product1\system\CodeIgniter.php(306): CodeIgniter\CodeIgniter->handleRequest(NULL, Object(Config\Cache), false)
#4 C:\xampp\htdocs\product1\public\index.php(45): CodeIgniter\CodeIgniter->run()
#5 {main}
CRITICAL - 2020-07-14 00:56:36 --> Undefined index: movie
#0 C:\xampp\htdocs\product1\app\Controllers\Home.php(289): CodeIgniter\Debug\Exceptions->errorHandler(8, 'Undefined index...', 'C:\\xampp\\htdocs...', 289, Array)
#1 C:\xampp\htdocs\product1\system\CodeIgniter.php(910): App\Controllers\Home->player('72', 'movie', 'adsvdo', '1588421549_969c...')
#2 C:\xampp\htdocs\product1\system\CodeIgniter.php(398): CodeIgniter\CodeIgniter->runController(Object(App\Controllers\Home))
#3 C:\xampp\htdocs\product1\system\CodeIgniter.php(306): CodeIgniter\CodeIgniter->handleRequest(NULL, Object(Config\Cache), false)
#4 C:\xampp\htdocs\product1\public\index.php(45): CodeIgniter\CodeIgniter->run()
#5 {main}
CRITICAL - 2020-07-14 00:56:45 --> Undefined index: movie
#0 C:\xampp\htdocs\product1\app\Controllers\Home.php(289): CodeIgniter\Debug\Exceptions->errorHandler(8, 'Undefined index...', 'C:\\xampp\\htdocs...', 289, Array)
#1 C:\xampp\htdocs\product1\system\CodeIgniter.php(910): App\Controllers\Home->player('72', 'movie', 'adsvdo', '1588421549_969c...')
#2 C:\xampp\htdocs\product1\system\CodeIgniter.php(398): CodeIgniter\CodeIgniter->runController(Object(App\Controllers\Home))
#3 C:\xampp\htdocs\product1\system\CodeIgniter.php(306): CodeIgniter\CodeIgniter->handleRequest(NULL, Object(Config\Cache), false)
#4 C:\xampp\htdocs\product1\public\index.php(45): CodeIgniter\CodeIgniter->run()
#5 {main}
CRITICAL - 2020-07-14 00:56:52 --> Undefined index: movie
#0 C:\xampp\htdocs\product1\app\Controllers\Home.php(289): CodeIgniter\Debug\Exceptions->errorHandler(8, 'Undefined index...', 'C:\\xampp\\htdocs...', 289, Array)
#1 C:\xampp\htdocs\product1\system\CodeIgniter.php(910): App\Controllers\Home->player('72', 'movie', 'adsvdo', '1588421549_969c...')
#2 C:\xampp\htdocs\product1\system\CodeIgniter.php(398): CodeIgniter\CodeIgniter->runController(Object(App\Controllers\Home))
#3 C:\xampp\htdocs\product1\system\CodeIgniter.php(306): CodeIgniter\CodeIgniter->handleRequest(NULL, Object(Config\Cache), false)
#4 C:\xampp\htdocs\product1\public\index.php(45): CodeIgniter\CodeIgniter->run()
#5 {main}
CRITICAL - 2020-07-14 00:56:57 --> Undefined index: movie
#0 C:\xampp\htdocs\product1\app\Controllers\Home.php(289): CodeIgniter\Debug\Exceptions->errorHandler(8, 'Undefined index...', 'C:\\xampp\\htdocs...', 289, Array)
#1 C:\xampp\htdocs\product1\system\CodeIgniter.php(910): App\Controllers\Home->player('72', 'movie', 'adsvdo', '1588421549_969c...')
#2 C:\xampp\htdocs\product1\system\CodeIgniter.php(398): CodeIgniter\CodeIgniter->runController(Object(App\Controllers\Home))
#3 C:\xampp\htdocs\product1\system\CodeIgniter.php(306): CodeIgniter\CodeIgniter->handleRequest(NULL, Object(Config\Cache), false)
#4 C:\xampp\htdocs\product1\public\index.php(45): CodeIgniter\CodeIgniter->run()
#5 {main}
CRITICAL - 2020-07-14 00:57:28 --> Undefined index: movie
#0 C:\xampp\htdocs\product1\app\Controllers\Home.php(289): CodeIgniter\Debug\Exceptions->errorHandler(8, 'Undefined index...', 'C:\\xampp\\htdocs...', 289, Array)
#1 C:\xampp\htdocs\product1\system\CodeIgniter.php(910): App\Controllers\Home->player('72', 'movie', 'adsvdo', '1588421549_969c...')
#2 C:\xampp\htdocs\product1\system\CodeIgniter.php(398): CodeIgniter\CodeIgniter->runController(Object(App\Controllers\Home))
#3 C:\xampp\htdocs\product1\system\CodeIgniter.php(306): CodeIgniter\CodeIgniter->handleRequest(NULL, Object(Config\Cache), false)
#4 C:\xampp\htdocs\product1\public\index.php(45): CodeIgniter\CodeIgniter->run()
#5 {main}
CRITICAL - 2020-07-14 00:58:01 --> Undefined index: movie
#0 C:\xampp\htdocs\product1\app\Controllers\Home.php(289): CodeIgniter\Debug\Exceptions->errorHandler(8, 'Undefined index...', 'C:\\xampp\\htdocs...', 289, Array)
#1 C:\xampp\htdocs\product1\system\CodeIgniter.php(910): App\Controllers\Home->player('72', 'movie', 'adsvdo', '1588421549_969c...')
#2 C:\xampp\htdocs\product1\system\CodeIgniter.php(398): CodeIgniter\CodeIgniter->runController(Object(App\Controllers\Home))
#3 C:\xampp\htdocs\product1\system\CodeIgniter.php(306): CodeIgniter\CodeIgniter->handleRequest(NULL, Object(Config\Cache), false)
#4 C:\xampp\htdocs\product1\public\index.php(45): CodeIgniter\CodeIgniter->run()
#5 {main}
CRITICAL - 2020-07-14 01:01:29 --> Undefined index: movie
#0 C:\xampp\htdocs\product1\app\Controllers\Home.php(289): CodeIgniter\Debug\Exceptions->errorHandler(8, 'Undefined index...', 'C:\\xampp\\htdocs...', 289, Array)
#1 C:\xampp\htdocs\product1\system\CodeIgniter.php(910): App\Controllers\Home->player('2218', 'movie', 'adsvdo', '1588421549_969c...')
#2 C:\xampp\htdocs\product1\system\CodeIgniter.php(398): CodeIgniter\CodeIgniter->runController(Object(App\Controllers\Home))
#3 C:\xampp\htdocs\product1\system\CodeIgniter.php(306): CodeIgniter\CodeIgniter->handleRequest(NULL, Object(Config\Cache), false)
#4 C:\xampp\htdocs\product1\public\index.php(45): CodeIgniter\CodeIgniter->run()
#5 {main}
CRITICAL - 2020-07-14 01:01:34 --> Undefined index: movie
#0 C:\xampp\htdocs\product1\app\Controllers\Home.php(289): CodeIgniter\Debug\Exceptions->errorHandler(8, 'Undefined index...', 'C:\\xampp\\htdocs...', 289, Array)
#1 C:\xampp\htdocs\product1\system\CodeIgniter.php(910): App\Controllers\Home->player('6024', 'movie', 'adsvdo', '1588421549_969c...')
#2 C:\xampp\htdocs\product1\system\CodeIgniter.php(398): CodeIgniter\CodeIgniter->runController(Object(App\Controllers\Home))
#3 C:\xampp\htdocs\product1\system\CodeIgniter.php(306): CodeIgniter\CodeIgniter->handleRequest(NULL, Object(Config\Cache), false)
#4 C:\xampp\htdocs\product1\public\index.php(45): CodeIgniter\CodeIgniter->run()
#5 {main}
CRITICAL - 2020-07-14 01:02:50 --> Undefined index: movie
#0 C:\xampp\htdocs\product1\app\Controllers\Home.php(289): CodeIgniter\Debug\Exceptions->errorHandler(8, 'Undefined index...', 'C:\\xampp\\htdocs...', 289, Array)
#1 C:\xampp\htdocs\product1\system\CodeIgniter.php(910): App\Controllers\Home->player('77', 'movie', 'adsvdo', '1588421549_969c...')
#2 C:\xampp\htdocs\product1\system\CodeIgniter.php(398): CodeIgniter\CodeIgniter->runController(Object(App\Controllers\Home))
#3 C:\xampp\htdocs\product1\system\CodeIgniter.php(306): CodeIgniter\CodeIgniter->handleRequest(NULL, Object(Config\Cache), false)
#4 C:\xampp\htdocs\product1\public\index.php(45): CodeIgniter\CodeIgniter->run()
#5 {main}
CRITICAL - 2020-07-14 01:03:42 --> Undefined index: movie
#0 C:\xampp\htdocs\product1\app\Controllers\Home.php(289): CodeIgniter\Debug\Exceptions->errorHandler(8, 'Undefined index...', 'C:\\xampp\\htdocs...', 289, Array)
#1 C:\xampp\htdocs\product1\system\CodeIgniter.php(910): App\Controllers\Home->player('77', 'movie', 'adsvdo', '1588421549_969c...')
#2 C:\xampp\htdocs\product1\system\CodeIgniter.php(398): CodeIgniter\CodeIgniter->runController(Object(App\Controllers\Home))
#3 C:\xampp\htdocs\product1\system\CodeIgniter.php(306): CodeIgniter\CodeIgniter->handleRequest(NULL, Object(Config\Cache), false)
#4 C:\xampp\htdocs\product1\public\index.php(45): CodeIgniter\CodeIgniter->run()
#5 {main}
CRITICAL - 2020-07-14 01:05:11 --> Undefined index: movie
#0 C:\xampp\htdocs\product1\app\Controllers\Home.php(289): CodeIgniter\Debug\Exceptions->errorHandler(8, 'Undefined index...', 'C:\\xampp\\htdocs...', 289, Array)
#1 C:\xampp\htdocs\product1\system\CodeIgniter.php(910): App\Controllers\Home->player('77', 'movie', 'adsvdo', '1588421549_969c...')
#2 C:\xampp\htdocs\product1\system\CodeIgniter.php(398): CodeIgniter\CodeIgniter->runController(Object(App\Controllers\Home))
#3 C:\xampp\htdocs\product1\system\CodeIgniter.php(306): CodeIgniter\CodeIgniter->handleRequest(NULL, Object(Config\Cache), false)
#4 C:\xampp\htdocs\product1\public\index.php(45): CodeIgniter\CodeIgniter->run()
#5 {main}
CRITICAL - 2020-07-14 01:06:07 --> Undefined index: movie
#0 C:\xampp\htdocs\product1\app\Controllers\Home.php(289): CodeIgniter\Debug\Exceptions->errorHandler(8, 'Undefined index...', 'C:\\xampp\\htdocs...', 289, Array)
#1 C:\xampp\htdocs\product1\system\CodeIgniter.php(910): App\Controllers\Home->player('77', 'movie', 'adsvdo', '1588421549_969c...')
#2 C:\xampp\htdocs\product1\system\CodeIgniter.php(398): CodeIgniter\CodeIgniter->runController(Object(App\Controllers\Home))
#3 C:\xampp\htdocs\product1\system\CodeIgniter.php(306): CodeIgniter\CodeIgniter->handleRequest(NULL, Object(Config\Cache), false)
#4 C:\xampp\htdocs\product1\public\index.php(45): CodeIgniter\CodeIgniter->run()
#5 {main}
CRITICAL - 2020-07-14 01:06:53 --> Undefined index: movie
#0 C:\xampp\htdocs\product1\app\Controllers\Home.php(289): CodeIgniter\Debug\Exceptions->errorHandler(8, 'Undefined index...', 'C:\\xampp\\htdocs...', 289, Array)
#1 C:\xampp\htdocs\product1\system\CodeIgniter.php(910): App\Controllers\Home->player('77', 'movie', 'adsvdo', '1588421549_969c...')
#2 C:\xampp\htdocs\product1\system\CodeIgniter.php(398): CodeIgniter\CodeIgniter->runController(Object(App\Controllers\Home))
#3 C:\xampp\htdocs\product1\system\CodeIgniter.php(306): CodeIgniter\CodeIgniter->handleRequest(NULL, Object(Config\Cache), false)
#4 C:\xampp\htdocs\product1\public\index.php(45): CodeIgniter\CodeIgniter->run()
#5 {main}
CRITICAL - 2020-07-14 01:09:51 --> Undefined index: movie
#0 C:\xampp\htdocs\product1\app\Controllers\Home.php(289): CodeIgniter\Debug\Exceptions->errorHandler(8, 'Undefined index...', 'C:\\xampp\\htdocs...', 289, Array)
#1 C:\xampp\htdocs\product1\system\CodeIgniter.php(910): App\Controllers\Home->player('77', 'movie', 'adsvdo', '1588421549_969c...')
#2 C:\xampp\htdocs\product1\system\CodeIgniter.php(398): CodeIgniter\CodeIgniter->runController(Object(App\Controllers\Home))
#3 C:\xampp\htdocs\product1\system\CodeIgniter.php(306): CodeIgniter\CodeIgniter->handleRequest(NULL, Object(Config\Cache), false)
#4 C:\xampp\htdocs\product1\public\index.php(45): CodeIgniter\CodeIgniter->run()
#5 {main}
CRITICAL - 2020-07-14 01:45:43 --> Undefined index: movie
#0 C:\xampp\htdocs\product1\app\Controllers\Home.php(289): CodeIgniter\Debug\Exceptions->errorHandler(8, 'Undefined index...', 'C:\\xampp\\htdocs...', 289, Array)
#1 C:\xampp\htdocs\product1\system\CodeIgniter.php(910): App\Controllers\Home->player('1', 'movie', 'adsvdo', '1588421549_969c...')
#2 C:\xampp\htdocs\product1\system\CodeIgniter.php(398): CodeIgniter\CodeIgniter->runController(Object(App\Controllers\Home))
#3 C:\xampp\htdocs\product1\system\CodeIgniter.php(306): CodeIgniter\CodeIgniter->handleRequest(NULL, Object(Config\Cache), false)
#4 C:\xampp\htdocs\product1\public\index.php(45): CodeIgniter\CodeIgniter->run()
#5 {main}
CRITICAL - 2020-07-14 01:45:48 --> Undefined index: movie
#0 C:\xampp\htdocs\product1\app\Controllers\Home.php(289): CodeIgniter\Debug\Exceptions->errorHandler(8, 'Undefined index...', 'C:\\xampp\\htdocs...', 289, Array)
#1 C:\xampp\htdocs\product1\system\CodeIgniter.php(910): App\Controllers\Home->player('1', 'movie', 'adsvdo', '1588421549_969c...')
#2 C:\xampp\htdocs\product1\system\CodeIgniter.php(398): CodeIgniter\CodeIgniter->runController(Object(App\Controllers\Home))
#3 C:\xampp\htdocs\product1\system\CodeIgniter.php(306): CodeIgniter\CodeIgniter->handleRequest(NULL, Object(Config\Cache), false)
#4 C:\xampp\htdocs\product1\public\index.php(45): CodeIgniter\CodeIgniter->run()
#5 {main}
CRITICAL - 2020-07-14 01:45:48 --> Undefined index: movie
#0 C:\xampp\htdocs\product1\app\Controllers\Home.php(289): CodeIgniter\Debug\Exceptions->errorHandler(8, 'Undefined index...', 'C:\\xampp\\htdocs...', 289, Array)
#1 C:\xampp\htdocs\product1\system\CodeIgniter.php(910): App\Controllers\Home->player('1', 'movie', 'adsvdo', '1590390745_c793...')
#2 C:\xampp\htdocs\product1\system\CodeIgniter.php(398): CodeIgniter\CodeIgniter->runController(Object(App\Controllers\Home))
#3 C:\xampp\htdocs\product1\system\CodeIgniter.php(306): CodeIgniter\CodeIgniter->handleRequest(NULL, Object(Config\Cache), false)
#4 C:\xampp\htdocs\product1\public\index.php(45): CodeIgniter\CodeIgniter->run()
#5 {main}
CRITICAL - 2020-07-14 01:46:56 --> Undefined index: movie
#0 C:\xampp\htdocs\product1\app\Controllers\Home.php(289): CodeIgniter\Debug\Exceptions->errorHandler(8, 'Undefined index...', 'C:\\xampp\\htdocs...', 289, Array)
#1 C:\xampp\htdocs\product1\system\CodeIgniter.php(910): App\Controllers\Home->player('1', 'movie', 'adsvdo', '1588421549_969c...')
#2 C:\xampp\htdocs\product1\system\CodeIgniter.php(398): CodeIgniter\CodeIgniter->runController(Object(App\Controllers\Home))
#3 C:\xampp\htdocs\product1\system\CodeIgniter.php(306): CodeIgniter\CodeIgniter->handleRequest(NULL, Object(Config\Cache), false)
#4 C:\xampp\htdocs\product1\public\index.php(45): CodeIgniter\CodeIgniter->run()
#5 {main}
CRITICAL - 2020-07-14 01:48:37 --> Undefined index: movie
#0 C:\xampp\htdocs\product1\app\Controllers\Home.php(290): CodeIgniter\Debug\Exceptions->errorHandler(8, 'Undefined index...', 'C:\\xampp\\htdocs...', 290, Array)
#1 C:\xampp\htdocs\product1\system\CodeIgniter.php(910): App\Controllers\Home->player('1', 'movie', 'adsvdo', '1588421549_969c...')
#2 C:\xampp\htdocs\product1\system\CodeIgniter.php(398): CodeIgniter\CodeIgniter->runController(Object(App\Controllers\Home))
#3 C:\xampp\htdocs\product1\system\CodeIgniter.php(306): CodeIgniter\CodeIgniter->handleRequest(NULL, Object(Config\Cache), false)
#4 C:\xampp\htdocs\product1\public\index.php(45): CodeIgniter\CodeIgniter->run()
#5 {main}
CRITICAL - 2020-07-14 01:48:40 --> Undefined index: movie
#0 C:\xampp\htdocs\product1\app\Controllers\Home.php(290): CodeIgniter\Debug\Exceptions->errorHandler(8, 'Undefined index...', 'C:\\xampp\\htdocs...', 290, Array)
#1 C:\xampp\htdocs\product1\system\CodeIgniter.php(910): App\Controllers\Home->player('1', 'movie', 'adsvdo', '1588421549_969c...')
#2 C:\xampp\htdocs\product1\system\CodeIgniter.php(398): CodeIgniter\CodeIgniter->runController(Object(App\Controllers\Home))
#3 C:\xampp\htdocs\product1\system\CodeIgniter.php(306): CodeIgniter\CodeIgniter->handleRequest(NULL, Object(Config\Cache), false)
#4 C:\xampp\htdocs\product1\public\index.php(45): CodeIgniter\CodeIgniter->run()
#5 {main}
CRITICAL - 2020-07-14 01:48:42 --> Undefined index: movie
#0 C:\xampp\htdocs\product1\app\Controllers\Home.php(290): CodeIgniter\Debug\Exceptions->errorHandler(8, 'Undefined index...', 'C:\\xampp\\htdocs...', 290, Array)
#1 C:\xampp\htdocs\product1\system\CodeIgniter.php(910): App\Controllers\Home->player('1', 'movie', 'adsvdo', '1588421549_969c...')
#2 C:\xampp\htdocs\product1\system\CodeIgniter.php(398): CodeIgniter\CodeIgniter->runController(Object(App\Controllers\Home))
#3 C:\xampp\htdocs\product1\system\CodeIgniter.php(306): CodeIgniter\CodeIgniter->handleRequest(NULL, Object(Config\Cache), false)
#4 C:\xampp\htdocs\product1\public\index.php(45): CodeIgniter\CodeIgniter->run()
#5 {main}
CRITICAL - 2020-07-14 01:48:42 --> Undefined index: movie
#0 C:\xampp\htdocs\product1\app\Controllers\Home.php(290): CodeIgniter\Debug\Exceptions->errorHandler(8, 'Undefined index...', 'C:\\xampp\\htdocs...', 290, Array)
#1 C:\xampp\htdocs\product1\system\CodeIgniter.php(910): App\Controllers\Home->player('1', 'movie', 'adsvdo', '1590390745_c793...')
#2 C:\xampp\htdocs\product1\system\CodeIgniter.php(398): CodeIgniter\CodeIgniter->runController(Object(App\Controllers\Home))
#3 C:\xampp\htdocs\product1\system\CodeIgniter.php(306): CodeIgniter\CodeIgniter->handleRequest(NULL, Object(Config\Cache), false)
#4 C:\xampp\htdocs\product1\public\index.php(45): CodeIgniter\CodeIgniter->run()
#5 {main}
CRITICAL - 2020-07-14 01:49:08 --> Undefined index: movie
#0 C:\xampp\htdocs\product1\app\Controllers\Home.php(290): CodeIgniter\Debug\Exceptions->errorHandler(8, 'Undefined index...', 'C:\\xampp\\htdocs...', 290, Array)
#1 C:\xampp\htdocs\product1\system\CodeIgniter.php(910): App\Controllers\Home->player('1', 'movie', 'adsvdo', '1588421549_969c...')
#2 C:\xampp\htdocs\product1\system\CodeIgniter.php(398): CodeIgniter\CodeIgniter->runController(Object(App\Controllers\Home))
#3 C:\xampp\htdocs\product1\system\CodeIgniter.php(306): CodeIgniter\CodeIgniter->handleRequest(NULL, Object(Config\Cache), false)
#4 C:\xampp\htdocs\product1\public\index.php(45): CodeIgniter\CodeIgniter->run()
#5 {main}
CRITICAL - 2020-07-14 01:49:09 --> Undefined index: movie
#0 C:\xampp\htdocs\product1\app\Controllers\Home.php(290): CodeIgniter\Debug\Exceptions->errorHandler(8, 'Undefined index...', 'C:\\xampp\\htdocs...', 290, Array)
#1 C:\xampp\htdocs\product1\system\CodeIgniter.php(910): App\Controllers\Home->player('1', 'movie', 'adsvdo', '1588421549_969c...')
#2 C:\xampp\htdocs\product1\system\CodeIgniter.php(398): CodeIgniter\CodeIgniter->runController(Object(App\Controllers\Home))
#3 C:\xampp\htdocs\product1\system\CodeIgniter.php(306): CodeIgniter\CodeIgniter->handleRequest(NULL, Object(Config\Cache), false)
#4 C:\xampp\htdocs\product1\public\index.php(45): CodeIgniter\CodeIgniter->run()
#5 {main}
CRITICAL - 2020-07-14 01:49:09 --> Undefined index: movie
#0 C:\xampp\htdocs\product1\app\Controllers\Home.php(290): CodeIgniter\Debug\Exceptions->errorHandler(8, 'Undefined index...', 'C:\\xampp\\htdocs...', 290, Array)
#1 C:\xampp\htdocs\product1\system\CodeIgniter.php(910): App\Controllers\Home->player('1', 'movie', 'adsvdo', '1590390745_c793...')
#2 C:\xampp\htdocs\product1\system\CodeIgniter.php(398): CodeIgniter\CodeIgniter->runController(Object(App\Controllers\Home))
#3 C:\xampp\htdocs\product1\system\CodeIgniter.php(306): CodeIgniter\CodeIgniter->handleRequest(NULL, Object(Config\Cache), false)
#4 C:\xampp\htdocs\product1\public\index.php(45): CodeIgniter\CodeIgniter->run()
#5 {main}
CRITICAL - 2020-07-14 01:49:11 --> Undefined index: movie
#0 C:\xampp\htdocs\product1\app\Controllers\Home.php(290): CodeIgniter\Debug\Exceptions->errorHandler(8, 'Undefined index...', 'C:\\xampp\\htdocs...', 290, Array)
#1 C:\xampp\htdocs\product1\system\CodeIgniter.php(910): App\Controllers\Home->player('1', 'movie', 'adsvdo', '1588421549_969c...')
#2 C:\xampp\htdocs\product1\system\CodeIgniter.php(398): CodeIgniter\CodeIgniter->runController(Object(App\Controllers\Home))
#3 C:\xampp\htdocs\product1\system\CodeIgniter.php(306): CodeIgniter\CodeIgniter->handleRequest(NULL, Object(Config\Cache), false)
#4 C:\xampp\htdocs\product1\public\index.php(45): CodeIgniter\CodeIgniter->run()
#5 {main}
CRITICAL - 2020-07-14 01:49:52 --> Undefined index: movie
#0 C:\xampp\htdocs\product1\app\Controllers\Home.php(290): CodeIgniter\Debug\Exceptions->errorHandler(8, 'Undefined index...', 'C:\\xampp\\htdocs...', 290, Array)
#1 C:\xampp\htdocs\product1\system\CodeIgniter.php(910): App\Controllers\Home->player('1', 'movie', 'adsvdo', '1588421549_969c...')
#2 C:\xampp\htdocs\product1\system\CodeIgniter.php(398): CodeIgniter\CodeIgniter->runController(Object(App\Controllers\Home))
#3 C:\xampp\htdocs\product1\system\CodeIgniter.php(306): CodeIgniter\CodeIgniter->handleRequest(NULL, Object(Config\Cache), false)
#4 C:\xampp\htdocs\product1\public\index.php(45): CodeIgniter\CodeIgniter->run()
#5 {main}
CRITICAL - 2020-07-14 01:49:53 --> Undefined index: movie
#0 C:\xampp\htdocs\product1\app\Controllers\Home.php(290): CodeIgniter\Debug\Exceptions->errorHandler(8, 'Undefined index...', 'C:\\xampp\\htdocs...', 290, Array)
#1 C:\xampp\htdocs\product1\system\CodeIgniter.php(910): App\Controllers\Home->player('1', 'movie', 'adsvdo', '1588421549_969c...')
#2 C:\xampp\htdocs\product1\system\CodeIgniter.php(398): CodeIgniter\CodeIgniter->runController(Object(App\Controllers\Home))
#3 C:\xampp\htdocs\product1\system\CodeIgniter.php(306): CodeIgniter\CodeIgniter->handleRequest(NULL, Object(Config\Cache), false)
#4 C:\xampp\htdocs\product1\public\index.php(45): CodeIgniter\CodeIgniter->run()
#5 {main}
CRITICAL - 2020-07-14 01:49:53 --> Undefined index: movie
#0 C:\xampp\htdocs\product1\app\Controllers\Home.php(290): CodeIgniter\Debug\Exceptions->errorHandler(8, 'Undefined index...', 'C:\\xampp\\htdocs...', 290, Array)
#1 C:\xampp\htdocs\product1\system\CodeIgniter.php(910): App\Controllers\Home->player('1', 'movie', 'adsvdo', '1590390745_c793...')
#2 C:\xampp\htdocs\product1\system\CodeIgniter.php(398): CodeIgniter\CodeIgniter->runController(Object(App\Controllers\Home))
#3 C:\xampp\htdocs\product1\system\CodeIgniter.php(306): CodeIgniter\CodeIgniter->handleRequest(NULL, Object(Config\Cache), false)
#4 C:\xampp\htdocs\product1\public\index.php(45): CodeIgniter\CodeIgniter->run()
#5 {main}
CRITICAL - 2020-07-14 01:52:28 --> Undefined property: Config\App::$backURL
#0 C:\xampp\htdocs\product1\app\Controllers\Home.php(19): CodeIgniter\Debug\Exceptions->errorHandler(8, 'Undefined prope...', 'C:\\xampp\\htdocs...', 19, Array)
#1 C:\xampp\htdocs\product1\system\CodeIgniter.php(882): App\Controllers\Home->__construct()
#2 C:\xampp\htdocs\product1\system\CodeIgniter.php(393): CodeIgniter\CodeIgniter->createController()
#3 C:\xampp\htdocs\product1\system\CodeIgniter.php(306): CodeIgniter\CodeIgniter->handleRequest(NULL, Object(Config\Cache), false)
#4 C:\xampp\htdocs\product1\public\index.php(45): CodeIgniter\CodeIgniter->run()
#5 {main}
CRITICAL - 2020-07-14 01:55:34 --> Undefined index: movie
#0 C:\xampp\htdocs\product1\app\Controllers\Home.php(296): CodeIgniter\Debug\Exceptions->errorHandler(8, 'Undefined index...', 'C:\\xampp\\htdocs...', 296, Array)
#1 C:\xampp\htdocs\product1\system\CodeIgniter.php(910): App\Controllers\Home->player('1', 'movie', 'adsvdo', '1588421549_969c...')
#2 C:\xampp\htdocs\product1\system\CodeIgniter.php(398): CodeIgniter\CodeIgniter->runController(Object(App\Controllers\Home))
#3 C:\xampp\htdocs\product1\system\CodeIgniter.php(306): CodeIgniter\CodeIgniter->handleRequest(NULL, Object(Config\Cache), false)
#4 C:\xampp\htdocs\product1\public\index.php(45): CodeIgniter\CodeIgniter->run()
#5 {main}
CRITICAL - 2020-07-14 01:55:35 --> Undefined index: movie
#0 C:\xampp\htdocs\product1\app\Controllers\Home.php(296): CodeIgniter\Debug\Exceptions->errorHandler(8, 'Undefined index...', 'C:\\xampp\\htdocs...', 296, Array)
#1 C:\xampp\htdocs\product1\system\CodeIgniter.php(910): App\Controllers\Home->player('1', 'movie', 'adsvdo', '1588421549_969c...')
#2 C:\xampp\htdocs\product1\system\CodeIgniter.php(398): CodeIgniter\CodeIgniter->runController(Object(App\Controllers\Home))
#3 C:\xampp\htdocs\product1\system\CodeIgniter.php(306): CodeIgniter\CodeIgniter->handleRequest(NULL, Object(Config\Cache), false)
#4 C:\xampp\htdocs\product1\public\index.php(45): CodeIgniter\CodeIgniter->run()
#5 {main}
CRITICAL - 2020-07-14 01:55:35 --> Undefined index: movie
#0 C:\xampp\htdocs\product1\app\Controllers\Home.php(296): CodeIgniter\Debug\Exceptions->errorHandler(8, 'Undefined index...', 'C:\\xampp\\htdocs...', 296, Array)
#1 C:\xampp\htdocs\product1\system\CodeIgniter.php(910): App\Controllers\Home->player('1', 'movie', 'adsvdo', '1590390745_c793...')
#2 C:\xampp\htdocs\product1\system\CodeIgniter.php(398): CodeIgniter\CodeIgniter->runController(Object(App\Controllers\Home))
#3 C:\xampp\htdocs\product1\system\CodeIgniter.php(306): CodeIgniter\CodeIgniter->handleRequest(NULL, Object(Config\Cache), false)
#4 C:\xampp\htdocs\product1\public\index.php(45): CodeIgniter\CodeIgniter->run()
#5 {main}
CRITICAL - 2020-07-14 01:55:40 --> Undefined index: movie
#0 C:\xampp\htdocs\product1\app\Controllers\Home.php(296): CodeIgniter\Debug\Exceptions->errorHandler(8, 'Undefined index...', 'C:\\xampp\\htdocs...', 296, Array)
#1 C:\xampp\htdocs\product1\system\CodeIgniter.php(910): App\Controllers\Home->player('1', 'movie', 'adsvdo', '1588421549_969c...')
#2 C:\xampp\htdocs\product1\system\CodeIgniter.php(398): CodeIgniter\CodeIgniter->runController(Object(App\Controllers\Home))
#3 C:\xampp\htdocs\product1\system\CodeIgniter.php(306): CodeIgniter\CodeIgniter->handleRequest(NULL, Object(Config\Cache), false)
#4 C:\xampp\htdocs\product1\public\index.php(45): CodeIgniter\CodeIgniter->run()
#5 {main}
CRITICAL - 2020-07-14 01:56:18 --> Undefined index: movie
#0 C:\xampp\htdocs\product1\app\Controllers\Home.php(289): CodeIgniter\Debug\Exceptions->errorHandler(8, 'Undefined index...', 'C:\\xampp\\htdocs...', 289, Array)
#1 C:\xampp\htdocs\product1\system\CodeIgniter.php(910): App\Controllers\Home->player('1', 'movie', 'adsvdo', '1588421549_969c...')
#2 C:\xampp\htdocs\product1\system\CodeIgniter.php(398): CodeIgniter\CodeIgniter->runController(Object(App\Controllers\Home))
#3 C:\xampp\htdocs\product1\system\CodeIgniter.php(306): CodeIgniter\CodeIgniter->handleRequest(NULL, Object(Config\Cache), false)
#4 C:\xampp\htdocs\product1\public\index.php(45): CodeIgniter\CodeIgniter->run()
#5 {main}
CRITICAL - 2020-07-14 01:56:18 --> Undefined index: movie
#0 C:\xampp\htdocs\product1\app\Controllers\Home.php(289): CodeIgniter\Debug\Exceptions->errorHandler(8, 'Undefined index...', 'C:\\xampp\\htdocs...', 289, Array)
#1 C:\xampp\htdocs\product1\system\CodeIgniter.php(910): App\Controllers\Home->player('1', 'movie', 'adsvdo', '1588421549_969c...')
#2 C:\xampp\htdocs\product1\system\CodeIgniter.php(398): CodeIgniter\CodeIgniter->runController(Object(App\Controllers\Home))
#3 C:\xampp\htdocs\product1\system\CodeIgniter.php(306): CodeIgniter\CodeIgniter->handleRequest(NULL, Object(Config\Cache), false)
#4 C:\xampp\htdocs\product1\public\index.php(45): CodeIgniter\CodeIgniter->run()
#5 {main}
CRITICAL - 2020-07-14 01:56:18 --> Undefined index: movie
#0 C:\xampp\htdocs\product1\app\Controllers\Home.php(289): CodeIgniter\Debug\Exceptions->errorHandler(8, 'Undefined index...', 'C:\\xampp\\htdocs...', 289, Array)
#1 C:\xampp\htdocs\product1\system\CodeIgniter.php(910): App\Controllers\Home->player('1', 'movie', 'adsvdo', '1590390745_c793...')
#2 C:\xampp\htdocs\product1\system\CodeIgniter.php(398): CodeIgniter\CodeIgniter->runController(Object(App\Controllers\Home))
#3 C:\xampp\htdocs\product1\system\CodeIgniter.php(306): CodeIgniter\CodeIgniter->handleRequest(NULL, Object(Config\Cache), false)
#4 C:\xampp\htdocs\product1\public\index.php(45): CodeIgniter\CodeIgniter->run()
#5 {main}
CRITICAL - 2020-07-14 01:56:30 --> Undefined variable: data
#0 C:\xampp\htdocs\product1\app\Views\player.php(8): CodeIgniter\Debug\Exceptions->errorHandler(8, 'Undefined varia...', 'C:\\xampp\\htdocs...', 8, Array)
#1 C:\xampp\htdocs\product1\system\View\View.php(236): include('C:\\xampp\\htdocs...')
#2 C:\xampp\htdocs\product1\system\Common.php(1071): CodeIgniter\View\View->render('player', Array, true)
#3 C:\xampp\htdocs\product1\app\Controllers\Home.php(295): view('player', Array)
#4 C:\xampp\htdocs\product1\system\CodeIgniter.php(910): App\Controllers\Home->player('1', 'movie_thmain')
#5 C:\xampp\htdocs\product1\system\CodeIgniter.php(398): CodeIgniter\CodeIgniter->runController(Object(App\Controllers\Home))
#6 C:\xampp\htdocs\product1\system\CodeIgniter.php(306): CodeIgniter\CodeIgniter->handleRequest(NULL, Object(Config\Cache), false)
#7 C:\xampp\htdocs\product1\public\index.php(45): CodeIgniter\CodeIgniter->run()
#8 {main}
CRITICAL - 2020-07-14 02:59:05 --> file_get_contents(): read of 8192 bytes failed with errno=13 Permission denied
#0 [internal function]: CodeIgniter\Debug\Exceptions->errorHandler(8, 'file_get_conten...', 'C:\\xampp\\htdocs...', 111, Array)
#1 C:\xampp\htdocs\product1\system\Debug\Toolbar\Collectors\History.php(111): file_get_contents('C:\\xampp\\htdocs...')
#2 C:\xampp\htdocs\product1\system\Debug\Toolbar.php(481): CodeIgniter\Debug\Toolbar\Collectors\History->setFiles(1594713545, 20)
#3 C:\xampp\htdocs\product1\system\Debug\Toolbar.php(454): CodeIgniter\Debug\Toolbar->format(Array, 'html')
#4 C:\xampp\htdocs\product1\app\Config\Events.php(44): CodeIgniter\Debug\Toolbar->respond()
#5 [internal function]: CodeIgniter\Events\Events::Config\{closure}()
#6 C:\xampp\htdocs\product1\system\Events\Events.php(188): call_user_func(Object(Closure))
#7 C:\xampp\htdocs\product1\system\CodeIgniter.php(287): CodeIgniter\Events\Events::trigger('pre_system')
#8 C:\xampp\htdocs\product1\public\index.php(45): CodeIgniter\CodeIgniter->run()
#9 {main}
