CRITICAL - 2020-07-09 01:40:38 --> Undefined variable: setting
#0 C:\xampp\htdocs\doonungset1\app\Views\templates\header.php(37): CodeIgniter\Debug\Exceptions->errorHandler(8, 'Undefined varia...', 'C:\\xampp\\htdocs...', 37, Array)
#1 C:\xampp\htdocs\doonungset1\system\View\View.php(236): include('C:\\xampp\\htdocs...')
#2 C:\xampp\htdocs\doonungset1\system\Common.php(1071): CodeIgniter\View\View->render('templates/heade...', Array, true)
#3 C:\xampp\htdocs\doonungset1\app\Controllers\Home.php(169): view('templates/heade...', Array)
#4 C:\xampp\htdocs\doonungset1\system\CodeIgniter.php(910): App\Controllers\Home->video('220', 'main')
#5 C:\xampp\htdocs\doonungset1\system\CodeIgniter.php(398): CodeIgniter\CodeIgniter->runController(Object(App\Controllers\Home))
#6 C:\xampp\htdocs\doonungset1\system\CodeIgniter.php(306): CodeIgniter\CodeIgniter->handleRequest(NULL, Object(Config\Cache), false)
#7 C:\xampp\htdocs\doonungset1\public\index.php(45): CodeIgniter\CodeIgniter->run()
#8 {main}
CRITICAL - 2020-07-09 01:40:42 --> Undefined variable: setting
#0 C:\xampp\htdocs\doonungset1\app\Views\templates\header.php(37): CodeIgniter\Debug\Exceptions->errorHandler(8, 'Undefined varia...', 'C:\\xampp\\htdocs...', 37, Array)
#1 C:\xampp\htdocs\doonungset1\system\View\View.php(236): include('C:\\xampp\\htdocs...')
#2 C:\xampp\htdocs\doonungset1\system\Common.php(1071): CodeIgniter\View\View->render('templates/heade...', Array, true)
#3 C:\xampp\htdocs\doonungset1\app\Controllers\Home.php(169): view('templates/heade...', Array)
#4 C:\xampp\htdocs\doonungset1\system\CodeIgniter.php(910): App\Controllers\Home->video('221', 'main')
#5 C:\xampp\htdocs\doonungset1\system\CodeIgniter.php(398): CodeIgniter\CodeIgniter->runController(Object(App\Controllers\Home))
#6 C:\xampp\htdocs\doonungset1\system\CodeIgniter.php(306): CodeIgniter\CodeIgniter->handleRequest(NULL, Object(Config\Cache), false)
#7 C:\xampp\htdocs\doonungset1\public\index.php(45): CodeIgniter\CodeIgniter->run()
#8 {main}
CRITICAL - 2020-07-09 01:45:01 --> Undefined variable: setting
#0 C:\xampp\htdocs\doonungset1\app\Views\templates\header.php(37): CodeIgniter\Debug\Exceptions->errorHandler(8, 'Undefined varia...', 'C:\\xampp\\htdocs...', 37, Array)
#1 C:\xampp\htdocs\doonungset1\system\View\View.php(236): include('C:\\xampp\\htdocs...')
#2 C:\xampp\htdocs\doonungset1\system\Common.php(1071): CodeIgniter\View\View->render('templates/heade...', Array, true)
#3 C:\xampp\htdocs\doonungset1\app\Controllers\Home.php(169): view('templates/heade...', Array)
#4 C:\xampp\htdocs\doonungset1\system\CodeIgniter.php(910): App\Controllers\Home->video('1', 'main')
#5 C:\xampp\htdocs\doonungset1\system\CodeIgniter.php(398): CodeIgniter\CodeIgniter->runController(Object(App\Controllers\Home))
#6 C:\xampp\htdocs\doonungset1\system\CodeIgniter.php(306): CodeIgniter\CodeIgniter->handleRequest(NULL, Object(Config\Cache), false)
#7 C:\xampp\htdocs\doonungset1\public\index.php(45): CodeIgniter\CodeIgniter->run()
#8 {main}
CRITICAL - 2020-07-09 01:50:51 --> Undefined index: movie
#0 C:\xampp\htdocs\doonungset1\app\Controllers\Home.php(187): CodeIgniter\Debug\Exceptions->errorHandler(8, 'Undefined index...', 'C:\\xampp\\htdocs...', 187, Array)
#1 C:\xampp\htdocs\doonungset1\system\CodeIgniter.php(910): App\Controllers\Home->player('73', 'movie', 'adsvdo', '1588421549_969c...')
#2 C:\xampp\htdocs\doonungset1\system\CodeIgniter.php(398): CodeIgniter\CodeIgniter->runController(Object(App\Controllers\Home))
#3 C:\xampp\htdocs\doonungset1\system\CodeIgniter.php(306): CodeIgniter\CodeIgniter->handleRequest(NULL, Object(Config\Cache), false)
#4 C:\xampp\htdocs\doonungset1\public\index.php(45): CodeIgniter\CodeIgniter->run()
#5 {main}
CRITICAL - 2020-07-09 01:50:59 --> Undefined index: movie
#0 C:\xampp\htdocs\doonungset1\app\Controllers\Home.php(187): CodeIgniter\Debug\Exceptions->errorHandler(8, 'Undefined index...', 'C:\\xampp\\htdocs...', 187, Array)
#1 C:\xampp\htdocs\doonungset1\system\CodeIgniter.php(910): App\Controllers\Home->player('72', 'movie', 'adsvdo', '1588421549_969c...')
#2 C:\xampp\htdocs\doonungset1\system\CodeIgniter.php(398): CodeIgniter\CodeIgniter->runController(Object(App\Controllers\Home))
#3 C:\xampp\htdocs\doonungset1\system\CodeIgniter.php(306): CodeIgniter\CodeIgniter->handleRequest(NULL, Object(Config\Cache), false)
#4 C:\xampp\htdocs\doonungset1\public\index.php(45): CodeIgniter\CodeIgniter->run()
#5 {main}
CRITICAL - 2020-07-09 01:51:00 --> Undefined index: movie
#0 C:\xampp\htdocs\doonungset1\app\Controllers\Home.php(187): CodeIgniter\Debug\Exceptions->errorHandler(8, 'Undefined index...', 'C:\\xampp\\htdocs...', 187, Array)
#1 C:\xampp\htdocs\doonungset1\system\CodeIgniter.php(910): App\Controllers\Home->player('72', 'movie', 'adsvdo', '1588421549_969c...')
#2 C:\xampp\htdocs\doonungset1\system\CodeIgniter.php(398): CodeIgniter\CodeIgniter->runController(Object(App\Controllers\Home))
#3 C:\xampp\htdocs\doonungset1\system\CodeIgniter.php(306): CodeIgniter\CodeIgniter->handleRequest(NULL, Object(Config\Cache), false)
#4 C:\xampp\htdocs\doonungset1\public\index.php(45): CodeIgniter\CodeIgniter->run()
#5 {main}
CRITICAL - 2020-07-09 01:51:00 --> Undefined index: movie
#0 C:\xampp\htdocs\doonungset1\app\Controllers\Home.php(187): CodeIgniter\Debug\Exceptions->errorHandler(8, 'Undefined index...', 'C:\\xampp\\htdocs...', 187, Array)
#1 C:\xampp\htdocs\doonungset1\system\CodeIgniter.php(910): App\Controllers\Home->player('72', 'movie', 'adsvdo', '1590390745_c793...')
#2 C:\xampp\htdocs\doonungset1\system\CodeIgniter.php(398): CodeIgniter\CodeIgniter->runController(Object(App\Controllers\Home))
#3 C:\xampp\htdocs\doonungset1\system\CodeIgniter.php(306): CodeIgniter\CodeIgniter->handleRequest(NULL, Object(Config\Cache), false)
#4 C:\xampp\htdocs\doonungset1\public\index.php(45): CodeIgniter\CodeIgniter->run()
#5 {main}
CRITICAL - 2020-07-09 02:32:59 --> Call to undefined method App\Controllers\Home::DateThai()
#0 C:\xampp\htdocs\doonungset1\system\CodeIgniter.php(910): App\Controllers\Home->video_bycate('6')
#1 C:\xampp\htdocs\doonungset1\system\CodeIgniter.php(398): CodeIgniter\CodeIgniter->runController(Object(App\Controllers\Home))
#2 C:\xampp\htdocs\doonungset1\system\CodeIgniter.php(306): CodeIgniter\CodeIgniter->handleRequest(NULL, Object(Config\Cache), false)
#3 C:\xampp\htdocs\doonungset1\public\index.php(45): CodeIgniter\CodeIgniter->run()
#4 {main}
CRITICAL - 2020-07-09 02:33:12 --> Invalid file: {0}
#0 C:\xampp\htdocs\doonungset1\system\View\View.php(224): CodeIgniter\Exceptions\FrameworkException::forInvalidFile('template/header...')
#1 C:\xampp\htdocs\doonungset1\system\Common.php(1071): CodeIgniter\View\View->render('template/header', Array, true)
#2 C:\xampp\htdocs\doonungset1\app\Controllers\Home.php(120): view('template/header', Array)
#3 C:\xampp\htdocs\doonungset1\system\CodeIgniter.php(910): App\Controllers\Home->video_bycate('6')
#4 C:\xampp\htdocs\doonungset1\system\CodeIgniter.php(398): CodeIgniter\CodeIgniter->runController(Object(App\Controllers\Home))
#5 C:\xampp\htdocs\doonungset1\system\CodeIgniter.php(306): CodeIgniter\CodeIgniter->handleRequest(NULL, Object(Config\Cache), false)
#6 C:\xampp\htdocs\doonungset1\public\index.php(45): CodeIgniter\CodeIgniter->run()
#7 {main}
CRITICAL - 2020-07-09 02:34:10 --> Invalid file: {0}
#0 C:\xampp\htdocs\doonungset1\system\View\View.php(224): CodeIgniter\Exceptions\FrameworkException::forInvalidFile('template/header...')
#1 C:\xampp\htdocs\doonungset1\system\Common.php(1071): CodeIgniter\View\View->render('template/header', Array, true)
#2 C:\xampp\htdocs\doonungset1\app\Controllers\Home.php(120): view('template/header', Array)
#3 C:\xampp\htdocs\doonungset1\system\CodeIgniter.php(910): App\Controllers\Home->video_bycate('6')
#4 C:\xampp\htdocs\doonungset1\system\CodeIgniter.php(398): CodeIgniter\CodeIgniter->runController(Object(App\Controllers\Home))
#5 C:\xampp\htdocs\doonungset1\system\CodeIgniter.php(306): CodeIgniter\CodeIgniter->handleRequest(NULL, Object(Config\Cache), false)
#6 C:\xampp\htdocs\doonungset1\public\index.php(45): CodeIgniter\CodeIgniter->run()
#7 {main}
CRITICAL - 2020-07-09 02:34:44 --> Undefined variable: listcontent
#0 C:\xampp\htdocs\doonungset1\app\Controllers\Home.php(120): CodeIgniter\Debug\Exceptions->errorHandler(8, 'Undefined varia...', 'C:\\xampp\\htdocs...', 120, Array)
#1 C:\xampp\htdocs\doonungset1\system\CodeIgniter.php(910): App\Controllers\Home->video_bycate('6')
#2 C:\xampp\htdocs\doonungset1\system\CodeIgniter.php(398): CodeIgniter\CodeIgniter->runController(Object(App\Controllers\Home))
#3 C:\xampp\htdocs\doonungset1\system\CodeIgniter.php(306): CodeIgniter\CodeIgniter->handleRequest(NULL, Object(Config\Cache), false)
#4 C:\xampp\htdocs\doonungset1\public\index.php(45): CodeIgniter\CodeIgniter->run()
#5 {main}
CRITICAL - 2020-07-09 02:35:55 --> Invalid file: {0}
#0 C:\xampp\htdocs\doonungset1\system\View\View.php(224): CodeIgniter\Exceptions\FrameworkException::forInvalidFile('template/header...')
#1 C:\xampp\htdocs\doonungset1\system\Common.php(1071): CodeIgniter\View\View->render('template/header', Array, true)
#2 C:\xampp\htdocs\doonungset1\app\Controllers\Home.php(122): view('template/header', Array)
#3 C:\xampp\htdocs\doonungset1\system\CodeIgniter.php(910): App\Controllers\Home->video_bycate('6')
#4 C:\xampp\htdocs\doonungset1\system\CodeIgniter.php(398): CodeIgniter\CodeIgniter->runController(Object(App\Controllers\Home))
#5 C:\xampp\htdocs\doonungset1\system\CodeIgniter.php(306): CodeIgniter\CodeIgniter->handleRequest(NULL, Object(Config\Cache), false)
#6 C:\xampp\htdocs\doonungset1\public\index.php(45): CodeIgniter\CodeIgniter->run()
#7 {main}
CRITICAL - 2020-07-09 02:38:55 --> Invalid file: {0}
#0 C:\xampp\htdocs\doonungset1\system\View\View.php(224): CodeIgniter\Exceptions\FrameworkException::forInvalidFile('template/search...')
#1 C:\xampp\htdocs\doonungset1\system\Common.php(1071): CodeIgniter\View\View->render('template/search', Array, true)
#2 C:\xampp\htdocs\doonungset1\app\Controllers\Home.php(124): view('template/search', Array, Array)
#3 C:\xampp\htdocs\doonungset1\system\CodeIgniter.php(910): App\Controllers\Home->video_bycate('6')
#4 C:\xampp\htdocs\doonungset1\system\CodeIgniter.php(398): CodeIgniter\CodeIgniter->runController(Object(App\Controllers\Home))
#5 C:\xampp\htdocs\doonungset1\system\CodeIgniter.php(306): CodeIgniter\CodeIgniter->handleRequest(NULL, Object(Config\Cache), false)
#6 C:\xampp\htdocs\doonungset1\public\index.php(45): CodeIgniter\CodeIgniter->run()
#7 {main}
CRITICAL - 2020-07-09 02:39:56 --> Invalid file: {0}
#0 C:\xampp\htdocs\doonungset1\system\View\View.php(224): CodeIgniter\Exceptions\FrameworkException::forInvalidFile('template/search...')
#1 C:\xampp\htdocs\doonungset1\system\Common.php(1071): CodeIgniter\View\View->render('template/search', Array, true)
#2 C:\xampp\htdocs\doonungset1\app\Controllers\Home.php(124): view('template/search', Array, Array)
#3 C:\xampp\htdocs\doonungset1\system\CodeIgniter.php(910): App\Controllers\Home->video_bycate('6')
#4 C:\xampp\htdocs\doonungset1\system\CodeIgniter.php(398): CodeIgniter\CodeIgniter->runController(Object(App\Controllers\Home))
#5 C:\xampp\htdocs\doonungset1\system\CodeIgniter.php(306): CodeIgniter\CodeIgniter->handleRequest(NULL, Object(Config\Cache), false)
#6 C:\xampp\htdocs\doonungset1\public\index.php(45): CodeIgniter\CodeIgniter->run()
#7 {main}
CRITICAL - 2020-07-09 02:41:21 --> Invalid file: {0}
#0 C:\xampp\htdocs\doonungset1\system\View\View.php(224): CodeIgniter\Exceptions\FrameworkException::forInvalidFile('template/search...')
#1 C:\xampp\htdocs\doonungset1\system\Common.php(1071): CodeIgniter\View\View->render('template/search', Array, true)
#2 C:\xampp\htdocs\doonungset1\app\Controllers\Home.php(124): view('template/search', Array, Array)
#3 C:\xampp\htdocs\doonungset1\system\CodeIgniter.php(910): App\Controllers\Home->video_bycate('7')
#4 C:\xampp\htdocs\doonungset1\system\CodeIgniter.php(398): CodeIgniter\CodeIgniter->runController(Object(App\Controllers\Home))
#5 C:\xampp\htdocs\doonungset1\system\CodeIgniter.php(306): CodeIgniter\CodeIgniter->handleRequest(NULL, Object(Config\Cache), false)
#6 C:\xampp\htdocs\doonungset1\public\index.php(45): CodeIgniter\CodeIgniter->run()
#7 {main}
CRITICAL - 2020-07-09 02:41:25 --> Invalid file: {0}
#0 C:\xampp\htdocs\doonungset1\system\View\View.php(224): CodeIgniter\Exceptions\FrameworkException::forInvalidFile('template/search...')
#1 C:\xampp\htdocs\doonungset1\system\Common.php(1071): CodeIgniter\View\View->render('template/search', Array, true)
#2 C:\xampp\htdocs\doonungset1\app\Controllers\Home.php(124): view('template/search', Array, Array)
#3 C:\xampp\htdocs\doonungset1\system\CodeIgniter.php(910): App\Controllers\Home->video_bycate('8')
#4 C:\xampp\htdocs\doonungset1\system\CodeIgniter.php(398): CodeIgniter\CodeIgniter->runController(Object(App\Controllers\Home))
#5 C:\xampp\htdocs\doonungset1\system\CodeIgniter.php(306): CodeIgniter\CodeIgniter->handleRequest(NULL, Object(Config\Cache), false)
#6 C:\xampp\htdocs\doonungset1\public\index.php(45): CodeIgniter\CodeIgniter->run()
#7 {main}
CRITICAL - 2020-07-09 02:42:45 --> Invalid file: {0}
#0 C:\xampp\htdocs\doonungset1\system\View\View.php(224): CodeIgniter\Exceptions\FrameworkException::forInvalidFile('template/search...')
#1 C:\xampp\htdocs\doonungset1\system\Common.php(1071): CodeIgniter\View\View->render('template/search', Array, true)
#2 C:\xampp\htdocs\doonungset1\app\Controllers\Home.php(124): view('template/search', Array, Array)
#3 C:\xampp\htdocs\doonungset1\system\CodeIgniter.php(910): App\Controllers\Home->video_bycate('6')
#4 C:\xampp\htdocs\doonungset1\system\CodeIgniter.php(398): CodeIgniter\CodeIgniter->runController(Object(App\Controllers\Home))
#5 C:\xampp\htdocs\doonungset1\system\CodeIgniter.php(306): CodeIgniter\CodeIgniter->handleRequest(NULL, Object(Config\Cache), false)
#6 C:\xampp\htdocs\doonungset1\public\index.php(45): CodeIgniter\CodeIgniter->run()
#7 {main}
CRITICAL - 2020-07-09 02:43:54 --> Undefined variable: listcontent
#0 C:\xampp\htdocs\doonungset1\app\Controllers\Home.php(121): CodeIgniter\Debug\Exceptions->errorHandler(8, 'Undefined varia...', 'C:\\xampp\\htdocs...', 121, Array)
#1 C:\xampp\htdocs\doonungset1\system\CodeIgniter.php(910): App\Controllers\Home->video_bycate('6')
#2 C:\xampp\htdocs\doonungset1\system\CodeIgniter.php(398): CodeIgniter\CodeIgniter->runController(Object(App\Controllers\Home))
#3 C:\xampp\htdocs\doonungset1\system\CodeIgniter.php(306): CodeIgniter\CodeIgniter->handleRequest(NULL, Object(Config\Cache), false)
#4 C:\xampp\htdocs\doonungset1\public\index.php(45): CodeIgniter\CodeIgniter->run()
#5 {main}
CRITICAL - 2020-07-09 02:44:09 --> Invalid file: {0}
#0 C:\xampp\htdocs\doonungset1\system\View\View.php(224): CodeIgniter\Exceptions\FrameworkException::forInvalidFile('template/header...')
#1 C:\xampp\htdocs\doonungset1\system\Common.php(1071): CodeIgniter\View\View->render('template/header', Array, true)
#2 C:\xampp\htdocs\doonungset1\app\Controllers\Home.php(122): view('template/header', Array)
#3 C:\xampp\htdocs\doonungset1\system\CodeIgniter.php(910): App\Controllers\Home->video_bycate('6')
#4 C:\xampp\htdocs\doonungset1\system\CodeIgniter.php(398): CodeIgniter\CodeIgniter->runController(Object(App\Controllers\Home))
#5 C:\xampp\htdocs\doonungset1\system\CodeIgniter.php(306): CodeIgniter\CodeIgniter->handleRequest(NULL, Object(Config\Cache), false)
#6 C:\xampp\htdocs\doonungset1\public\index.php(45): CodeIgniter\CodeIgniter->run()
#7 {main}
CRITICAL - 2020-07-09 02:44:16 --> Undefined variable: setting
#0 C:\xampp\htdocs\doonungset1\app\Views\templates\header.php(37): CodeIgniter\Debug\Exceptions->errorHandler(8, 'Undefined varia...', 'C:\\xampp\\htdocs...', 37, Array)
#1 C:\xampp\htdocs\doonungset1\system\View\View.php(236): include('C:\\xampp\\htdocs...')
#2 C:\xampp\htdocs\doonungset1\system\Common.php(1071): CodeIgniter\View\View->render('templates/heade...', Array, true)
#3 C:\xampp\htdocs\doonungset1\app\Controllers\Home.php(122): view('templates/heade...', Array)
#4 C:\xampp\htdocs\doonungset1\system\CodeIgniter.php(910): App\Controllers\Home->video_bycate('6')
#5 C:\xampp\htdocs\doonungset1\system\CodeIgniter.php(398): CodeIgniter\CodeIgniter->runController(Object(App\Controllers\Home))
#6 C:\xampp\htdocs\doonungset1\system\CodeIgniter.php(306): CodeIgniter\CodeIgniter->handleRequest(NULL, Object(Config\Cache), false)
#7 C:\xampp\htdocs\doonungset1\public\index.php(45): CodeIgniter\CodeIgniter->run()
#8 {main}
CRITICAL - 2020-07-09 02:44:36 --> Call to undefined method App\Controllers\Home::DateThai()
#0 C:\xampp\htdocs\doonungset1\system\CodeIgniter.php(910): App\Controllers\Home->video_bycate('6')
#1 C:\xampp\htdocs\doonungset1\system\CodeIgniter.php(398): CodeIgniter\CodeIgniter->runController(Object(App\Controllers\Home))
#2 C:\xampp\htdocs\doonungset1\system\CodeIgniter.php(306): CodeIgniter\CodeIgniter->handleRequest(NULL, Object(Config\Cache), false)
#3 C:\xampp\htdocs\doonungset1\public\index.php(45): CodeIgniter\CodeIgniter->run()
#4 {main}
CRITICAL - 2020-07-09 02:46:01 --> Undefined index: movie_view
#0 C:\xampp\htdocs\doonungset1\app\Views\templates\search.php(143): CodeIgniter\Debug\Exceptions->errorHandler(8, 'Undefined index...', 'C:\\xampp\\htdocs...', 143, Array)
#1 C:\xampp\htdocs\doonungset1\system\View\View.php(236): include('C:\\xampp\\htdocs...')
#2 C:\xampp\htdocs\doonungset1\system\Common.php(1071): CodeIgniter\View\View->render('templates/searc...', Array, true)
#3 C:\xampp\htdocs\doonungset1\app\Controllers\Home.php(125): view('templates/searc...', Array, Array)
#4 C:\xampp\htdocs\doonungset1\system\CodeIgniter.php(910): App\Controllers\Home->video_bycate('6')
#5 C:\xampp\htdocs\doonungset1\system\CodeIgniter.php(398): CodeIgniter\CodeIgniter->runController(Object(App\Controllers\Home))
#6 C:\xampp\htdocs\doonungset1\system\CodeIgniter.php(306): CodeIgniter\CodeIgniter->handleRequest(NULL, Object(Config\Cache), false)
#7 C:\xampp\htdocs\doonungset1\public\index.php(45): CodeIgniter\CodeIgniter->run()
#8 {main}
CRITICAL - 2020-07-09 02:46:02 --> Undefined index: movie_view
#0 C:\xampp\htdocs\doonungset1\app\Views\templates\search.php(143): CodeIgniter\Debug\Exceptions->errorHandler(8, 'Undefined index...', 'C:\\xampp\\htdocs...', 143, Array)
#1 C:\xampp\htdocs\doonungset1\system\View\View.php(236): include('C:\\xampp\\htdocs...')
#2 C:\xampp\htdocs\doonungset1\system\Common.php(1071): CodeIgniter\View\View->render('templates/searc...', Array, true)
#3 C:\xampp\htdocs\doonungset1\app\Controllers\Home.php(125): view('templates/searc...', Array, Array)
#4 C:\xampp\htdocs\doonungset1\system\CodeIgniter.php(910): App\Controllers\Home->video_bycate('6')
#5 C:\xampp\htdocs\doonungset1\system\CodeIgniter.php(398): CodeIgniter\CodeIgniter->runController(Object(App\Controllers\Home))
#6 C:\xampp\htdocs\doonungset1\system\CodeIgniter.php(306): CodeIgniter\CodeIgniter->handleRequest(NULL, Object(Config\Cache), false)
#7 C:\xampp\htdocs\doonungset1\public\index.php(45): CodeIgniter\CodeIgniter->run()
#8 {main}
CRITICAL - 2020-07-09 02:51:00 --> Undefined index: movie
#0 C:\xampp\htdocs\doonungset1\app\Controllers\Home.php(247): CodeIgniter\Debug\Exceptions->errorHandler(8, 'Undefined index...', 'C:\\xampp\\htdocs...', 247, Array)
#1 C:\xampp\htdocs\doonungset1\system\CodeIgniter.php(910): App\Controllers\Home->player('719', 'movie', 'adsvdo', '1588421549_969c...')
#2 C:\xampp\htdocs\doonungset1\system\CodeIgniter.php(398): CodeIgniter\CodeIgniter->runController(Object(App\Controllers\Home))
#3 C:\xampp\htdocs\doonungset1\system\CodeIgniter.php(306): CodeIgniter\CodeIgniter->handleRequest(NULL, Object(Config\Cache), false)
#4 C:\xampp\htdocs\doonungset1\public\index.php(45): CodeIgniter\CodeIgniter->run()
#5 {main}
CRITICAL - 2020-07-09 03:44:39 --> Undefined variable: listyear
#0 C:\xampp\htdocs\doonungset1\app\Views\templates\search1.php(15): CodeIgniter\Debug\Exceptions->errorHandler(8, 'Undefined varia...', 'C:\\xampp\\htdocs...', 15, Array)
#1 C:\xampp\htdocs\doonungset1\system\View\View.php(236): include('C:\\xampp\\htdocs...')
#2 C:\xampp\htdocs\doonungset1\system\Common.php(1071): CodeIgniter\View\View->render('templates/searc...', Array, true)
#3 C:\xampp\htdocs\doonungset1\app\Controllers\Home.php(126): view('templates/searc...', Array, Array)
#4 C:\xampp\htdocs\doonungset1\system\CodeIgniter.php(910): App\Controllers\Home->video_bycate('6')
#5 C:\xampp\htdocs\doonungset1\system\CodeIgniter.php(398): CodeIgniter\CodeIgniter->runController(Object(App\Controllers\Home))
#6 C:\xampp\htdocs\doonungset1\system\CodeIgniter.php(306): CodeIgniter\CodeIgniter->handleRequest(NULL, Object(Config\Cache), false)
#7 C:\xampp\htdocs\doonungset1\public\index.php(45): CodeIgniter\CodeIgniter->run()
#8 {main}
CRITICAL - 2020-07-09 03:44:39 --> Undefined variable: listyear
#0 C:\xampp\htdocs\doonungset1\app\Views\templates\search1.php(15): CodeIgniter\Debug\Exceptions->errorHandler(8, 'Undefined varia...', 'C:\\xampp\\htdocs...', 15, Array)
#1 C:\xampp\htdocs\doonungset1\system\View\View.php(236): include('C:\\xampp\\htdocs...')
#2 C:\xampp\htdocs\doonungset1\system\Common.php(1071): CodeIgniter\View\View->render('templates/searc...', Array, true)
#3 C:\xampp\htdocs\doonungset1\app\Controllers\Home.php(126): view('templates/searc...', Array, Array)
#4 C:\xampp\htdocs\doonungset1\system\CodeIgniter.php(910): App\Controllers\Home->video_bycate('6')
#5 C:\xampp\htdocs\doonungset1\system\CodeIgniter.php(398): CodeIgniter\CodeIgniter->runController(Object(App\Controllers\Home))
#6 C:\xampp\htdocs\doonungset1\system\CodeIgniter.php(306): CodeIgniter\CodeIgniter->handleRequest(NULL, Object(Config\Cache), false)
#7 C:\xampp\htdocs\doonungset1\public\index.php(45): CodeIgniter\CodeIgniter->run()
#8 {main}
CRITICAL - 2020-07-09 03:45:24 --> Undefined variable: listyear
#0 C:\xampp\htdocs\doonungset1\app\Views\templates\search1.php(15): CodeIgniter\Debug\Exceptions->errorHandler(8, 'Undefined varia...', 'C:\\xampp\\htdocs...', 15, Array)
#1 C:\xampp\htdocs\doonungset1\system\View\View.php(236): include('C:\\xampp\\htdocs...')
#2 C:\xampp\htdocs\doonungset1\system\Common.php(1071): CodeIgniter\View\View->render('templates/searc...', Array, true)
#3 C:\xampp\htdocs\doonungset1\app\Controllers\Home.php(126): view('templates/searc...', Array, Array)
#4 C:\xampp\htdocs\doonungset1\system\CodeIgniter.php(910): App\Controllers\Home->video_bycate('6')
#5 C:\xampp\htdocs\doonungset1\system\CodeIgniter.php(398): CodeIgniter\CodeIgniter->runController(Object(App\Controllers\Home))
#6 C:\xampp\htdocs\doonungset1\system\CodeIgniter.php(306): CodeIgniter\CodeIgniter->handleRequest(NULL, Object(Config\Cache), false)
#7 C:\xampp\htdocs\doonungset1\public\index.php(45): CodeIgniter\CodeIgniter->run()
#8 {main}
CRITICAL - 2020-07-09 03:45:24 --> Undefined variable: listyear
#0 C:\xampp\htdocs\doonungset1\app\Views\templates\search1.php(15): CodeIgniter\Debug\Exceptions->errorHandler(8, 'Undefined varia...', 'C:\\xampp\\htdocs...', 15, Array)
#1 C:\xampp\htdocs\doonungset1\system\View\View.php(236): include('C:\\xampp\\htdocs...')
#2 C:\xampp\htdocs\doonungset1\system\Common.php(1071): CodeIgniter\View\View->render('templates/searc...', Array, true)
#3 C:\xampp\htdocs\doonungset1\app\Controllers\Home.php(126): view('templates/searc...', Array, Array)
#4 C:\xampp\htdocs\doonungset1\system\CodeIgniter.php(910): App\Controllers\Home->video_bycate('6')
#5 C:\xampp\htdocs\doonungset1\system\CodeIgniter.php(398): CodeIgniter\CodeIgniter->runController(Object(App\Controllers\Home))
#6 C:\xampp\htdocs\doonungset1\system\CodeIgniter.php(306): CodeIgniter\CodeIgniter->handleRequest(NULL, Object(Config\Cache), false)
#7 C:\xampp\htdocs\doonungset1\public\index.php(45): CodeIgniter\CodeIgniter->run()
#8 {main}
CRITICAL - 2020-07-09 03:45:43 --> Undefined variable: listyear
#0 C:\xampp\htdocs\doonungset1\app\Views\templates\search1.php(15): CodeIgniter\Debug\Exceptions->errorHandler(8, 'Undefined varia...', 'C:\\xampp\\htdocs...', 15, Array)
#1 C:\xampp\htdocs\doonungset1\system\View\View.php(236): include('C:\\xampp\\htdocs...')
#2 C:\xampp\htdocs\doonungset1\system\Common.php(1071): CodeIgniter\View\View->render('templates/searc...', Array, true)
#3 C:\xampp\htdocs\doonungset1\app\Controllers\Home.php(127): view('templates/searc...', Array, Array)
#4 C:\xampp\htdocs\doonungset1\system\CodeIgniter.php(910): App\Controllers\Home->video_bycate('6')
#5 C:\xampp\htdocs\doonungset1\system\CodeIgniter.php(398): CodeIgniter\CodeIgniter->runController(Object(App\Controllers\Home))
#6 C:\xampp\htdocs\doonungset1\system\CodeIgniter.php(306): CodeIgniter\CodeIgniter->handleRequest(NULL, Object(Config\Cache), false)
#7 C:\xampp\htdocs\doonungset1\public\index.php(45): CodeIgniter\CodeIgniter->run()
#8 {main}
CRITICAL - 2020-07-09 03:45:43 --> Undefined variable: listyear
#0 C:\xampp\htdocs\doonungset1\app\Views\templates\search1.php(15): CodeIgniter\Debug\Exceptions->errorHandler(8, 'Undefined varia...', 'C:\\xampp\\htdocs...', 15, Array)
#1 C:\xampp\htdocs\doonungset1\system\View\View.php(236): include('C:\\xampp\\htdocs...')
#2 C:\xampp\htdocs\doonungset1\system\Common.php(1071): CodeIgniter\View\View->render('templates/searc...', Array, true)
#3 C:\xampp\htdocs\doonungset1\app\Controllers\Home.php(127): view('templates/searc...', Array, Array)
#4 C:\xampp\htdocs\doonungset1\system\CodeIgniter.php(910): App\Controllers\Home->video_bycate('6')
#5 C:\xampp\htdocs\doonungset1\system\CodeIgniter.php(398): CodeIgniter\CodeIgniter->runController(Object(App\Controllers\Home))
#6 C:\xampp\htdocs\doonungset1\system\CodeIgniter.php(306): CodeIgniter\CodeIgniter->handleRequest(NULL, Object(Config\Cache), false)
#7 C:\xampp\htdocs\doonungset1\public\index.php(45): CodeIgniter\CodeIgniter->run()
#8 {main}
CRITICAL - 2020-07-09 03:46:14 --> Undefined variable: paginate
#0 C:\xampp\htdocs\doonungset1\app\Views\templates\search1.php(102): CodeIgniter\Debug\Exceptions->errorHandler(8, 'Undefined varia...', 'C:\\xampp\\htdocs...', 102, Array)
#1 C:\xampp\htdocs\doonungset1\system\View\View.php(236): include('C:\\xampp\\htdocs...')
#2 C:\xampp\htdocs\doonungset1\system\Common.php(1071): CodeIgniter\View\View->render('templates/searc...', Array, true)
#3 C:\xampp\htdocs\doonungset1\app\Controllers\Home.php(128): view('templates/searc...', Array, Array)
#4 C:\xampp\htdocs\doonungset1\system\CodeIgniter.php(910): App\Controllers\Home->video_bycate('6')
#5 C:\xampp\htdocs\doonungset1\system\CodeIgniter.php(398): CodeIgniter\CodeIgniter->runController(Object(App\Controllers\Home))
#6 C:\xampp\htdocs\doonungset1\system\CodeIgniter.php(306): CodeIgniter\CodeIgniter->handleRequest(NULL, Object(Config\Cache), false)
#7 C:\xampp\htdocs\doonungset1\public\index.php(45): CodeIgniter\CodeIgniter->run()
#8 {main}
CRITICAL - 2020-07-09 03:46:14 --> Undefined variable: paginate
#0 C:\xampp\htdocs\doonungset1\app\Views\templates\search1.php(102): CodeIgniter\Debug\Exceptions->errorHandler(8, 'Undefined varia...', 'C:\\xampp\\htdocs...', 102, Array)
#1 C:\xampp\htdocs\doonungset1\system\View\View.php(236): include('C:\\xampp\\htdocs...')
#2 C:\xampp\htdocs\doonungset1\system\Common.php(1071): CodeIgniter\View\View->render('templates/searc...', Array, true)
#3 C:\xampp\htdocs\doonungset1\app\Controllers\Home.php(128): view('templates/searc...', Array, Array)
#4 C:\xampp\htdocs\doonungset1\system\CodeIgniter.php(910): App\Controllers\Home->video_bycate('6')
#5 C:\xampp\htdocs\doonungset1\system\CodeIgniter.php(398): CodeIgniter\CodeIgniter->runController(Object(App\Controllers\Home))
#6 C:\xampp\htdocs\doonungset1\system\CodeIgniter.php(306): CodeIgniter\CodeIgniter->handleRequest(NULL, Object(Config\Cache), false)
#7 C:\xampp\htdocs\doonungset1\public\index.php(45): CodeIgniter\CodeIgniter->run()
#8 {main}
CRITICAL - 2020-07-09 03:47:02 --> Undefined index: page
#0 C:\xampp\htdocs\doonungset1\app\Views\templates\search1.php(102): CodeIgniter\Debug\Exceptions->errorHandler(8, 'Undefined index...', 'C:\\xampp\\htdocs...', 102, Array)
#1 C:\xampp\htdocs\doonungset1\system\View\View.php(236): include('C:\\xampp\\htdocs...')
#2 C:\xampp\htdocs\doonungset1\system\Common.php(1071): CodeIgniter\View\View->render('templates/searc...', Array, true)
#3 C:\xampp\htdocs\doonungset1\app\Controllers\Home.php(129): view('templates/searc...', Array, Array)
#4 C:\xampp\htdocs\doonungset1\system\CodeIgniter.php(910): App\Controllers\Home->video_bycate('6')
#5 C:\xampp\htdocs\doonungset1\system\CodeIgniter.php(398): CodeIgniter\CodeIgniter->runController(Object(App\Controllers\Home))
#6 C:\xampp\htdocs\doonungset1\system\CodeIgniter.php(306): CodeIgniter\CodeIgniter->handleRequest(NULL, Object(Config\Cache), false)
#7 C:\xampp\htdocs\doonungset1\public\index.php(45): CodeIgniter\CodeIgniter->run()
#8 {main}
CRITICAL - 2020-07-09 03:47:02 --> Undefined index: page
#0 C:\xampp\htdocs\doonungset1\app\Views\templates\search1.php(102): CodeIgniter\Debug\Exceptions->errorHandler(8, 'Undefined index...', 'C:\\xampp\\htdocs...', 102, Array)
#1 C:\xampp\htdocs\doonungset1\system\View\View.php(236): include('C:\\xampp\\htdocs...')
#2 C:\xampp\htdocs\doonungset1\system\Common.php(1071): CodeIgniter\View\View->render('templates/searc...', Array, true)
#3 C:\xampp\htdocs\doonungset1\app\Controllers\Home.php(129): view('templates/searc...', Array, Array)
#4 C:\xampp\htdocs\doonungset1\system\CodeIgniter.php(910): App\Controllers\Home->video_bycate('6')
#5 C:\xampp\htdocs\doonungset1\system\CodeIgniter.php(398): CodeIgniter\CodeIgniter->runController(Object(App\Controllers\Home))
#6 C:\xampp\htdocs\doonungset1\system\CodeIgniter.php(306): CodeIgniter\CodeIgniter->handleRequest(NULL, Object(Config\Cache), false)
#7 C:\xampp\htdocs\doonungset1\public\index.php(45): CodeIgniter\CodeIgniter->run()
#8 {main}
CRITICAL - 2020-07-09 03:47:08 --> Undefined index: page
#0 C:\xampp\htdocs\doonungset1\app\Views\templates\search1.php(102): CodeIgniter\Debug\Exceptions->errorHandler(8, 'Undefined index...', 'C:\\xampp\\htdocs...', 102, Array)
#1 C:\xampp\htdocs\doonungset1\system\View\View.php(236): include('C:\\xampp\\htdocs...')
#2 C:\xampp\htdocs\doonungset1\system\Common.php(1071): CodeIgniter\View\View->render('templates/searc...', Array, true)
#3 C:\xampp\htdocs\doonungset1\app\Controllers\Home.php(129): view('templates/searc...', Array, Array)
#4 C:\xampp\htdocs\doonungset1\system\CodeIgniter.php(910): App\Controllers\Home->video_bycate('6')
#5 C:\xampp\htdocs\doonungset1\system\CodeIgniter.php(398): CodeIgniter\CodeIgniter->runController(Object(App\Controllers\Home))
#6 C:\xampp\htdocs\doonungset1\system\CodeIgniter.php(306): CodeIgniter\CodeIgniter->handleRequest(NULL, Object(Config\Cache), false)
#7 C:\xampp\htdocs\doonungset1\public\index.php(45): CodeIgniter\CodeIgniter->run()
#8 {main}
CRITICAL - 2020-07-09 03:47:08 --> Undefined index: page
#0 C:\xampp\htdocs\doonungset1\app\Views\templates\search1.php(102): CodeIgniter\Debug\Exceptions->errorHandler(8, 'Undefined index...', 'C:\\xampp\\htdocs...', 102, Array)
#1 C:\xampp\htdocs\doonungset1\system\View\View.php(236): include('C:\\xampp\\htdocs...')
#2 C:\xampp\htdocs\doonungset1\system\Common.php(1071): CodeIgniter\View\View->render('templates/searc...', Array, true)
#3 C:\xampp\htdocs\doonungset1\app\Controllers\Home.php(129): view('templates/searc...', Array, Array)
#4 C:\xampp\htdocs\doonungset1\system\CodeIgniter.php(910): App\Controllers\Home->video_bycate('6')
#5 C:\xampp\htdocs\doonungset1\system\CodeIgniter.php(398): CodeIgniter\CodeIgniter->runController(Object(App\Controllers\Home))
#6 C:\xampp\htdocs\doonungset1\system\CodeIgniter.php(306): CodeIgniter\CodeIgniter->handleRequest(NULL, Object(Config\Cache), false)
#7 C:\xampp\htdocs\doonungset1\public\index.php(45): CodeIgniter\CodeIgniter->run()
#8 {main}
CRITICAL - 2020-07-09 03:54:21 --> Undefined index: movie_id
#0 C:\xampp\htdocs\doonungset1\app\Views\templates\search1.php(52): CodeIgniter\Debug\Exceptions->errorHandler(8, 'Undefined index...', 'C:\\xampp\\htdocs...', 52, Array)
#1 C:\xampp\htdocs\doonungset1\system\View\View.php(236): include('C:\\xampp\\htdocs...')
#2 C:\xampp\htdocs\doonungset1\system\Common.php(1071): CodeIgniter\View\View->render('templates/searc...', Array, true)
#3 C:\xampp\htdocs\doonungset1\app\Controllers\Home.php(129): view('templates/searc...', Array, Array)
#4 C:\xampp\htdocs\doonungset1\system\CodeIgniter.php(910): App\Controllers\Home->video_bycate('6')
#5 C:\xampp\htdocs\doonungset1\system\CodeIgniter.php(398): CodeIgniter\CodeIgniter->runController(Object(App\Controllers\Home))
#6 C:\xampp\htdocs\doonungset1\system\CodeIgniter.php(306): CodeIgniter\CodeIgniter->handleRequest(NULL, Object(Config\Cache), false)
#7 C:\xampp\htdocs\doonungset1\public\index.php(45): CodeIgniter\CodeIgniter->run()
#8 {main}
CRITICAL - 2020-07-09 03:54:21 --> Undefined index: movie_id
#0 C:\xampp\htdocs\doonungset1\app\Views\templates\search1.php(52): CodeIgniter\Debug\Exceptions->errorHandler(8, 'Undefined index...', 'C:\\xampp\\htdocs...', 52, Array)
#1 C:\xampp\htdocs\doonungset1\system\View\View.php(236): include('C:\\xampp\\htdocs...')
#2 C:\xampp\htdocs\doonungset1\system\Common.php(1071): CodeIgniter\View\View->render('templates/searc...', Array, true)
#3 C:\xampp\htdocs\doonungset1\app\Controllers\Home.php(129): view('templates/searc...', Array, Array)
#4 C:\xampp\htdocs\doonungset1\system\CodeIgniter.php(910): App\Controllers\Home->video_bycate('6')
#5 C:\xampp\htdocs\doonungset1\system\CodeIgniter.php(398): CodeIgniter\CodeIgniter->runController(Object(App\Controllers\Home))
#6 C:\xampp\htdocs\doonungset1\system\CodeIgniter.php(306): CodeIgniter\CodeIgniter->handleRequest(NULL, Object(Config\Cache), false)
#7 C:\xampp\htdocs\doonungset1\public\index.php(45): CodeIgniter\CodeIgniter->run()
#8 {main}
CRITICAL - 2020-07-09 03:55:27 --> Undefined variable: list_video
#0 C:\xampp\htdocs\doonungset1\app\Views\templates\search1.php(51): CodeIgniter\Debug\Exceptions->errorHandler(8, 'Undefined varia...', 'C:\\xampp\\htdocs...', 51, Array)
#1 C:\xampp\htdocs\doonungset1\system\View\View.php(236): include('C:\\xampp\\htdocs...')
#2 C:\xampp\htdocs\doonungset1\system\Common.php(1071): CodeIgniter\View\View->render('templates/searc...', Array, true)
#3 C:\xampp\htdocs\doonungset1\app\Controllers\Home.php(129): view('templates/searc...', Array, Array)
#4 C:\xampp\htdocs\doonungset1\system\CodeIgniter.php(910): App\Controllers\Home->video_bycate('6')
#5 C:\xampp\htdocs\doonungset1\system\CodeIgniter.php(398): CodeIgniter\CodeIgniter->runController(Object(App\Controllers\Home))
#6 C:\xampp\htdocs\doonungset1\system\CodeIgniter.php(306): CodeIgniter\CodeIgniter->handleRequest(NULL, Object(Config\Cache), false)
#7 C:\xampp\htdocs\doonungset1\public\index.php(45): CodeIgniter\CodeIgniter->run()
#8 {main}
CRITICAL - 2020-07-09 03:55:28 --> Undefined variable: list_video
#0 C:\xampp\htdocs\doonungset1\app\Views\templates\search1.php(51): CodeIgniter\Debug\Exceptions->errorHandler(8, 'Undefined varia...', 'C:\\xampp\\htdocs...', 51, Array)
#1 C:\xampp\htdocs\doonungset1\system\View\View.php(236): include('C:\\xampp\\htdocs...')
#2 C:\xampp\htdocs\doonungset1\system\Common.php(1071): CodeIgniter\View\View->render('templates/searc...', Array, true)
#3 C:\xampp\htdocs\doonungset1\app\Controllers\Home.php(129): view('templates/searc...', Array, Array)
#4 C:\xampp\htdocs\doonungset1\system\CodeIgniter.php(910): App\Controllers\Home->video_bycate('6')
#5 C:\xampp\htdocs\doonungset1\system\CodeIgniter.php(398): CodeIgniter\CodeIgniter->runController(Object(App\Controllers\Home))
#6 C:\xampp\htdocs\doonungset1\system\CodeIgniter.php(306): CodeIgniter\CodeIgniter->handleRequest(NULL, Object(Config\Cache), false)
#7 C:\xampp\htdocs\doonungset1\public\index.php(45): CodeIgniter\CodeIgniter->run()
#8 {main}
CRITICAL - 2020-07-09 03:56:51 --> Undefined variable: list_video
#0 C:\xampp\htdocs\doonungset1\app\Views\templates\search1.php(51): CodeIgniter\Debug\Exceptions->errorHandler(8, 'Undefined varia...', 'C:\\xampp\\htdocs...', 51, Array)
#1 C:\xampp\htdocs\doonungset1\system\View\View.php(236): include('C:\\xampp\\htdocs...')
#2 C:\xampp\htdocs\doonungset1\system\Common.php(1071): CodeIgniter\View\View->render('templates/searc...', Array, true)
#3 C:\xampp\htdocs\doonungset1\app\Controllers\Home.php(130): view('templates/searc...', Array, Array)
#4 C:\xampp\htdocs\doonungset1\system\CodeIgniter.php(910): App\Controllers\Home->video_bycate('6')
#5 C:\xampp\htdocs\doonungset1\system\CodeIgniter.php(398): CodeIgniter\CodeIgniter->runController(Object(App\Controllers\Home))
#6 C:\xampp\htdocs\doonungset1\system\CodeIgniter.php(306): CodeIgniter\CodeIgniter->handleRequest(NULL, Object(Config\Cache), false)
#7 C:\xampp\htdocs\doonungset1\public\index.php(45): CodeIgniter\CodeIgniter->run()
#8 {main}
CRITICAL - 2020-07-09 03:56:51 --> Undefined variable: list_video
#0 C:\xampp\htdocs\doonungset1\app\Views\templates\search1.php(51): CodeIgniter\Debug\Exceptions->errorHandler(8, 'Undefined varia...', 'C:\\xampp\\htdocs...', 51, Array)
#1 C:\xampp\htdocs\doonungset1\system\View\View.php(236): include('C:\\xampp\\htdocs...')
#2 C:\xampp\htdocs\doonungset1\system\Common.php(1071): CodeIgniter\View\View->render('templates/searc...', Array, true)
#3 C:\xampp\htdocs\doonungset1\app\Controllers\Home.php(130): view('templates/searc...', Array, Array)
#4 C:\xampp\htdocs\doonungset1\system\CodeIgniter.php(910): App\Controllers\Home->video_bycate('6')
#5 C:\xampp\htdocs\doonungset1\system\CodeIgniter.php(398): CodeIgniter\CodeIgniter->runController(Object(App\Controllers\Home))
#6 C:\xampp\htdocs\doonungset1\system\CodeIgniter.php(306): CodeIgniter\CodeIgniter->handleRequest(NULL, Object(Config\Cache), false)
#7 C:\xampp\htdocs\doonungset1\public\index.php(45): CodeIgniter\CodeIgniter->run()
#8 {main}
CRITICAL - 2020-07-09 03:57:38 --> Undefined variable: list_video
#0 C:\xampp\htdocs\doonungset1\app\Views\templates\search1.php(51): CodeIgniter\Debug\Exceptions->errorHandler(8, 'Undefined varia...', 'C:\\xampp\\htdocs...', 51, Array)
#1 C:\xampp\htdocs\doonungset1\system\View\View.php(236): include('C:\\xampp\\htdocs...')
#2 C:\xampp\htdocs\doonungset1\system\Common.php(1071): CodeIgniter\View\View->render('templates/searc...', Array, true)
#3 C:\xampp\htdocs\doonungset1\app\Controllers\Home.php(130): view('templates/searc...', Array, Array)
#4 C:\xampp\htdocs\doonungset1\system\CodeIgniter.php(910): App\Controllers\Home->video_bycate('6')
#5 C:\xampp\htdocs\doonungset1\system\CodeIgniter.php(398): CodeIgniter\CodeIgniter->runController(Object(App\Controllers\Home))
#6 C:\xampp\htdocs\doonungset1\system\CodeIgniter.php(306): CodeIgniter\CodeIgniter->handleRequest(NULL, Object(Config\Cache), false)
#7 C:\xampp\htdocs\doonungset1\public\index.php(45): CodeIgniter\CodeIgniter->run()
#8 {main}
CRITICAL - 2020-07-09 03:57:39 --> Undefined variable: list_video
#0 C:\xampp\htdocs\doonungset1\app\Views\templates\search1.php(51): CodeIgniter\Debug\Exceptions->errorHandler(8, 'Undefined varia...', 'C:\\xampp\\htdocs...', 51, Array)
#1 C:\xampp\htdocs\doonungset1\system\View\View.php(236): include('C:\\xampp\\htdocs...')
#2 C:\xampp\htdocs\doonungset1\system\Common.php(1071): CodeIgniter\View\View->render('templates/searc...', Array, true)
#3 C:\xampp\htdocs\doonungset1\app\Controllers\Home.php(130): view('templates/searc...', Array, Array)
#4 C:\xampp\htdocs\doonungset1\system\CodeIgniter.php(910): App\Controllers\Home->video_bycate('6')
#5 C:\xampp\htdocs\doonungset1\system\CodeIgniter.php(398): CodeIgniter\CodeIgniter->runController(Object(App\Controllers\Home))
#6 C:\xampp\htdocs\doonungset1\system\CodeIgniter.php(306): CodeIgniter\CodeIgniter->handleRequest(NULL, Object(Config\Cache), false)
#7 C:\xampp\htdocs\doonungset1\public\index.php(45): CodeIgniter\CodeIgniter->run()
#8 {main}
CRITICAL - 2020-07-09 03:58:38 --> Undefined variable: list_video
#0 C:\xampp\htdocs\doonungset1\app\Views\templates\search1.php(51): CodeIgniter\Debug\Exceptions->errorHandler(8, 'Undefined varia...', 'C:\\xampp\\htdocs...', 51, Array)
#1 C:\xampp\htdocs\doonungset1\system\View\View.php(236): include('C:\\xampp\\htdocs...')
#2 C:\xampp\htdocs\doonungset1\system\Common.php(1071): CodeIgniter\View\View->render('templates/searc...', Array, true)
#3 C:\xampp\htdocs\doonungset1\app\Controllers\Home.php(130): view('templates/searc...', Array, Array)
#4 C:\xampp\htdocs\doonungset1\system\CodeIgniter.php(910): App\Controllers\Home->video_bycate('6')
#5 C:\xampp\htdocs\doonungset1\system\CodeIgniter.php(398): CodeIgniter\CodeIgniter->runController(Object(App\Controllers\Home))
#6 C:\xampp\htdocs\doonungset1\system\CodeIgniter.php(306): CodeIgniter\CodeIgniter->handleRequest(NULL, Object(Config\Cache), false)
#7 C:\xampp\htdocs\doonungset1\public\index.php(45): CodeIgniter\CodeIgniter->run()
#8 {main}
CRITICAL - 2020-07-09 03:58:38 --> Undefined variable: list_video
#0 C:\xampp\htdocs\doonungset1\app\Views\templates\search1.php(51): CodeIgniter\Debug\Exceptions->errorHandler(8, 'Undefined varia...', 'C:\\xampp\\htdocs...', 51, Array)
#1 C:\xampp\htdocs\doonungset1\system\View\View.php(236): include('C:\\xampp\\htdocs...')
#2 C:\xampp\htdocs\doonungset1\system\Common.php(1071): CodeIgniter\View\View->render('templates/searc...', Array, true)
#3 C:\xampp\htdocs\doonungset1\app\Controllers\Home.php(130): view('templates/searc...', Array, Array)
#4 C:\xampp\htdocs\doonungset1\system\CodeIgniter.php(910): App\Controllers\Home->video_bycate('6')
#5 C:\xampp\htdocs\doonungset1\system\CodeIgniter.php(398): CodeIgniter\CodeIgniter->runController(Object(App\Controllers\Home))
#6 C:\xampp\htdocs\doonungset1\system\CodeIgniter.php(306): CodeIgniter\CodeIgniter->handleRequest(NULL, Object(Config\Cache), false)
#7 C:\xampp\htdocs\doonungset1\public\index.php(45): CodeIgniter\CodeIgniter->run()
#8 {main}
CRITICAL - 2020-07-09 03:59:41 --> Undefined index: movie_id
#0 C:\xampp\htdocs\doonungset1\app\Views\templates\search1.php(53): CodeIgniter\Debug\Exceptions->errorHandler(8, 'Undefined index...', 'C:\\xampp\\htdocs...', 53, Array)
#1 C:\xampp\htdocs\doonungset1\system\View\View.php(236): include('C:\\xampp\\htdocs...')
#2 C:\xampp\htdocs\doonungset1\system\Common.php(1071): CodeIgniter\View\View->render('templates/searc...', Array, true)
#3 C:\xampp\htdocs\doonungset1\app\Controllers\Home.php(130): view('templates/searc...', Array, Array)
#4 C:\xampp\htdocs\doonungset1\system\CodeIgniter.php(910): App\Controllers\Home->video_bycate('6')
#5 C:\xampp\htdocs\doonungset1\system\CodeIgniter.php(398): CodeIgniter\CodeIgniter->runController(Object(App\Controllers\Home))
#6 C:\xampp\htdocs\doonungset1\system\CodeIgniter.php(306): CodeIgniter\CodeIgniter->handleRequest(NULL, Object(Config\Cache), false)
#7 C:\xampp\htdocs\doonungset1\public\index.php(45): CodeIgniter\CodeIgniter->run()
#8 {main}
CRITICAL - 2020-07-09 03:59:41 --> Undefined index: movie_id
#0 C:\xampp\htdocs\doonungset1\app\Views\templates\search1.php(53): CodeIgniter\Debug\Exceptions->errorHandler(8, 'Undefined index...', 'C:\\xampp\\htdocs...', 53, Array)
#1 C:\xampp\htdocs\doonungset1\system\View\View.php(236): include('C:\\xampp\\htdocs...')
#2 C:\xampp\htdocs\doonungset1\system\Common.php(1071): CodeIgniter\View\View->render('templates/searc...', Array, true)
#3 C:\xampp\htdocs\doonungset1\app\Controllers\Home.php(130): view('templates/searc...', Array, Array)
#4 C:\xampp\htdocs\doonungset1\system\CodeIgniter.php(910): App\Controllers\Home->video_bycate('6')
#5 C:\xampp\htdocs\doonungset1\system\CodeIgniter.php(398): CodeIgniter\CodeIgniter->runController(Object(App\Controllers\Home))
#6 C:\xampp\htdocs\doonungset1\system\CodeIgniter.php(306): CodeIgniter\CodeIgniter->handleRequest(NULL, Object(Config\Cache), false)
#7 C:\xampp\htdocs\doonungset1\public\index.php(45): CodeIgniter\CodeIgniter->run()
#8 {main}
CRITICAL - 2020-07-09 04:00:44 --> Undefined index: movie_id
#0 C:\xampp\htdocs\doonungset1\app\Views\templates\search1.php(53): CodeIgniter\Debug\Exceptions->errorHandler(8, 'Undefined index...', 'C:\\xampp\\htdocs...', 53, Array)
#1 C:\xampp\htdocs\doonungset1\system\View\View.php(236): include('C:\\xampp\\htdocs...')
#2 C:\xampp\htdocs\doonungset1\system\Common.php(1071): CodeIgniter\View\View->render('templates/searc...', Array, true)
#3 C:\xampp\htdocs\doonungset1\app\Controllers\Home.php(130): view('templates/searc...', Array, Array)
#4 C:\xampp\htdocs\doonungset1\system\CodeIgniter.php(910): App\Controllers\Home->video_bycate('6')
#5 C:\xampp\htdocs\doonungset1\system\CodeIgniter.php(398): CodeIgniter\CodeIgniter->runController(Object(App\Controllers\Home))
#6 C:\xampp\htdocs\doonungset1\system\CodeIgniter.php(306): CodeIgniter\CodeIgniter->handleRequest(NULL, Object(Config\Cache), false)
#7 C:\xampp\htdocs\doonungset1\public\index.php(45): CodeIgniter\CodeIgniter->run()
#8 {main}
CRITICAL - 2020-07-09 04:00:44 --> Undefined index: movie_id
#0 C:\xampp\htdocs\doonungset1\app\Views\templates\search1.php(53): CodeIgniter\Debug\Exceptions->errorHandler(8, 'Undefined index...', 'C:\\xampp\\htdocs...', 53, Array)
#1 C:\xampp\htdocs\doonungset1\system\View\View.php(236): include('C:\\xampp\\htdocs...')
#2 C:\xampp\htdocs\doonungset1\system\Common.php(1071): CodeIgniter\View\View->render('templates/searc...', Array, true)
#3 C:\xampp\htdocs\doonungset1\app\Controllers\Home.php(130): view('templates/searc...', Array, Array)
#4 C:\xampp\htdocs\doonungset1\system\CodeIgniter.php(910): App\Controllers\Home->video_bycate('6')
#5 C:\xampp\htdocs\doonungset1\system\CodeIgniter.php(398): CodeIgniter\CodeIgniter->runController(Object(App\Controllers\Home))
#6 C:\xampp\htdocs\doonungset1\system\CodeIgniter.php(306): CodeIgniter\CodeIgniter->handleRequest(NULL, Object(Config\Cache), false)
#7 C:\xampp\htdocs\doonungset1\public\index.php(45): CodeIgniter\CodeIgniter->run()
#8 {main}
CRITICAL - 2020-07-09 04:02:13 --> Undefined variable: category_id
#0 C:\xampp\htdocs\doonungset1\app\Views\templates\search1.php(125): CodeIgniter\Debug\Exceptions->errorHandler(8, 'Undefined varia...', 'C:\\xampp\\htdocs...', 125, Array)
#1 C:\xampp\htdocs\doonungset1\system\View\View.php(236): include('C:\\xampp\\htdocs...')
#2 C:\xampp\htdocs\doonungset1\system\Common.php(1071): CodeIgniter\View\View->render('templates/searc...', Array, true)
#3 C:\xampp\htdocs\doonungset1\app\Controllers\Home.php(130): view('templates/searc...', Array, Array)
#4 C:\xampp\htdocs\doonungset1\system\CodeIgniter.php(910): App\Controllers\Home->video_bycate('6')
#5 C:\xampp\htdocs\doonungset1\system\CodeIgniter.php(398): CodeIgniter\CodeIgniter->runController(Object(App\Controllers\Home))
#6 C:\xampp\htdocs\doonungset1\system\CodeIgniter.php(306): CodeIgniter\CodeIgniter->handleRequest(NULL, Object(Config\Cache), false)
#7 C:\xampp\htdocs\doonungset1\public\index.php(45): CodeIgniter\CodeIgniter->run()
#8 {main}
CRITICAL - 2020-07-09 04:02:13 --> Undefined variable: category_id
#0 C:\xampp\htdocs\doonungset1\app\Views\templates\search1.php(125): CodeIgniter\Debug\Exceptions->errorHandler(8, 'Undefined varia...', 'C:\\xampp\\htdocs...', 125, Array)
#1 C:\xampp\htdocs\doonungset1\system\View\View.php(236): include('C:\\xampp\\htdocs...')
#2 C:\xampp\htdocs\doonungset1\system\Common.php(1071): CodeIgniter\View\View->render('templates/searc...', Array, true)
#3 C:\xampp\htdocs\doonungset1\app\Controllers\Home.php(130): view('templates/searc...', Array, Array)
#4 C:\xampp\htdocs\doonungset1\system\CodeIgniter.php(910): App\Controllers\Home->video_bycate('6')
#5 C:\xampp\htdocs\doonungset1\system\CodeIgniter.php(398): CodeIgniter\CodeIgniter->runController(Object(App\Controllers\Home))
#6 C:\xampp\htdocs\doonungset1\system\CodeIgniter.php(306): CodeIgniter\CodeIgniter->handleRequest(NULL, Object(Config\Cache), false)
#7 C:\xampp\htdocs\doonungset1\public\index.php(45): CodeIgniter\CodeIgniter->run()
#8 {main}
CRITICAL - 2020-07-09 04:02:47 --> Undefined variable: category_id
#0 C:\xampp\htdocs\doonungset1\app\Views\templates\search1.php(125): CodeIgniter\Debug\Exceptions->errorHandler(8, 'Undefined varia...', 'C:\\xampp\\htdocs...', 125, Array)
#1 C:\xampp\htdocs\doonungset1\system\View\View.php(236): include('C:\\xampp\\htdocs...')
#2 C:\xampp\htdocs\doonungset1\system\Common.php(1071): CodeIgniter\View\View->render('templates/searc...', Array, true)
#3 C:\xampp\htdocs\doonungset1\app\Controllers\Home.php(130): view('templates/searc...', Array, Array)
#4 C:\xampp\htdocs\doonungset1\system\CodeIgniter.php(910): App\Controllers\Home->video_bycate('6')
#5 C:\xampp\htdocs\doonungset1\system\CodeIgniter.php(398): CodeIgniter\CodeIgniter->runController(Object(App\Controllers\Home))
#6 C:\xampp\htdocs\doonungset1\system\CodeIgniter.php(306): CodeIgniter\CodeIgniter->handleRequest(NULL, Object(Config\Cache), false)
#7 C:\xampp\htdocs\doonungset1\public\index.php(45): CodeIgniter\CodeIgniter->run()
#8 {main}
CRITICAL - 2020-07-09 04:02:47 --> Undefined variable: category_id
#0 C:\xampp\htdocs\doonungset1\app\Views\templates\search1.php(125): CodeIgniter\Debug\Exceptions->errorHandler(8, 'Undefined varia...', 'C:\\xampp\\htdocs...', 125, Array)
#1 C:\xampp\htdocs\doonungset1\system\View\View.php(236): include('C:\\xampp\\htdocs...')
#2 C:\xampp\htdocs\doonungset1\system\Common.php(1071): CodeIgniter\View\View->render('templates/searc...', Array, true)
#3 C:\xampp\htdocs\doonungset1\app\Controllers\Home.php(130): view('templates/searc...', Array, Array)
#4 C:\xampp\htdocs\doonungset1\system\CodeIgniter.php(910): App\Controllers\Home->video_bycate('6')
#5 C:\xampp\htdocs\doonungset1\system\CodeIgniter.php(398): CodeIgniter\CodeIgniter->runController(Object(App\Controllers\Home))
#6 C:\xampp\htdocs\doonungset1\system\CodeIgniter.php(306): CodeIgniter\CodeIgniter->handleRequest(NULL, Object(Config\Cache), false)
#7 C:\xampp\htdocs\doonungset1\public\index.php(45): CodeIgniter\CodeIgniter->run()
#8 {main}
CRITICAL - 2020-07-09 04:47:46 --> Undefined index: page
#0 C:\xampp\htdocs\doonungset1\app\Controllers\Home.php(94): CodeIgniter\Debug\Exceptions->errorHandler(8, 'Undefined index...', 'C:\\xampp\\htdocs...', 94, Array)
#1 C:\xampp\htdocs\doonungset1\system\CodeIgniter.php(910): App\Controllers\Home->video_bycate('43')
#2 C:\xampp\htdocs\doonungset1\system\CodeIgniter.php(398): CodeIgniter\CodeIgniter->runController(Object(App\Controllers\Home))
#3 C:\xampp\htdocs\doonungset1\system\CodeIgniter.php(306): CodeIgniter\CodeIgniter->handleRequest(NULL, Object(Config\Cache), false)
#4 C:\xampp\htdocs\doonungset1\public\index.php(45): CodeIgniter\CodeIgniter->run()
#5 {main}
CRITICAL - 2020-07-09 04:53:17 --> You must set the database table to be used with your query.
#0 C:\xampp\htdocs\doonungset1\system\Model.php(1190): CodeIgniter\Database\BaseConnection->table(NULL)
#1 C:\xampp\htdocs\doonungset1\system\Model.php(1700): CodeIgniter\Model->builder()
#2 C:\xampp\htdocs\doonungset1\app\Controllers\Home.php(150): CodeIgniter\Model->__call('get_id_video_by...', Array)
#3 C:\xampp\htdocs\doonungset1\system\CodeIgniter.php(910): App\Controllers\Home->video_byyear('2019')
#4 C:\xampp\htdocs\doonungset1\system\CodeIgniter.php(398): CodeIgniter\CodeIgniter->runController(Object(App\Controllers\Home))
#5 C:\xampp\htdocs\doonungset1\system\CodeIgniter.php(306): CodeIgniter\CodeIgniter->handleRequest(NULL, Object(Config\Cache), false)
#6 C:\xampp\htdocs\doonungset1\public\index.php(45): CodeIgniter\CodeIgniter->run()
#7 {main}
CRITICAL - 2020-07-09 04:54:19 --> You must set the database table to be used with your query.
#0 C:\xampp\htdocs\doonungset1\system\Model.php(1190): CodeIgniter\Database\BaseConnection->table(NULL)
#1 C:\xampp\htdocs\doonungset1\system\Model.php(1700): CodeIgniter\Model->builder()
#2 C:\xampp\htdocs\doonungset1\app\Controllers\Home.php(150): CodeIgniter\Model->__call('get_id_video_by...', Array)
#3 C:\xampp\htdocs\doonungset1\system\CodeIgniter.php(910): App\Controllers\Home->video_byyear('2019')
#4 C:\xampp\htdocs\doonungset1\system\CodeIgniter.php(398): CodeIgniter\CodeIgniter->runController(Object(App\Controllers\Home))
#5 C:\xampp\htdocs\doonungset1\system\CodeIgniter.php(306): CodeIgniter\CodeIgniter->handleRequest(NULL, Object(Config\Cache), false)
#6 C:\xampp\htdocs\doonungset1\public\index.php(45): CodeIgniter\CodeIgniter->run()
#7 {main}
CRITICAL - 2020-07-09 04:54:23 --> You must set the database table to be used with your query.
#0 C:\xampp\htdocs\doonungset1\system\Model.php(1190): CodeIgniter\Database\BaseConnection->table(NULL)
#1 C:\xampp\htdocs\doonungset1\system\Model.php(1700): CodeIgniter\Model->builder()
#2 C:\xampp\htdocs\doonungset1\app\Controllers\Home.php(150): CodeIgniter\Model->__call('get_id_video_by...', Array)
#3 C:\xampp\htdocs\doonungset1\system\CodeIgniter.php(910): App\Controllers\Home->video_byyear('2019')
#4 C:\xampp\htdocs\doonungset1\system\CodeIgniter.php(398): CodeIgniter\CodeIgniter->runController(Object(App\Controllers\Home))
#5 C:\xampp\htdocs\doonungset1\system\CodeIgniter.php(306): CodeIgniter\CodeIgniter->handleRequest(NULL, Object(Config\Cache), false)
#6 C:\xampp\htdocs\doonungset1\public\index.php(45): CodeIgniter\CodeIgniter->run()
#7 {main}
CRITICAL - 2020-07-09 04:58:27 --> You must set the database table to be used with your query.
#0 C:\xampp\htdocs\doonungset1\system\Model.php(1190): CodeIgniter\Database\BaseConnection->table(NULL)
#1 C:\xampp\htdocs\doonungset1\system\Model.php(1700): CodeIgniter\Model->builder()
#2 C:\xampp\htdocs\doonungset1\app\Controllers\Home.php(150): CodeIgniter\Model->__call('get_id_video_by...', Array)
#3 C:\xampp\htdocs\doonungset1\system\CodeIgniter.php(910): App\Controllers\Home->video_byyear('2019')
#4 C:\xampp\htdocs\doonungset1\system\CodeIgniter.php(398): CodeIgniter\CodeIgniter->runController(Object(App\Controllers\Home))
#5 C:\xampp\htdocs\doonungset1\system\CodeIgniter.php(306): CodeIgniter\CodeIgniter->handleRequest(NULL, Object(Config\Cache), false)
#6 C:\xampp\htdocs\doonungset1\public\index.php(45): CodeIgniter\CodeIgniter->run()
#7 {main}
CRITICAL - 2020-07-09 04:59:41 --> You must set the database table to be used with your query.
#0 C:\xampp\htdocs\doonungset1\system\Model.php(1190): CodeIgniter\Database\BaseConnection->table(NULL)
#1 C:\xampp\htdocs\doonungset1\system\Model.php(1700): CodeIgniter\Model->builder()
#2 C:\xampp\htdocs\doonungset1\app\Controllers\Home.php(154): CodeIgniter\Model->__call('get_id_video_by...', Array)
#3 C:\xampp\htdocs\doonungset1\system\CodeIgniter.php(910): App\Controllers\Home->video_byyear('2019')
#4 C:\xampp\htdocs\doonungset1\system\CodeIgniter.php(398): CodeIgniter\CodeIgniter->runController(Object(App\Controllers\Home))
#5 C:\xampp\htdocs\doonungset1\system\CodeIgniter.php(306): CodeIgniter\CodeIgniter->handleRequest(NULL, Object(Config\Cache), false)
#6 C:\xampp\htdocs\doonungset1\public\index.php(45): CodeIgniter\CodeIgniter->run()
#7 {main}
CRITICAL - 2020-07-09 04:59:46 --> You must set the database table to be used with your query.
#0 C:\xampp\htdocs\doonungset1\system\Model.php(1190): CodeIgniter\Database\BaseConnection->table(NULL)
#1 C:\xampp\htdocs\doonungset1\system\Model.php(1700): CodeIgniter\Model->builder()
#2 C:\xampp\htdocs\doonungset1\app\Controllers\Home.php(154): CodeIgniter\Model->__call('get_id_video_by...', Array)
#3 C:\xampp\htdocs\doonungset1\system\CodeIgniter.php(910): App\Controllers\Home->video_byyear('2019')
#4 C:\xampp\htdocs\doonungset1\system\CodeIgniter.php(398): CodeIgniter\CodeIgniter->runController(Object(App\Controllers\Home))
#5 C:\xampp\htdocs\doonungset1\system\CodeIgniter.php(306): CodeIgniter\CodeIgniter->handleRequest(NULL, Object(Config\Cache), false)
#6 C:\xampp\htdocs\doonungset1\public\index.php(45): CodeIgniter\CodeIgniter->run()
#7 {main}
CRITICAL - 2020-07-09 04:59:51 --> You must set the database table to be used with your query.
#0 C:\xampp\htdocs\doonungset1\system\Model.php(1190): CodeIgniter\Database\BaseConnection->table(NULL)
#1 C:\xampp\htdocs\doonungset1\system\Model.php(1700): CodeIgniter\Model->builder()
#2 C:\xampp\htdocs\doonungset1\app\Controllers\Home.php(154): CodeIgniter\Model->__call('get_id_video_by...', Array)
#3 C:\xampp\htdocs\doonungset1\system\CodeIgniter.php(910): App\Controllers\Home->video_byyear('2019')
#4 C:\xampp\htdocs\doonungset1\system\CodeIgniter.php(398): CodeIgniter\CodeIgniter->runController(Object(App\Controllers\Home))
#5 C:\xampp\htdocs\doonungset1\system\CodeIgniter.php(306): CodeIgniter\CodeIgniter->handleRequest(NULL, Object(Config\Cache), false)
#6 C:\xampp\htdocs\doonungset1\public\index.php(45): CodeIgniter\CodeIgniter->run()
#7 {main}
CRITICAL - 2020-07-09 05:00:09 --> Undefined variable: setting
#0 C:\xampp\htdocs\doonungset1\app\Controllers\Home.php(160): CodeIgniter\Debug\Exceptions->errorHandler(8, 'Undefined varia...', 'C:\\xampp\\htdocs...', 160, Array)
#1 C:\xampp\htdocs\doonungset1\system\CodeIgniter.php(910): App\Controllers\Home->video_byyear('2019')
#2 C:\xampp\htdocs\doonungset1\system\CodeIgniter.php(398): CodeIgniter\CodeIgniter->runController(Object(App\Controllers\Home))
#3 C:\xampp\htdocs\doonungset1\system\CodeIgniter.php(306): CodeIgniter\CodeIgniter->handleRequest(NULL, Object(Config\Cache), false)
#4 C:\xampp\htdocs\doonungset1\public\index.php(45): CodeIgniter\CodeIgniter->run()
#5 {main}
CRITICAL - 2020-07-09 05:01:10 --> Invalid file: {0}
#0 C:\xampp\htdocs\doonungset1\system\View\View.php(224): CodeIgniter\Exceptions\FrameworkException::forInvalidFile('template/header...')
#1 C:\xampp\htdocs\doonungset1\system\Common.php(1071): CodeIgniter\View\View->render('template/header', Array, true)
#2 C:\xampp\htdocs\doonungset1\app\Controllers\Home.php(173): view('template/header', Array)
#3 C:\xampp\htdocs\doonungset1\system\CodeIgniter.php(910): App\Controllers\Home->video_byyear('2019')
#4 C:\xampp\htdocs\doonungset1\system\CodeIgniter.php(398): CodeIgniter\CodeIgniter->runController(Object(App\Controllers\Home))
#5 C:\xampp\htdocs\doonungset1\system\CodeIgniter.php(306): CodeIgniter\CodeIgniter->handleRequest(NULL, Object(Config\Cache), false)
#6 C:\xampp\htdocs\doonungset1\public\index.php(45): CodeIgniter\CodeIgniter->run()
#7 {main}
CRITICAL - 2020-07-09 05:01:37 --> Undefined variable: listyear
#0 C:\xampp\htdocs\doonungset1\app\Views\templates\search1.php(15): CodeIgniter\Debug\Exceptions->errorHandler(8, 'Undefined varia...', 'C:\\xampp\\htdocs...', 15, Array)
#1 C:\xampp\htdocs\doonungset1\system\View\View.php(236): include('C:\\xampp\\htdocs...')
#2 C:\xampp\htdocs\doonungset1\system\Common.php(1071): CodeIgniter\View\View->render('templates/searc...', Array, true)
#3 C:\xampp\htdocs\doonungset1\app\Controllers\Home.php(175): view('templates/searc...', Array, Array)
#4 C:\xampp\htdocs\doonungset1\system\CodeIgniter.php(910): App\Controllers\Home->video_byyear('2019')
#5 C:\xampp\htdocs\doonungset1\system\CodeIgniter.php(398): CodeIgniter\CodeIgniter->runController(Object(App\Controllers\Home))
#6 C:\xampp\htdocs\doonungset1\system\CodeIgniter.php(306): CodeIgniter\CodeIgniter->handleRequest(NULL, Object(Config\Cache), false)
#7 C:\xampp\htdocs\doonungset1\public\index.php(45): CodeIgniter\CodeIgniter->run()
#8 {main}
CRITICAL - 2020-07-09 05:02:06 --> Undefined variable: listyear
#0 C:\xampp\htdocs\doonungset1\app\Views\templates\search.php(15): CodeIgniter\Debug\Exceptions->errorHandler(8, 'Undefined varia...', 'C:\\xampp\\htdocs...', 15, Array)
#1 C:\xampp\htdocs\doonungset1\system\View\View.php(236): include('C:\\xampp\\htdocs...')
#2 C:\xampp\htdocs\doonungset1\system\Common.php(1071): CodeIgniter\View\View->render('templates/searc...', Array, true)
#3 C:\xampp\htdocs\doonungset1\app\Controllers\Home.php(175): view('templates/searc...', Array, Array)
#4 C:\xampp\htdocs\doonungset1\system\CodeIgniter.php(910): App\Controllers\Home->video_byyear('2019')
#5 C:\xampp\htdocs\doonungset1\system\CodeIgniter.php(398): CodeIgniter\CodeIgniter->runController(Object(App\Controllers\Home))
#6 C:\xampp\htdocs\doonungset1\system\CodeIgniter.php(306): CodeIgniter\CodeIgniter->handleRequest(NULL, Object(Config\Cache), false)
#7 C:\xampp\htdocs\doonungset1\public\index.php(45): CodeIgniter\CodeIgniter->run()
#8 {main}
CRITICAL - 2020-07-09 05:02:33 --> Undefined variable: listyear
#0 C:\xampp\htdocs\doonungset1\app\Views\templates\search.php(15): CodeIgniter\Debug\Exceptions->errorHandler(8, 'Undefined varia...', 'C:\\xampp\\htdocs...', 15, Array)
#1 C:\xampp\htdocs\doonungset1\system\View\View.php(236): include('C:\\xampp\\htdocs...')
#2 C:\xampp\htdocs\doonungset1\system\Common.php(1071): CodeIgniter\View\View->render('templates/searc...', Array, true)
#3 C:\xampp\htdocs\doonungset1\app\Controllers\Home.php(175): view('templates/searc...', Array, Array)
#4 C:\xampp\htdocs\doonungset1\system\CodeIgniter.php(910): App\Controllers\Home->video_byyear('2019')
#5 C:\xampp\htdocs\doonungset1\system\CodeIgniter.php(398): CodeIgniter\CodeIgniter->runController(Object(App\Controllers\Home))
#6 C:\xampp\htdocs\doonungset1\system\CodeIgniter.php(306): CodeIgniter\CodeIgniter->handleRequest(NULL, Object(Config\Cache), false)
#7 C:\xampp\htdocs\doonungset1\public\index.php(45): CodeIgniter\CodeIgniter->run()
#8 {main}
CRITICAL - 2020-07-09 05:02:46 --> Undefined variable: listyear
#0 C:\xampp\htdocs\doonungset1\app\Views\templates\search.php(15): CodeIgniter\Debug\Exceptions->errorHandler(8, 'Undefined varia...', 'C:\\xampp\\htdocs...', 15, Array)
#1 C:\xampp\htdocs\doonungset1\system\View\View.php(236): include('C:\\xampp\\htdocs...')
#2 C:\xampp\htdocs\doonungset1\system\Common.php(1071): CodeIgniter\View\View->render('templates/searc...', Array, true)
#3 C:\xampp\htdocs\doonungset1\app\Controllers\Home.php(175): view('templates/searc...', Array, Array)
#4 C:\xampp\htdocs\doonungset1\system\CodeIgniter.php(910): App\Controllers\Home->video_byyear('2019')
#5 C:\xampp\htdocs\doonungset1\system\CodeIgniter.php(398): CodeIgniter\CodeIgniter->runController(Object(App\Controllers\Home))
#6 C:\xampp\htdocs\doonungset1\system\CodeIgniter.php(306): CodeIgniter\CodeIgniter->handleRequest(NULL, Object(Config\Cache), false)
#7 C:\xampp\htdocs\doonungset1\public\index.php(45): CodeIgniter\CodeIgniter->run()
#8 {main}
CRITICAL - 2020-07-09 05:04:36 --> Undefined variable: backURL
#0 C:\xampp\htdocs\doonungset1\app\Views\templates\header.php(37): CodeIgniter\Debug\Exceptions->errorHandler(8, 'Undefined varia...', 'C:\\xampp\\htdocs...', 37, Array)
#1 C:\xampp\htdocs\doonungset1\system\View\View.php(236): include('C:\\xampp\\htdocs...')
#2 C:\xampp\htdocs\doonungset1\system\Common.php(1071): CodeIgniter\View\View->render('templates/heade...', Array, true)
#3 C:\xampp\htdocs\doonungset1\app\Controllers\Home.php(174): view('templates/heade...', Array, Array)
#4 C:\xampp\htdocs\doonungset1\system\CodeIgniter.php(910): App\Controllers\Home->video_byyear('2019')
#5 C:\xampp\htdocs\doonungset1\system\CodeIgniter.php(398): CodeIgniter\CodeIgniter->runController(Object(App\Controllers\Home))
#6 C:\xampp\htdocs\doonungset1\system\CodeIgniter.php(306): CodeIgniter\CodeIgniter->handleRequest(NULL, Object(Config\Cache), false)
#7 C:\xampp\htdocs\doonungset1\public\index.php(45): CodeIgniter\CodeIgniter->run()
#8 {main}
CRITICAL - 2020-07-09 05:08:07 --> Undefined variable: paginate
#0 C:\xampp\htdocs\doonungset1\app\Views\templates\search.php(51): CodeIgniter\Debug\Exceptions->errorHandler(8, 'Undefined varia...', 'C:\\xampp\\htdocs...', 51, Array)
#1 C:\xampp\htdocs\doonungset1\system\View\View.php(236): include('C:\\xampp\\htdocs...')
#2 C:\xampp\htdocs\doonungset1\system\Common.php(1071): CodeIgniter\View\View->render('templates/searc...', Array, true)
#3 C:\xampp\htdocs\doonungset1\app\Controllers\Home.php(177): view('templates/searc...', Array, Array)
#4 C:\xampp\htdocs\doonungset1\system\CodeIgniter.php(910): App\Controllers\Home->video_byyear('2019')
#5 C:\xampp\htdocs\doonungset1\system\CodeIgniter.php(398): CodeIgniter\CodeIgniter->runController(Object(App\Controllers\Home))
#6 C:\xampp\htdocs\doonungset1\system\CodeIgniter.php(306): CodeIgniter\CodeIgniter->handleRequest(NULL, Object(Config\Cache), false)
#7 C:\xampp\htdocs\doonungset1\public\index.php(45): CodeIgniter\CodeIgniter->run()
#8 {main}
CRITICAL - 2020-07-09 05:10:13 --> Undefined variable: category_id
#0 C:\xampp\htdocs\doonungset1\app\Views\templates\search.php(125): CodeIgniter\Debug\Exceptions->errorHandler(8, 'Undefined varia...', 'C:\\xampp\\htdocs...', 125, Array)
#1 C:\xampp\htdocs\doonungset1\system\View\View.php(236): include('C:\\xampp\\htdocs...')
#2 C:\xampp\htdocs\doonungset1\system\Common.php(1071): CodeIgniter\View\View->render('templates/searc...', Array, true)
#3 C:\xampp\htdocs\doonungset1\app\Controllers\Home.php(177): view('templates/searc...', Array, Array)
#4 C:\xampp\htdocs\doonungset1\system\CodeIgniter.php(910): App\Controllers\Home->video_byyear('2019')
#5 C:\xampp\htdocs\doonungset1\system\CodeIgniter.php(398): CodeIgniter\CodeIgniter->runController(Object(App\Controllers\Home))
#6 C:\xampp\htdocs\doonungset1\system\CodeIgniter.php(306): CodeIgniter\CodeIgniter->handleRequest(NULL, Object(Config\Cache), false)
#7 C:\xampp\htdocs\doonungset1\public\index.php(45): CodeIgniter\CodeIgniter->run()
#8 {main}
CRITICAL - 2020-07-09 05:14:27 --> Undefined index: page
#0 C:\xampp\htdocs\doonungset1\app\Controllers\Home.php(48): CodeIgniter\Debug\Exceptions->errorHandler(8, 'Undefined index...', 'C:\\xampp\\htdocs...', 48, Array)
#1 C:\xampp\htdocs\doonungset1\system\CodeIgniter.php(910): App\Controllers\Home->index()
#2 C:\xampp\htdocs\doonungset1\system\CodeIgniter.php(398): CodeIgniter\CodeIgniter->runController(Object(App\Controllers\Home))
#3 C:\xampp\htdocs\doonungset1\system\CodeIgniter.php(306): CodeIgniter\CodeIgniter->handleRequest(NULL, Object(Config\Cache), false)
#4 C:\xampp\htdocs\doonungset1\public\index.php(45): CodeIgniter\CodeIgniter->run()
#5 {main}
CRITICAL - 2020-07-09 05:16:05 --> Too few arguments to function App\Controllers\Home::video_bycate(), 1 passed in C:\xampp\htdocs\doonungset1\system\CodeIgniter.php on line 910 and exactly 2 expected
#0 C:\xampp\htdocs\doonungset1\system\CodeIgniter.php(910): App\Controllers\Home->video_bycate('15')
#1 C:\xampp\htdocs\doonungset1\system\CodeIgniter.php(398): CodeIgniter\CodeIgniter->runController(Object(App\Controllers\Home))
#2 C:\xampp\htdocs\doonungset1\system\CodeIgniter.php(306): CodeIgniter\CodeIgniter->handleRequest(NULL, Object(Config\Cache), false)
#3 C:\xampp\htdocs\doonungset1\public\index.php(45): CodeIgniter\CodeIgniter->run()
#4 {main}
CRITICAL - 2020-07-09 05:18:49 --> Undefined index: movie
#0 C:\xampp\htdocs\doonungset1\app\Controllers\Home.php(301): CodeIgniter\Debug\Exceptions->errorHandler(8, 'Undefined index...', 'C:\\xampp\\htdocs...', 301, Array)
#1 C:\xampp\htdocs\doonungset1\system\CodeIgniter.php(910): App\Controllers\Home->player('73', 'movie', 'adsvdo', '1588421549_969c...')
#2 C:\xampp\htdocs\doonungset1\system\CodeIgniter.php(398): CodeIgniter\CodeIgniter->runController(Object(App\Controllers\Home))
#3 C:\xampp\htdocs\doonungset1\system\CodeIgniter.php(306): CodeIgniter\CodeIgniter->handleRequest(NULL, Object(Config\Cache), false)
#4 C:\xampp\htdocs\doonungset1\public\index.php(45): CodeIgniter\CodeIgniter->run()
#5 {main}
CRITICAL - 2020-07-09 05:19:10 --> Undefined index: movie
#0 C:\xampp\htdocs\doonungset1\app\Controllers\Home.php(301): CodeIgniter\Debug\Exceptions->errorHandler(8, 'Undefined index...', 'C:\\xampp\\htdocs...', 301, Array)
#1 C:\xampp\htdocs\doonungset1\system\CodeIgniter.php(910): App\Controllers\Home->player('72', 'movie', 'adsvdo', '1588421549_969c...')
#2 C:\xampp\htdocs\doonungset1\system\CodeIgniter.php(398): CodeIgniter\CodeIgniter->runController(Object(App\Controllers\Home))
#3 C:\xampp\htdocs\doonungset1\system\CodeIgniter.php(306): CodeIgniter\CodeIgniter->handleRequest(NULL, Object(Config\Cache), false)
#4 C:\xampp\htdocs\doonungset1\public\index.php(45): CodeIgniter\CodeIgniter->run()
#5 {main}
CRITICAL - 2020-07-09 05:42:51 --> Undefined variable: title
#0 C:\xampp\htdocs\doonungset1\app\Views\templates\search.php(36): CodeIgniter\Debug\Exceptions->errorHandler(8, 'Undefined varia...', 'C:\\xampp\\htdocs...', 36, Array)
#1 C:\xampp\htdocs\doonungset1\system\View\View.php(236): include('C:\\xampp\\htdocs...')
#2 C:\xampp\htdocs\doonungset1\system\Common.php(1071): CodeIgniter\View\View->render('templates/searc...', Array, true)
#3 C:\xampp\htdocs\doonungset1\app\Controllers\Home.php(134): view('templates/searc...', Array, Array)
#4 C:\xampp\htdocs\doonungset1\system\CodeIgniter.php(910): App\Controllers\Home->video_bycate('6', '%E0%B8%AB%E0%B8...')
#5 C:\xampp\htdocs\doonungset1\system\CodeIgniter.php(398): CodeIgniter\CodeIgniter->runController(Object(App\Controllers\Home))
#6 C:\xampp\htdocs\doonungset1\system\CodeIgniter.php(306): CodeIgniter\CodeIgniter->handleRequest(NULL, Object(Config\Cache), false)
#7 C:\xampp\htdocs\doonungset1\public\index.php(45): CodeIgniter\CodeIgniter->run()
#8 {main}
CRITICAL - 2020-07-09 05:42:52 --> Undefined variable: title
#0 C:\xampp\htdocs\doonungset1\app\Views\templates\search.php(36): CodeIgniter\Debug\Exceptions->errorHandler(8, 'Undefined varia...', 'C:\\xampp\\htdocs...', 36, Array)
#1 C:\xampp\htdocs\doonungset1\system\View\View.php(236): include('C:\\xampp\\htdocs...')
#2 C:\xampp\htdocs\doonungset1\system\Common.php(1071): CodeIgniter\View\View->render('templates/searc...', Array, true)
#3 C:\xampp\htdocs\doonungset1\app\Controllers\Home.php(134): view('templates/searc...', Array, Array)
#4 C:\xampp\htdocs\doonungset1\system\CodeIgniter.php(910): App\Controllers\Home->video_bycate('6', 'setting', '1593088443_a35a...')
#5 C:\xampp\htdocs\doonungset1\system\CodeIgniter.php(398): CodeIgniter\CodeIgniter->runController(Object(App\Controllers\Home))
#6 C:\xampp\htdocs\doonungset1\system\CodeIgniter.php(306): CodeIgniter\CodeIgniter->handleRequest(NULL, Object(Config\Cache), false)
#7 C:\xampp\htdocs\doonungset1\public\index.php(45): CodeIgniter\CodeIgniter->run()
#8 {main}
CRITICAL - 2020-07-09 06:10:13 --> Undefined index: movie
#0 C:\xampp\htdocs\doonungset1\app\Controllers\Home.php(303): CodeIgniter\Debug\Exceptions->errorHandler(8, 'Undefined index...', 'C:\\xampp\\htdocs...', 303, Array)
#1 C:\xampp\htdocs\doonungset1\system\CodeIgniter.php(910): App\Controllers\Home->player('605', 'movie', 'adsvdo', '1588421549_969c...')
#2 C:\xampp\htdocs\doonungset1\system\CodeIgniter.php(398): CodeIgniter\CodeIgniter->runController(Object(App\Controllers\Home))
#3 C:\xampp\htdocs\doonungset1\system\CodeIgniter.php(306): CodeIgniter\CodeIgniter->handleRequest(NULL, Object(Config\Cache), false)
#4 C:\xampp\htdocs\doonungset1\public\index.php(45): CodeIgniter\CodeIgniter->run()
#5 {main}
