CRITICAL - 2020-06-08 02:20:23 --> Invalid argument supplied for foreach()
#0 C:\xampp\htdocs\movie4\app\Views\templates\video.php(120): CodeIgniter\Debug\Exceptions->errorHandler(2, 'Invalid argumen...', 'C:\\xampp\\htdocs...', 120, Array)
#1 C:\xampp\htdocs\movie4\system\View\View.php(236): include('C:\\xampp\\htdocs...')
#2 C:\xampp\htdocs\movie4\system\Common.php(1071): CodeIgniter\View\View->render('templates/video...', Array, true)
#3 C:\xampp\htdocs\movie4\app\Controllers\Home.php(169): view('templates/video...', Array)
#4 C:\xampp\htdocs\movie4\system\CodeIgniter.php(910): App\Controllers\Home->video('118', 'main')
#5 C:\xampp\htdocs\movie4\system\CodeIgniter.php(398): CodeIgniter\CodeIgniter->runController(Object(App\Controllers\Home))
#6 C:\xampp\htdocs\movie4\system\CodeIgniter.php(306): CodeIgniter\CodeIgniter->handleRequest(NULL, Object(Config\Cache), false)
#7 C:\xampp\htdocs\movie4\public\index.php(45): CodeIgniter\CodeIgniter->run()
#8 {main}
CRITICAL - 2020-06-08 02:20:52 --> Invalid argument supplied for foreach()
#0 C:\xampp\htdocs\movie4\app\Views\templates\video.php(119): CodeIgniter\Debug\Exceptions->errorHandler(2, 'Invalid argumen...', 'C:\\xampp\\htdocs...', 119, Array)
#1 C:\xampp\htdocs\movie4\system\View\View.php(236): include('C:\\xampp\\htdocs...')
#2 C:\xampp\htdocs\movie4\system\Common.php(1071): CodeIgniter\View\View->render('templates/video...', Array, true)
#3 C:\xampp\htdocs\movie4\app\Controllers\Home.php(169): view('templates/video...', Array)
#4 C:\xampp\htdocs\movie4\system\CodeIgniter.php(910): App\Controllers\Home->video('118', 'main')
#5 C:\xampp\htdocs\movie4\system\CodeIgniter.php(398): CodeIgniter\CodeIgniter->runController(Object(App\Controllers\Home))
#6 C:\xampp\htdocs\movie4\system\CodeIgniter.php(306): CodeIgniter\CodeIgniter->handleRequest(NULL, Object(Config\Cache), false)
#7 C:\xampp\htdocs\movie4\public\index.php(45): CodeIgniter\CodeIgniter->run()
#8 {main}
CRITICAL - 2020-06-08 02:21:55 --> Invalid argument supplied for foreach()
#0 C:\xampp\htdocs\movie4\app\Views\templates\video.php(115): CodeIgniter\Debug\Exceptions->errorHandler(2, 'Invalid argumen...', 'C:\\xampp\\htdocs...', 115, Array)
#1 C:\xampp\htdocs\movie4\system\View\View.php(236): include('C:\\xampp\\htdocs...')
#2 C:\xampp\htdocs\movie4\system\Common.php(1071): CodeIgniter\View\View->render('templates/video...', Array, true)
#3 C:\xampp\htdocs\movie4\app\Controllers\Home.php(169): view('templates/video...', Array)
#4 C:\xampp\htdocs\movie4\system\CodeIgniter.php(910): App\Controllers\Home->video('118', 'main')
#5 C:\xampp\htdocs\movie4\system\CodeIgniter.php(398): CodeIgniter\CodeIgniter->runController(Object(App\Controllers\Home))
#6 C:\xampp\htdocs\movie4\system\CodeIgniter.php(306): CodeIgniter\CodeIgniter->handleRequest(NULL, Object(Config\Cache), false)
#7 C:\xampp\htdocs\movie4\public\index.php(45): CodeIgniter\CodeIgniter->run()
#8 {main}
CRITICAL - 2020-06-08 02:21:56 --> Invalid argument supplied for foreach()
#0 C:\xampp\htdocs\movie4\app\Views\templates\video.php(115): CodeIgniter\Debug\Exceptions->errorHandler(2, 'Invalid argumen...', 'C:\\xampp\\htdocs...', 115, Array)
#1 C:\xampp\htdocs\movie4\system\View\View.php(236): include('C:\\xampp\\htdocs...')
#2 C:\xampp\htdocs\movie4\system\Common.php(1071): CodeIgniter\View\View->render('templates/video...', Array, true)
#3 C:\xampp\htdocs\movie4\app\Controllers\Home.php(169): view('templates/video...', Array)
#4 C:\xampp\htdocs\movie4\system\CodeIgniter.php(910): App\Controllers\Home->video('118', 'main')
#5 C:\xampp\htdocs\movie4\system\CodeIgniter.php(398): CodeIgniter\CodeIgniter->runController(Object(App\Controllers\Home))
#6 C:\xampp\htdocs\movie4\system\CodeIgniter.php(306): CodeIgniter\CodeIgniter->handleRequest(NULL, Object(Config\Cache), false)
#7 C:\xampp\htdocs\movie4\public\index.php(45): CodeIgniter\CodeIgniter->run()
#8 {main}
CRITICAL - 2020-06-08 02:21:56 --> Invalid argument supplied for foreach()
#0 C:\xampp\htdocs\movie4\app\Views\templates\video.php(115): CodeIgniter\Debug\Exceptions->errorHandler(2, 'Invalid argumen...', 'C:\\xampp\\htdocs...', 115, Array)
#1 C:\xampp\htdocs\movie4\system\View\View.php(236): include('C:\\xampp\\htdocs...')
#2 C:\xampp\htdocs\movie4\system\Common.php(1071): CodeIgniter\View\View->render('templates/video...', Array, true)
#3 C:\xampp\htdocs\movie4\app\Controllers\Home.php(169): view('templates/video...', Array)
#4 C:\xampp\htdocs\movie4\system\CodeIgniter.php(910): App\Controllers\Home->video('118', 'main')
#5 C:\xampp\htdocs\movie4\system\CodeIgniter.php(398): CodeIgniter\CodeIgniter->runController(Object(App\Controllers\Home))
#6 C:\xampp\htdocs\movie4\system\CodeIgniter.php(306): CodeIgniter\CodeIgniter->handleRequest(NULL, Object(Config\Cache), false)
#7 C:\xampp\htdocs\movie4\public\index.php(45): CodeIgniter\CodeIgniter->run()
#8 {main}
CRITICAL - 2020-06-08 02:21:56 --> Invalid argument supplied for foreach()
#0 C:\xampp\htdocs\movie4\app\Views\templates\video.php(115): CodeIgniter\Debug\Exceptions->errorHandler(2, 'Invalid argumen...', 'C:\\xampp\\htdocs...', 115, Array)
#1 C:\xampp\htdocs\movie4\system\View\View.php(236): include('C:\\xampp\\htdocs...')
#2 C:\xampp\htdocs\movie4\system\Common.php(1071): CodeIgniter\View\View->render('templates/video...', Array, true)
#3 C:\xampp\htdocs\movie4\app\Controllers\Home.php(169): view('templates/video...', Array)
#4 C:\xampp\htdocs\movie4\system\CodeIgniter.php(910): App\Controllers\Home->video('118', 'main')
#5 C:\xampp\htdocs\movie4\system\CodeIgniter.php(398): CodeIgniter\CodeIgniter->runController(Object(App\Controllers\Home))
#6 C:\xampp\htdocs\movie4\system\CodeIgniter.php(306): CodeIgniter\CodeIgniter->handleRequest(NULL, Object(Config\Cache), false)
#7 C:\xampp\htdocs\movie4\public\index.php(45): CodeIgniter\CodeIgniter->run()
#8 {main}
CRITICAL - 2020-06-08 05:11:28 --> Invalid argument supplied for foreach()
#0 C:\xampp\htdocs\movie4\app\Views\templates\video.php(118): CodeIgniter\Debug\Exceptions->errorHandler(2, 'Invalid argumen...', 'C:\\xampp\\htdocs...', 118, Array)
#1 C:\xampp\htdocs\movie4\system\View\View.php(236): include('C:\\xampp\\htdocs...')
#2 C:\xampp\htdocs\movie4\system\Common.php(1071): CodeIgniter\View\View->render('templates/video...', Array, true)
#3 C:\xampp\htdocs\movie4\app\Controllers\Home.php(169): view('templates/video...', Array)
#4 C:\xampp\htdocs\movie4\system\CodeIgniter.php(910): App\Controllers\Home->video('118', 'main')
#5 C:\xampp\htdocs\movie4\system\CodeIgniter.php(398): CodeIgniter\CodeIgniter->runController(Object(App\Controllers\Home))
#6 C:\xampp\htdocs\movie4\system\CodeIgniter.php(306): CodeIgniter\CodeIgniter->handleRequest(NULL, Object(Config\Cache), false)
#7 C:\xampp\htdocs\movie4\public\index.php(45): CodeIgniter\CodeIgniter->run()
#8 {main}
CRITICAL - 2020-06-08 05:19:30 --> Invalid argument supplied for foreach()
#0 C:\xampp\htdocs\movie4\app\Views\templates\video.php(118): CodeIgniter\Debug\Exceptions->errorHandler(2, 'Invalid argumen...', 'C:\\xampp\\htdocs...', 118, Array)
#1 C:\xampp\htdocs\movie4\system\View\View.php(236): include('C:\\xampp\\htdocs...')
#2 C:\xampp\htdocs\movie4\system\Common.php(1071): CodeIgniter\View\View->render('templates/video...', Array, true)
#3 C:\xampp\htdocs\movie4\app\Controllers\Home.php(169): view('templates/video...', Array)
#4 C:\xampp\htdocs\movie4\system\CodeIgniter.php(910): App\Controllers\Home->video('1', 'main')
#5 C:\xampp\htdocs\movie4\system\CodeIgniter.php(398): CodeIgniter\CodeIgniter->runController(Object(App\Controllers\Home))
#6 C:\xampp\htdocs\movie4\system\CodeIgniter.php(306): CodeIgniter\CodeIgniter->handleRequest(NULL, Object(Config\Cache), false)
#7 C:\xampp\htdocs\movie4\public\index.php(45): CodeIgniter\CodeIgniter->run()
#8 {main}
CRITICAL - 2020-06-08 05:19:56 --> Invalid argument supplied for foreach()
#0 C:\xampp\htdocs\movie4\app\Views\templates\video.php(118): CodeIgniter\Debug\Exceptions->errorHandler(2, 'Invalid argumen...', 'C:\\xampp\\htdocs...', 118, Array)
#1 C:\xampp\htdocs\movie4\system\View\View.php(236): include('C:\\xampp\\htdocs...')
#2 C:\xampp\htdocs\movie4\system\Common.php(1071): CodeIgniter\View\View->render('templates/video...', Array, true)
#3 C:\xampp\htdocs\movie4\app\Controllers\Home.php(169): view('templates/video...', Array)
#4 C:\xampp\htdocs\movie4\system\CodeIgniter.php(910): App\Controllers\Home->video('1', 'main')
#5 C:\xampp\htdocs\movie4\system\CodeIgniter.php(398): CodeIgniter\CodeIgniter->runController(Object(App\Controllers\Home))
#6 C:\xampp\htdocs\movie4\system\CodeIgniter.php(306): CodeIgniter\CodeIgniter->handleRequest(NULL, Object(Config\Cache), false)
#7 C:\xampp\htdocs\movie4\public\index.php(45): CodeIgniter\CodeIgniter->run()
#8 {main}
