CRITICAL - 2020-10-26 00:06:43 --> Table 'anime8k.an_slide' doesn't exist
#0 C:\xampp\htdocs\anime\web1\system\Database\MySQLi\Connection.php(330): mysqli->query('SELECT\r\n       ...')
#1 C:\xampp\htdocs\anime\web1\system\Database\BaseConnection.php(738): CodeIgniter\Database\MySQLi\Connection->execute('SELECT\r\n       ...')
#2 C:\xampp\htdocs\anime\web1\system\Database\BaseConnection.php(666): CodeIgniter\Database\BaseConnection->simpleQuery('SELECT\r\n       ...')
#3 C:\xampp\htdocs\anime\web1\app\Models\Video_Model.php(117): CodeIgniter\Database\BaseConnection->query('SELECT\r\n       ...', Array)
#4 C:\xampp\htdocs\anime\web1\app\Controllers\Home.php(34): App\Models\Video_Model->get_slide(1)
#5 C:\xampp\htdocs\anime\web1\system\CodeIgniter.php(910): App\Controllers\Home->index()
#6 C:\xampp\htdocs\anime\web1\system\CodeIgniter.php(398): CodeIgniter\CodeIgniter->runController(Object(App\Controllers\Home))
#7 C:\xampp\htdocs\anime\web1\system\CodeIgniter.php(306): CodeIgniter\CodeIgniter->handleRequest(NULL, Object(Config\Cache), false)
#8 C:\xampp\htdocs\anime\web1\index.php(45): CodeIgniter\CodeIgniter->run()
#9 {main}
CRITICAL - 2020-10-26 00:06:43 --> Table 'anime8k.an_slide' doesn't exist
#0 C:\xampp\htdocs\anime\web1\system\Database\MySQLi\Connection.php(330): mysqli->query('SELECT\r\n       ...')
#1 C:\xampp\htdocs\anime\web1\system\Database\BaseConnection.php(738): CodeIgniter\Database\MySQLi\Connection->execute('SELECT\r\n       ...')
#2 C:\xampp\htdocs\anime\web1\system\Database\BaseConnection.php(666): CodeIgniter\Database\BaseConnection->simpleQuery('SELECT\r\n       ...')
#3 C:\xampp\htdocs\anime\web1\app\Models\Video_Model.php(117): CodeIgniter\Database\BaseConnection->query('SELECT\r\n       ...', Array)
#4 C:\xampp\htdocs\anime\web1\app\Controllers\Home.php(34): App\Models\Video_Model->get_slide(1)
#5 C:\xampp\htdocs\anime\web1\system\CodeIgniter.php(910): App\Controllers\Home->index()
#6 C:\xampp\htdocs\anime\web1\system\CodeIgniter.php(398): CodeIgniter\CodeIgniter->runController(Object(App\Controllers\Home))
#7 C:\xampp\htdocs\anime\web1\system\CodeIgniter.php(306): CodeIgniter\CodeIgniter->handleRequest(NULL, Object(Config\Cache), false)
#8 C:\xampp\htdocs\anime\web1\index.php(45): CodeIgniter\CodeIgniter->run()
#9 {main}
