CRITICAL - 2020-06-11 00:39:02 --> Invalid argument supplied for foreach()
#0 C:\xampp\htdocs\movie4\app\Views\templates\body2.php(167): CodeIgniter\Debug\Exceptions->errorHandler(2, 'Invalid argumen...', 'C:\\xampp\\htdocs...', 167, Array)
#1 C:\xampp\htdocs\movie4\system\View\View.php(236): include('C:\\xampp\\htdocs...')
#2 C:\xampp\htdocs\movie4\system\Common.php(1071): CodeIgniter\View\View->render('templates/body2...', Array, true)
#3 C:\xampp\htdocs\movie4\app\Controllers\Home.php(75): view('templates/body2...', Array)
#4 C:\xampp\htdocs\movie4\system\CodeIgniter.php(910): App\Controllers\Home->index()
#5 C:\xampp\htdocs\movie4\system\CodeIgniter.php(398): CodeIgniter\CodeIgniter->runController(Object(App\Controllers\Home))
#6 C:\xampp\htdocs\movie4\system\CodeIgniter.php(306): CodeIgniter\CodeIgniter->handleRequest(NULL, Object(Config\Cache), false)
#7 C:\xampp\htdocs\movie4\public\index.php(45): CodeIgniter\CodeIgniter->run()
#8 {main}
CRITICAL - 2020-06-11 00:40:04 --> Invalid argument supplied for foreach()
#0 C:\xampp\htdocs\movie4\app\Views\templates\body2.php(167): CodeIgniter\Debug\Exceptions->errorHandler(2, 'Invalid argumen...', 'C:\\xampp\\htdocs...', 167, Array)
#1 C:\xampp\htdocs\movie4\system\View\View.php(236): include('C:\\xampp\\htdocs...')
#2 C:\xampp\htdocs\movie4\system\Common.php(1071): CodeIgniter\View\View->render('templates/body2...', Array, true)
#3 C:\xampp\htdocs\movie4\app\Controllers\Home.php(75): view('templates/body2...', Array)
#4 C:\xampp\htdocs\movie4\system\CodeIgniter.php(910): App\Controllers\Home->index()
#5 C:\xampp\htdocs\movie4\system\CodeIgniter.php(398): CodeIgniter\CodeIgniter->runController(Object(App\Controllers\Home))
#6 C:\xampp\htdocs\movie4\system\CodeIgniter.php(306): CodeIgniter\CodeIgniter->handleRequest(NULL, Object(Config\Cache), false)
#7 C:\xampp\htdocs\movie4\public\index.php(45): CodeIgniter\CodeIgniter->run()
#8 {main}
CRITICAL - 2020-06-11 00:40:07 --> Invalid argument supplied for foreach()
#0 C:\xampp\htdocs\movie4\app\Views\templates\body2.php(167): CodeIgniter\Debug\Exceptions->errorHandler(2, 'Invalid argumen...', 'C:\\xampp\\htdocs...', 167, Array)
#1 C:\xampp\htdocs\movie4\system\View\View.php(236): include('C:\\xampp\\htdocs...')
#2 C:\xampp\htdocs\movie4\system\Common.php(1071): CodeIgniter\View\View->render('templates/body2...', Array, true)
#3 C:\xampp\htdocs\movie4\app\Controllers\Home.php(75): view('templates/body2...', Array)
#4 C:\xampp\htdocs\movie4\system\CodeIgniter.php(910): App\Controllers\Home->index()
#5 C:\xampp\htdocs\movie4\system\CodeIgniter.php(398): CodeIgniter\CodeIgniter->runController(Object(App\Controllers\Home))
#6 C:\xampp\htdocs\movie4\system\CodeIgniter.php(306): CodeIgniter\CodeIgniter->handleRequest(NULL, Object(Config\Cache), false)
#7 C:\xampp\htdocs\movie4\public\index.php(45): CodeIgniter\CodeIgniter->run()
#8 {main}
CRITICAL - 2020-06-11 00:41:54 --> Invalid argument supplied for foreach()
#0 C:\xampp\htdocs\movie4\app\Views\templates\body2.php(167): CodeIgniter\Debug\Exceptions->errorHandler(2, 'Invalid argumen...', 'C:\\xampp\\htdocs...', 167, Array)
#1 C:\xampp\htdocs\movie4\system\View\View.php(236): include('C:\\xampp\\htdocs...')
#2 C:\xampp\htdocs\movie4\system\Common.php(1071): CodeIgniter\View\View->render('templates/body2...', Array, true)
#3 C:\xampp\htdocs\movie4\app\Controllers\Home.php(75): view('templates/body2...', Array)
#4 C:\xampp\htdocs\movie4\system\CodeIgniter.php(910): App\Controllers\Home->index()
#5 C:\xampp\htdocs\movie4\system\CodeIgniter.php(398): CodeIgniter\CodeIgniter->runController(Object(App\Controllers\Home))
#6 C:\xampp\htdocs\movie4\system\CodeIgniter.php(306): CodeIgniter\CodeIgniter->handleRequest(NULL, Object(Config\Cache), false)
#7 C:\xampp\htdocs\movie4\public\index.php(45): CodeIgniter\CodeIgniter->run()
#8 {main}
CRITICAL - 2020-06-11 00:42:07 --> Invalid argument supplied for foreach()
#0 C:\xampp\htdocs\movie4\app\Views\templates\body2.php(167): CodeIgniter\Debug\Exceptions->errorHandler(2, 'Invalid argumen...', 'C:\\xampp\\htdocs...', 167, Array)
#1 C:\xampp\htdocs\movie4\system\View\View.php(236): include('C:\\xampp\\htdocs...')
#2 C:\xampp\htdocs\movie4\system\Common.php(1071): CodeIgniter\View\View->render('templates/body2...', Array, true)
#3 C:\xampp\htdocs\movie4\app\Controllers\Home.php(75): view('templates/body2...', Array)
#4 C:\xampp\htdocs\movie4\system\CodeIgniter.php(910): App\Controllers\Home->index()
#5 C:\xampp\htdocs\movie4\system\CodeIgniter.php(398): CodeIgniter\CodeIgniter->runController(Object(App\Controllers\Home))
#6 C:\xampp\htdocs\movie4\system\CodeIgniter.php(306): CodeIgniter\CodeIgniter->handleRequest(NULL, Object(Config\Cache), false)
#7 C:\xampp\htdocs\movie4\public\index.php(45): CodeIgniter\CodeIgniter->run()
#8 {main}
CRITICAL - 2020-06-11 00:42:07 --> Invalid argument supplied for foreach()
#0 C:\xampp\htdocs\movie4\app\Views\templates\body2.php(167): CodeIgniter\Debug\Exceptions->errorHandler(2, 'Invalid argumen...', 'C:\\xampp\\htdocs...', 167, Array)
#1 C:\xampp\htdocs\movie4\system\View\View.php(236): include('C:\\xampp\\htdocs...')
#2 C:\xampp\htdocs\movie4\system\Common.php(1071): CodeIgniter\View\View->render('templates/body2...', Array, true)
#3 C:\xampp\htdocs\movie4\app\Controllers\Home.php(75): view('templates/body2...', Array)
#4 C:\xampp\htdocs\movie4\system\CodeIgniter.php(910): App\Controllers\Home->index()
#5 C:\xampp\htdocs\movie4\system\CodeIgniter.php(398): CodeIgniter\CodeIgniter->runController(Object(App\Controllers\Home))
#6 C:\xampp\htdocs\movie4\system\CodeIgniter.php(306): CodeIgniter\CodeIgniter->handleRequest(NULL, Object(Config\Cache), false)
#7 C:\xampp\htdocs\movie4\public\index.php(45): CodeIgniter\CodeIgniter->run()
#8 {main}
CRITICAL - 2020-06-11 00:42:08 --> Invalid argument supplied for foreach()
#0 C:\xampp\htdocs\movie4\app\Views\templates\body2.php(167): CodeIgniter\Debug\Exceptions->errorHandler(2, 'Invalid argumen...', 'C:\\xampp\\htdocs...', 167, Array)
#1 C:\xampp\htdocs\movie4\system\View\View.php(236): include('C:\\xampp\\htdocs...')
#2 C:\xampp\htdocs\movie4\system\Common.php(1071): CodeIgniter\View\View->render('templates/body2...', Array, true)
#3 C:\xampp\htdocs\movie4\app\Controllers\Home.php(75): view('templates/body2...', Array)
#4 C:\xampp\htdocs\movie4\system\CodeIgniter.php(910): App\Controllers\Home->index()
#5 C:\xampp\htdocs\movie4\system\CodeIgniter.php(398): CodeIgniter\CodeIgniter->runController(Object(App\Controllers\Home))
#6 C:\xampp\htdocs\movie4\system\CodeIgniter.php(306): CodeIgniter\CodeIgniter->handleRequest(NULL, Object(Config\Cache), false)
#7 C:\xampp\htdocs\movie4\public\index.php(45): CodeIgniter\CodeIgniter->run()
#8 {main}
