CRITICAL - 2020-11-10 23:00:46 --> Table 'variety.an_slide' doesn't exist
#0 C:\xampp\htdocs\movie\movielive88\system\Database\MySQLi\Connection.php(330): mysqli->query('SELECT\r\n       ...')
#1 C:\xampp\htdocs\movie\movielive88\system\Database\BaseConnection.php(738): CodeIgniter\Database\MySQLi\Connection->execute('SELECT\r\n       ...')
#2 C:\xampp\htdocs\movie\movielive88\system\Database\BaseConnection.php(666): CodeIgniter\Database\BaseConnection->simpleQuery('SELECT\r\n       ...')
#3 C:\xampp\htdocs\movie\movielive88\app\Models\Video_Model.php(118): CodeIgniter\Database\BaseConnection->query('SELECT\r\n       ...', Array)
#4 C:\xampp\htdocs\movie\movielive88\app\Controllers\Home.php(35): App\Models\Video_Model->get_slide(1)
#5 C:\xampp\htdocs\movie\movielive88\system\CodeIgniter.php(910): App\Controllers\Home->index()
#6 C:\xampp\htdocs\movie\movielive88\system\CodeIgniter.php(398): CodeIgniter\CodeIgniter->runController(Object(App\Controllers\Home))
#7 C:\xampp\htdocs\movie\movielive88\system\CodeIgniter.php(306): CodeIgniter\CodeIgniter->handleRequest(NULL, Object(Config\Cache), false)
#8 C:\xampp\htdocs\movie\movielive88\index.php(45): CodeIgniter\CodeIgniter->run()
#9 {main}
CRITICAL - 2020-11-10 23:01:36 --> Table 'variety.an_slide' doesn't exist
#0 C:\xampp\htdocs\movie\movielive88\system\Database\MySQLi\Connection.php(330): mysqli->query('SELECT\r\n       ...')
#1 C:\xampp\htdocs\movie\movielive88\system\Database\BaseConnection.php(738): CodeIgniter\Database\MySQLi\Connection->execute('SELECT\r\n       ...')
#2 C:\xampp\htdocs\movie\movielive88\system\Database\BaseConnection.php(666): CodeIgniter\Database\BaseConnection->simpleQuery('SELECT\r\n       ...')
#3 C:\xampp\htdocs\movie\movielive88\app\Models\Video_Model.php(118): CodeIgniter\Database\BaseConnection->query('SELECT\r\n       ...', Array)
#4 C:\xampp\htdocs\movie\movielive88\app\Controllers\Home.php(35): App\Models\Video_Model->get_slide(1)
#5 C:\xampp\htdocs\movie\movielive88\system\CodeIgniter.php(910): App\Controllers\Home->index()
#6 C:\xampp\htdocs\movie\movielive88\system\CodeIgniter.php(398): CodeIgniter\CodeIgniter->runController(Object(App\Controllers\Home))
#7 C:\xampp\htdocs\movie\movielive88\system\CodeIgniter.php(306): CodeIgniter\CodeIgniter->handleRequest(NULL, Object(Config\Cache), false)
#8 C:\xampp\htdocs\movie\movielive88\index.php(45): CodeIgniter\CodeIgniter->run()
#9 {main}
CRITICAL - 2020-11-10 23:07:49 --> syntax error, unexpected '$this' (T_VARIABLE)
#0 C:\xampp\htdocs\movie\movielive88\system\Router\Router.php(192): CodeIgniter\Router\Router->autoRoute('/')
#1 C:\xampp\htdocs\movie\movielive88\system\CodeIgniter.php(785): CodeIgniter\Router\Router->handle('/')
#2 C:\xampp\htdocs\movie\movielive88\system\CodeIgniter.php(358): CodeIgniter\CodeIgniter->tryToRouteIt(Object(CodeIgniter\Router\RouteCollection))
#3 C:\xampp\htdocs\movie\movielive88\system\CodeIgniter.php(306): CodeIgniter\CodeIgniter->handleRequest(NULL, Object(Config\Cache), false)
#4 C:\xampp\htdocs\movie\movielive88\index.php(45): CodeIgniter\CodeIgniter->run()
#5 {main}
CRITICAL - 2020-11-10 23:20:11 --> Undefined index: poppular
#0 C:\xampp\htdocs\movie\movielive88\app\Views\templates\header.php(52): CodeIgniter\Debug\Exceptions->errorHandler(8, 'Undefined index...', 'C:\\xampp\\htdocs...', 52, Array)
#1 C:\xampp\htdocs\movie\movielive88\system\View\View.php(236): include('C:\\xampp\\htdocs...')
#2 C:\xampp\htdocs\movie\movielive88\system\Common.php(1071): CodeIgniter\View\View->render('templates/heade...', Array, true)
#3 C:\xampp\htdocs\movie\movielive88\app\Controllers\Home.php(77): view('templates/heade...', Array)
#4 C:\xampp\htdocs\movie\movielive88\system\CodeIgniter.php(910): App\Controllers\Home->index()
#5 C:\xampp\htdocs\movie\movielive88\system\CodeIgniter.php(398): CodeIgniter\CodeIgniter->runController(Object(App\Controllers\Home))
#6 C:\xampp\htdocs\movie\movielive88\system\CodeIgniter.php(306): CodeIgniter\CodeIgniter->handleRequest(NULL, Object(Config\Cache), false)
#7 C:\xampp\htdocs\movie\movielive88\index.php(45): CodeIgniter\CodeIgniter->run()
#8 {main}
CRITICAL - 2020-11-10 23:37:08 --> Undefined variable: val
#0 C:\xampp\htdocs\movie\movielive88\app\Views\index.php(10): CodeIgniter\Debug\Exceptions->errorHandler(8, 'Undefined varia...', 'C:\\xampp\\htdocs...', 10, Array)
#1 C:\xampp\htdocs\movie\movielive88\system\View\View.php(236): include('C:\\xampp\\htdocs...')
#2 C:\xampp\htdocs\movie\movielive88\system\Common.php(1071): CodeIgniter\View\View->render('index.php', Array, true)
#3 C:\xampp\htdocs\movie\movielive88\app\Controllers\Home.php(79): view('index.php', Array)
#4 C:\xampp\htdocs\movie\movielive88\system\CodeIgniter.php(910): App\Controllers\Home->index()
#5 C:\xampp\htdocs\movie\movielive88\system\CodeIgniter.php(398): CodeIgniter\CodeIgniter->runController(Object(App\Controllers\Home))
#6 C:\xampp\htdocs\movie\movielive88\system\CodeIgniter.php(306): CodeIgniter\CodeIgniter->handleRequest(NULL, Object(Config\Cache), false)
#7 C:\xampp\htdocs\movie\movielive88\index.php(45): CodeIgniter\CodeIgniter->run()
#8 {main}
