CRITICAL - 2020-10-20 01:02:20 --> Unknown database 'anime8k'
#0 C:\xampp\htdocs\anime\web1\system\Database\BaseConnection.php(377): CodeIgniter\Database\MySQLi\Connection->connect(false)
#1 C:\xampp\htdocs\anime\web1\system\Database\BaseConnection.php(643): CodeIgniter\Database\BaseConnection->initialize()
#2 C:\xampp\htdocs\anime\web1\app\Models\Video_Model.php(126): CodeIgniter\Database\BaseConnection->query('SELECT\r\n       ...')
#3 C:\xampp\htdocs\anime\web1\app\Controllers\Home.php(34): App\Models\Video_Model->get_list_video(1)
#4 C:\xampp\htdocs\anime\web1\system\CodeIgniter.php(910): App\Controllers\Home->index()
#5 C:\xampp\htdocs\anime\web1\system\CodeIgniter.php(398): CodeIgniter\CodeIgniter->runController(Object(App\Controllers\Home))
#6 C:\xampp\htdocs\anime\web1\system\CodeIgniter.php(306): CodeIgniter\CodeIgniter->handleRequest(NULL, Object(Config\Cache), false)
#7 C:\xampp\htdocs\anime\web1\index.php(45): CodeIgniter\CodeIgniter->run()
#8 {main}
CRITICAL - 2020-10-20 01:02:20 --> Uncaught ErrorException: print_r(): Property access is not allowed yet in C:\xampp\htdocs\anime\web1\app\Views\errors\html\error_exception.php:100
Stack trace:
#0 [internal function]: CodeIgniter\Debug\Exceptions->errorHandler(2, 'print_r(): Prop...', 'C:\\xampp\\htdocs...', 100, Array)
#1 C:\xampp\htdocs\anime\web1\app\Views\errors\html\error_exception.php(100): print_r(Object(App\Controllers\Home), true)
#2 C:\xampp\htdocs\anime\web1\system\Debug\Exceptions.php(298): include('C:\\xampp\\htdocs...')
#3 C:\xampp\htdocs\anime\web1\system\Debug\Exceptions.php(171): CodeIgniter\Debug\Exceptions->render(Object(mysqli_sql_exception), 500)
#4 [internal function]: CodeIgniter\Debug\Exceptions->exceptionHandler(Object(mysqli_sql_exception))
#5 {main}
  thrown
#0 [internal function]: CodeIgniter\Debug\Exceptions->shutdownHandler()
#1 {main}
<<<<<<< HEAD
CRITICAL - 2020-10-20 01:37:34 --> Undefined variable: ads
#0 C:\xampp\htdocs\animeweb1\app\Views\index.php(111): CodeIgniter\Debug\Exceptions->errorHandler(8, 'Undefined varia...', 'C:\\xampp\\htdocs...', 111, Array)
#1 C:\xampp\htdocs\animeweb1\system\View\View.php(236): include('C:\\xampp\\htdocs...')
#2 C:\xampp\htdocs\animeweb1\system\Common.php(1071): CodeIgniter\View\View->render('index.php', Array, true)
#3 C:\xampp\htdocs\animeweb1\app\Controllers\Home.php(49): view('index.php', Array)
#4 C:\xampp\htdocs\animeweb1\system\CodeIgniter.php(910): App\Controllers\Home->index()
#5 C:\xampp\htdocs\animeweb1\system\CodeIgniter.php(398): CodeIgniter\CodeIgniter->runController(Object(App\Controllers\Home))
#6 C:\xampp\htdocs\animeweb1\system\CodeIgniter.php(306): CodeIgniter\CodeIgniter->handleRequest(NULL, Object(Config\Cache), false)
#7 C:\xampp\htdocs\animeweb1\index.php(45): CodeIgniter\CodeIgniter->run()
#8 {main}
CRITICAL - 2020-10-20 01:37:34 --> Undefined variable: ads
#0 C:\xampp\htdocs\animeweb1\app\Views\index.php(111): CodeIgniter\Debug\Exceptions->errorHandler(8, 'Undefined varia...', 'C:\\xampp\\htdocs...', 111, Array)
#1 C:\xampp\htdocs\animeweb1\system\View\View.php(236): include('C:\\xampp\\htdocs...')
#2 C:\xampp\htdocs\animeweb1\system\Common.php(1071): CodeIgniter\View\View->render('index.php', Array, true)
#3 C:\xampp\htdocs\animeweb1\app\Controllers\Home.php(49): view('index.php', Array)
#4 C:\xampp\htdocs\animeweb1\system\CodeIgniter.php(910): App\Controllers\Home->index()
#5 C:\xampp\htdocs\animeweb1\system\CodeIgniter.php(398): CodeIgniter\CodeIgniter->runController(Object(App\Controllers\Home))
#6 C:\xampp\htdocs\animeweb1\system\CodeIgniter.php(306): CodeIgniter\CodeIgniter->handleRequest(NULL, Object(Config\Cache), false)
#7 C:\xampp\htdocs\animeweb1\index.php(45): CodeIgniter\CodeIgniter->run()
#8 {main}
CRITICAL - 2020-10-20 01:45:19 --> Undefined variable: backURL
#0 C:\xampp\htdocs\animeweb1\app\Views\index.php(119): CodeIgniter\Debug\Exceptions->errorHandler(8, 'Undefined varia...', 'C:\\xampp\\htdocs...', 119, Array)
#1 C:\xampp\htdocs\animeweb1\system\View\View.php(236): include('C:\\xampp\\htdocs...')
#2 C:\xampp\htdocs\animeweb1\system\Common.php(1071): CodeIgniter\View\View->render('index.php', Array, true)
#3 C:\xampp\htdocs\animeweb1\app\Controllers\Home.php(51): view('index.php', Array)
#4 C:\xampp\htdocs\animeweb1\system\CodeIgniter.php(910): App\Controllers\Home->index()
#5 C:\xampp\htdocs\animeweb1\system\CodeIgniter.php(398): CodeIgniter\CodeIgniter->runController(Object(App\Controllers\Home))
#6 C:\xampp\htdocs\animeweb1\system\CodeIgniter.php(306): CodeIgniter\CodeIgniter->handleRequest(NULL, Object(Config\Cache), false)
#7 C:\xampp\htdocs\animeweb1\index.php(45): CodeIgniter\CodeIgniter->run()
#8 {main}
CRITICAL - 2020-10-20 01:59:26 --> Unknown column 'an_movie.movie_active' in 'where clause'
#0 C:\xampp\htdocs\animeweb1\system\Database\MySQLi\Connection.php(330): mysqli->query('SELECT\r\n       ...')
#1 C:\xampp\htdocs\animeweb1\system\Database\BaseConnection.php(738): CodeIgniter\Database\MySQLi\Connection->execute('SELECT\r\n       ...')
#2 C:\xampp\htdocs\animeweb1\system\Database\BaseConnection.php(666): CodeIgniter\Database\BaseConnection->simpleQuery('SELECT\r\n       ...')
#3 C:\xampp\htdocs\animeweb1\app\Models\Video_Model.php(96): CodeIgniter\Database\BaseConnection->query('SELECT\r\n       ...', Array)
#4 C:\xampp\htdocs\animeweb1\app\Controllers\Home.php(36): App\Models\Video_Model->get_category(1)
#5 C:\xampp\htdocs\animeweb1\system\CodeIgniter.php(910): App\Controllers\Home->index()
#6 C:\xampp\htdocs\animeweb1\system\CodeIgniter.php(398): CodeIgniter\CodeIgniter->runController(Object(App\Controllers\Home))
#7 C:\xampp\htdocs\animeweb1\system\CodeIgniter.php(306): CodeIgniter\CodeIgniter->handleRequest(NULL, Object(Config\Cache), false)
#8 C:\xampp\htdocs\animeweb1\index.php(45): CodeIgniter\CodeIgniter->run()
#9 {main}
CRITICAL - 2020-10-20 01:59:32 --> Unknown column 'an_movie.movie_active' in 'where clause'
#0 C:\xampp\htdocs\animeweb1\system\Database\MySQLi\Connection.php(330): mysqli->query('SELECT\r\n       ...')
#1 C:\xampp\htdocs\animeweb1\system\Database\BaseConnection.php(738): CodeIgniter\Database\MySQLi\Connection->execute('SELECT\r\n       ...')
#2 C:\xampp\htdocs\animeweb1\system\Database\BaseConnection.php(666): CodeIgniter\Database\BaseConnection->simpleQuery('SELECT\r\n       ...')
#3 C:\xampp\htdocs\animeweb1\app\Models\Video_Model.php(96): CodeIgniter\Database\BaseConnection->query('SELECT\r\n       ...', Array)
#4 C:\xampp\htdocs\animeweb1\app\Controllers\Home.php(36): App\Models\Video_Model->get_category(1)
#5 C:\xampp\htdocs\animeweb1\system\CodeIgniter.php(910): App\Controllers\Home->index()
#6 C:\xampp\htdocs\animeweb1\system\CodeIgniter.php(398): CodeIgniter\CodeIgniter->runController(Object(App\Controllers\Home))
#7 C:\xampp\htdocs\animeweb1\system\CodeIgniter.php(306): CodeIgniter\CodeIgniter->handleRequest(NULL, Object(Config\Cache), false)
#8 C:\xampp\htdocs\animeweb1\index.php(45): CodeIgniter\CodeIgniter->run()
#9 {main}
CRITICAL - 2020-10-20 02:06:34 --> syntax error, unexpected ']', expecting ';' or ','
#0 C:\xampp\htdocs\animeweb1\system\Common.php(1071): CodeIgniter\View\View->render('templates/heade...', Array, true)
#1 C:\xampp\htdocs\animeweb1\app\Controllers\Home.php(55): view('templates/heade...', Array)
#2 C:\xampp\htdocs\animeweb1\system\CodeIgniter.php(910): App\Controllers\Home->index()
#3 C:\xampp\htdocs\animeweb1\system\CodeIgniter.php(398): CodeIgniter\CodeIgniter->runController(Object(App\Controllers\Home))
#4 C:\xampp\htdocs\animeweb1\system\CodeIgniter.php(306): CodeIgniter\CodeIgniter->handleRequest(NULL, Object(Config\Cache), false)
#5 C:\xampp\htdocs\animeweb1\index.php(45): CodeIgniter\CodeIgniter->run()
#6 {main}
CRITICAL - 2020-10-20 02:34:57 --> Undefined variable: keyword
#0 C:\xampp\htdocs\animeweb1\app\Views\list.php(108): CodeIgniter\Debug\Exceptions->errorHandler(8, 'Undefined varia...', 'C:\\xampp\\htdocs...', 108, Array)
#1 C:\xampp\htdocs\animeweb1\system\View\View.php(236): include('C:\\xampp\\htdocs...')
#2 C:\xampp\htdocs\animeweb1\system\Common.php(1071): CodeIgniter\View\View->render('list.php', Array, true)
#3 C:\xampp\htdocs\animeweb1\app\Controllers\Home.php(193): view('list.php', Array)
#4 C:\xampp\htdocs\animeweb1\system\CodeIgniter.php(910): App\Controllers\Home->category('2', '%E0%B8%9C%E0%B8...')
#5 C:\xampp\htdocs\animeweb1\system\CodeIgniter.php(398): CodeIgniter\CodeIgniter->runController(Object(App\Controllers\Home))
#6 C:\xampp\htdocs\animeweb1\system\CodeIgniter.php(306): CodeIgniter\CodeIgniter->handleRequest(NULL, Object(Config\Cache), false)
#7 C:\xampp\htdocs\animeweb1\index.php(45): CodeIgniter\CodeIgniter->run()
#8 {main}
CRITICAL - 2020-10-20 02:35:48 --> Undefined variable: keyword
#0 C:\xampp\htdocs\animeweb1\app\Views\list.php(109): CodeIgniter\Debug\Exceptions->errorHandler(8, 'Undefined varia...', 'C:\\xampp\\htdocs...', 109, Array)
#1 C:\xampp\htdocs\animeweb1\system\View\View.php(236): include('C:\\xampp\\htdocs...')
#2 C:\xampp\htdocs\animeweb1\system\Common.php(1071): CodeIgniter\View\View->render('list.php', Array, true)
#3 C:\xampp\htdocs\animeweb1\app\Controllers\Home.php(193): view('list.php', Array)
#4 C:\xampp\htdocs\animeweb1\system\CodeIgniter.php(910): App\Controllers\Home->category('2', '%E0%B8%9C%E0%B8...')
#5 C:\xampp\htdocs\animeweb1\system\CodeIgniter.php(398): CodeIgniter\CodeIgniter->runController(Object(App\Controllers\Home))
#6 C:\xampp\htdocs\animeweb1\system\CodeIgniter.php(306): CodeIgniter\CodeIgniter->handleRequest(NULL, Object(Config\Cache), false)
#7 C:\xampp\htdocs\animeweb1\index.php(45): CodeIgniter\CodeIgniter->run()
#8 {main}
CRITICAL - 2020-10-20 02:36:02 --> Undefined variable: keyword
#0 C:\xampp\htdocs\animeweb1\app\Views\list.php(122): CodeIgniter\Debug\Exceptions->errorHandler(8, 'Undefined varia...', 'C:\\xampp\\htdocs...', 122, Array)
#1 C:\xampp\htdocs\animeweb1\system\View\View.php(236): include('C:\\xampp\\htdocs...')
#2 C:\xampp\htdocs\animeweb1\system\Common.php(1071): CodeIgniter\View\View->render('list.php', Array, true)
#3 C:\xampp\htdocs\animeweb1\app\Controllers\Home.php(193): view('list.php', Array)
#4 C:\xampp\htdocs\animeweb1\system\CodeIgniter.php(910): App\Controllers\Home->category('2', '%E0%B8%9C%E0%B8...')
#5 C:\xampp\htdocs\animeweb1\system\CodeIgniter.php(398): CodeIgniter\CodeIgniter->runController(Object(App\Controllers\Home))
#6 C:\xampp\htdocs\animeweb1\system\CodeIgniter.php(306): CodeIgniter\CodeIgniter->handleRequest(NULL, Object(Config\Cache), false)
#7 C:\xampp\htdocs\animeweb1\index.php(45): CodeIgniter\CodeIgniter->run()
#8 {main}
CRITICAL - 2020-10-20 02:38:19 --> Undefined variable: keyword
#0 C:\xampp\htdocs\animeweb1\app\Views\list.php(108): CodeIgniter\Debug\Exceptions->errorHandler(8, 'Undefined varia...', 'C:\\xampp\\htdocs...', 108, Array)
#1 C:\xampp\htdocs\animeweb1\system\View\View.php(236): include('C:\\xampp\\htdocs...')
#2 C:\xampp\htdocs\animeweb1\system\Common.php(1071): CodeIgniter\View\View->render('list.php', Array, true)
#3 C:\xampp\htdocs\animeweb1\app\Controllers\Home.php(193): view('list.php', Array)
#4 C:\xampp\htdocs\animeweb1\system\CodeIgniter.php(910): App\Controllers\Home->category('2', '%E0%B8%9C%E0%B8...')
#5 C:\xampp\htdocs\animeweb1\system\CodeIgniter.php(398): CodeIgniter\CodeIgniter->runController(Object(App\Controllers\Home))
#6 C:\xampp\htdocs\animeweb1\system\CodeIgniter.php(306): CodeIgniter\CodeIgniter->handleRequest(NULL, Object(Config\Cache), false)
#7 C:\xampp\htdocs\animeweb1\index.php(45): CodeIgniter\CodeIgniter->run()
#8 {main}
CRITICAL - 2020-10-20 05:17:26 --> Undefined variable: keyword
#0 C:\xampp\htdocs\animeweb1\app\Controllers\Home.php(34): CodeIgniter\Debug\Exceptions->errorHandler(8, 'Undefined varia...', 'C:\\xampp\\htdocs...', 34, Array)
#1 C:\xampp\htdocs\animeweb1\system\CodeIgniter.php(910): App\Controllers\Home->index()
#2 C:\xampp\htdocs\animeweb1\system\CodeIgniter.php(398): CodeIgniter\CodeIgniter->runController(Object(App\Controllers\Home))
#3 C:\xampp\htdocs\animeweb1\system\CodeIgniter.php(306): CodeIgniter\CodeIgniter->handleRequest(NULL, Object(Config\Cache), false)
#4 C:\xampp\htdocs\animeweb1\index.php(45): CodeIgniter\CodeIgniter->run()
#5 {main}
CRITICAL - 2020-10-20 05:17:40 --> Undefined variable: keyword
#0 C:\xampp\htdocs\animeweb1\app\Controllers\Home.php(34): CodeIgniter\Debug\Exceptions->errorHandler(8, 'Undefined varia...', 'C:\\xampp\\htdocs...', 34, Array)
#1 C:\xampp\htdocs\animeweb1\system\CodeIgniter.php(910): App\Controllers\Home->index()
#2 C:\xampp\htdocs\animeweb1\system\CodeIgniter.php(398): CodeIgniter\CodeIgniter->runController(Object(App\Controllers\Home))
#3 C:\xampp\htdocs\animeweb1\system\CodeIgniter.php(306): CodeIgniter\CodeIgniter->handleRequest(NULL, Object(Config\Cache), false)
#4 C:\xampp\htdocs\animeweb1\index.php(45): CodeIgniter\CodeIgniter->run()
#5 {main}
CRITICAL - 2020-10-20 05:17:50 --> You must set the database table to be used with your query.
#0 C:\xampp\htdocs\animeweb1\system\Model.php(1190): CodeIgniter\Database\BaseConnection->table(NULL)
#1 C:\xampp\htdocs\animeweb1\system\Model.php(1648): CodeIgniter\Model->builder()
#2 C:\xampp\htdocs\animeweb1\app\Models\Video_Model.php(107): CodeIgniter\Model->__get('an_slide')
#3 C:\xampp\htdocs\animeweb1\app\Controllers\Home.php(34): App\Models\Video_Model->get_slide(1)
#4 C:\xampp\htdocs\animeweb1\system\CodeIgniter.php(910): App\Controllers\Home->index()
#5 C:\xampp\htdocs\animeweb1\system\CodeIgniter.php(398): CodeIgniter\CodeIgniter->runController(Object(App\Controllers\Home))
#6 C:\xampp\htdocs\animeweb1\system\CodeIgniter.php(306): CodeIgniter\CodeIgniter->handleRequest(NULL, Object(Config\Cache), false)
#7 C:\xampp\htdocs\animeweb1\index.php(45): CodeIgniter\CodeIgniter->run()
#8 {main}
CRITICAL - 2020-10-20 05:18:20 --> Unknown column 'an_category.branch_id' in 'where clause'
#0 C:\xampp\htdocs\animeweb1\system\Database\MySQLi\Connection.php(330): mysqli->query('SELECT\r\n       ...')
#1 C:\xampp\htdocs\animeweb1\system\Database\BaseConnection.php(738): CodeIgniter\Database\MySQLi\Connection->execute('SELECT\r\n       ...')
#2 C:\xampp\htdocs\animeweb1\system\Database\BaseConnection.php(666): CodeIgniter\Database\BaseConnection->simpleQuery('SELECT\r\n       ...')
#3 C:\xampp\htdocs\animeweb1\app\Models\Video_Model.php(116): CodeIgniter\Database\BaseConnection->query('SELECT\r\n       ...', Array)
#4 C:\xampp\htdocs\animeweb1\app\Controllers\Home.php(34): App\Models\Video_Model->get_slide(1)
#5 C:\xampp\htdocs\animeweb1\system\CodeIgniter.php(910): App\Controllers\Home->index()
#6 C:\xampp\htdocs\animeweb1\system\CodeIgniter.php(398): CodeIgniter\CodeIgniter->runController(Object(App\Controllers\Home))
#7 C:\xampp\htdocs\animeweb1\system\CodeIgniter.php(306): CodeIgniter\CodeIgniter->handleRequest(NULL, Object(Config\Cache), false)
#8 C:\xampp\htdocs\animeweb1\index.php(45): CodeIgniter\CodeIgniter->run()
#9 {main}
CRITICAL - 2020-10-20 05:18:57 --> Unknown column 'an_category.branch_id' in 'where clause'
#0 C:\xampp\htdocs\animeweb1\system\Database\MySQLi\Connection.php(330): mysqli->query('SELECT\r\n       ...')
#1 C:\xampp\htdocs\animeweb1\system\Database\BaseConnection.php(738): CodeIgniter\Database\MySQLi\Connection->execute('SELECT\r\n       ...')
#2 C:\xampp\htdocs\animeweb1\system\Database\BaseConnection.php(666): CodeIgniter\Database\BaseConnection->simpleQuery('SELECT\r\n       ...')
#3 C:\xampp\htdocs\animeweb1\app\Models\Video_Model.php(116): CodeIgniter\Database\BaseConnection->query('SELECT\r\n       ...', Array)
#4 C:\xampp\htdocs\animeweb1\app\Controllers\Home.php(34): App\Models\Video_Model->get_slide(1)
#5 C:\xampp\htdocs\animeweb1\system\CodeIgniter.php(910): App\Controllers\Home->index()
#6 C:\xampp\htdocs\animeweb1\system\CodeIgniter.php(398): CodeIgniter\CodeIgniter->runController(Object(App\Controllers\Home))
#7 C:\xampp\htdocs\animeweb1\system\CodeIgniter.php(306): CodeIgniter\CodeIgniter->handleRequest(NULL, Object(Config\Cache), false)
#8 C:\xampp\htdocs\animeweb1\index.php(45): CodeIgniter\CodeIgniter->run()
#9 {main}
CRITICAL - 2020-10-20 05:20:33 --> Unknown column 'an_category.branch_id' in 'where clause'
#0 C:\xampp\htdocs\animeweb1\system\Database\MySQLi\Connection.php(330): mysqli->query('SELECT\r\n       ...')
#1 C:\xampp\htdocs\animeweb1\system\Database\BaseConnection.php(738): CodeIgniter\Database\MySQLi\Connection->execute('SELECT\r\n       ...')
#2 C:\xampp\htdocs\animeweb1\system\Database\BaseConnection.php(666): CodeIgniter\Database\BaseConnection->simpleQuery('SELECT\r\n       ...')
#3 C:\xampp\htdocs\animeweb1\app\Models\Video_Model.php(116): CodeIgniter\Database\BaseConnection->query('SELECT\r\n       ...', Array)
#4 C:\xampp\htdocs\animeweb1\app\Controllers\Home.php(34): App\Models\Video_Model->get_slide(1)
#5 C:\xampp\htdocs\animeweb1\system\CodeIgniter.php(910): App\Controllers\Home->index()
#6 C:\xampp\htdocs\animeweb1\system\CodeIgniter.php(398): CodeIgniter\CodeIgniter->runController(Object(App\Controllers\Home))
#7 C:\xampp\htdocs\animeweb1\system\CodeIgniter.php(306): CodeIgniter\CodeIgniter->handleRequest(NULL, Object(Config\Cache), false)
#8 C:\xampp\htdocs\animeweb1\index.php(45): CodeIgniter\CodeIgniter->run()
#9 {main}
CRITICAL - 2020-10-20 05:30:01 --> syntax error, unexpected '}', expecting ';'
#0 C:\xampp\htdocs\animeweb1\system\Autoloader\Autoloader.php(296): CodeIgniter\Autoloader\Autoloader->requireFile('C:\\xampp\\htdocs...')
#1 C:\xampp\htdocs\animeweb1\system\Autoloader\Autoloader.php(258): CodeIgniter\Autoloader\Autoloader->loadInNamespace('App\\Models\\Vide...')
#2 [internal function]: CodeIgniter\Autoloader\Autoloader->loadClass('App\\Models\\Vide...')
#3 C:\xampp\htdocs\animeweb1\app\Controllers\Home.php(22): spl_autoload_call('App\\Models\\Vide...')
#4 C:\xampp\htdocs\animeweb1\system\CodeIgniter.php(882): App\Controllers\Home->__construct()
#5 C:\xampp\htdocs\animeweb1\system\CodeIgniter.php(393): CodeIgniter\CodeIgniter->createController()
#6 C:\xampp\htdocs\animeweb1\system\CodeIgniter.php(306): CodeIgniter\CodeIgniter->handleRequest(NULL, Object(Config\Cache), false)
#7 C:\xampp\htdocs\animeweb1\index.php(45): CodeIgniter\CodeIgniter->run()
#8 {main}
CRITICAL - 2020-10-20 05:30:38 --> syntax error, unexpected '}', expecting ';'
#0 C:\xampp\htdocs\animeweb1\system\Autoloader\Autoloader.php(296): CodeIgniter\Autoloader\Autoloader->requireFile('C:\\xampp\\htdocs...')
#1 C:\xampp\htdocs\animeweb1\system\Autoloader\Autoloader.php(258): CodeIgniter\Autoloader\Autoloader->loadInNamespace('App\\Models\\Vide...')
#2 [internal function]: CodeIgniter\Autoloader\Autoloader->loadClass('App\\Models\\Vide...')
#3 C:\xampp\htdocs\animeweb1\app\Controllers\Home.php(22): spl_autoload_call('App\\Models\\Vide...')
#4 C:\xampp\htdocs\animeweb1\system\CodeIgniter.php(882): App\Controllers\Home->__construct()
#5 C:\xampp\htdocs\animeweb1\system\CodeIgniter.php(393): CodeIgniter\CodeIgniter->createController()
#6 C:\xampp\htdocs\animeweb1\system\CodeIgniter.php(306): CodeIgniter\CodeIgniter->handleRequest(NULL, Object(Config\Cache), false)
#7 C:\xampp\htdocs\animeweb1\index.php(45): CodeIgniter\CodeIgniter->run()
#8 {main}
CRITICAL - 2020-10-20 05:30:39 --> syntax error, unexpected '}', expecting ';'
#0 C:\xampp\htdocs\animeweb1\system\Autoloader\Autoloader.php(296): CodeIgniter\Autoloader\Autoloader->requireFile('C:\\xampp\\htdocs...')
#1 C:\xampp\htdocs\animeweb1\system\Autoloader\Autoloader.php(258): CodeIgniter\Autoloader\Autoloader->loadInNamespace('App\\Models\\Vide...')
#2 [internal function]: CodeIgniter\Autoloader\Autoloader->loadClass('App\\Models\\Vide...')
#3 C:\xampp\htdocs\animeweb1\app\Controllers\Home.php(22): spl_autoload_call('App\\Models\\Vide...')
#4 C:\xampp\htdocs\animeweb1\system\CodeIgniter.php(882): App\Controllers\Home->__construct()
#5 C:\xampp\htdocs\animeweb1\system\CodeIgniter.php(393): CodeIgniter\CodeIgniter->createController()
#6 C:\xampp\htdocs\animeweb1\system\CodeIgniter.php(306): CodeIgniter\CodeIgniter->handleRequest(NULL, Object(Config\Cache), false)
#7 C:\xampp\htdocs\animeweb1\index.php(45): CodeIgniter\CodeIgniter->run()
#8 {main}
CRITICAL - 2020-10-20 05:30:44 --> syntax error, unexpected '}', expecting ';'
#0 C:\xampp\htdocs\animeweb1\system\Autoloader\Autoloader.php(296): CodeIgniter\Autoloader\Autoloader->requireFile('C:\\xampp\\htdocs...')
#1 C:\xampp\htdocs\animeweb1\system\Autoloader\Autoloader.php(258): CodeIgniter\Autoloader\Autoloader->loadInNamespace('App\\Models\\Vide...')
#2 [internal function]: CodeIgniter\Autoloader\Autoloader->loadClass('App\\Models\\Vide...')
#3 C:\xampp\htdocs\animeweb1\app\Controllers\Home.php(22): spl_autoload_call('App\\Models\\Vide...')
#4 C:\xampp\htdocs\animeweb1\system\CodeIgniter.php(882): App\Controllers\Home->__construct()
#5 C:\xampp\htdocs\animeweb1\system\CodeIgniter.php(393): CodeIgniter\CodeIgniter->createController()
#6 C:\xampp\htdocs\animeweb1\system\CodeIgniter.php(306): CodeIgniter\CodeIgniter->handleRequest(NULL, Object(Config\Cache), false)
#7 C:\xampp\htdocs\animeweb1\index.php(45): CodeIgniter\CodeIgniter->run()
#8 {main}
CRITICAL - 2020-10-20 05:40:20 --> Undefined variable: url_name
#0 C:\xampp\htdocs\animeweb1\app\Views\index.php(40): CodeIgniter\Debug\Exceptions->errorHandler(8, 'Undefined varia...', 'C:\\xampp\\htdocs...', 40, Array)
#1 C:\xampp\htdocs\animeweb1\system\View\View.php(236): include('C:\\xampp\\htdocs...')
#2 C:\xampp\htdocs\animeweb1\system\Common.php(1071): CodeIgniter\View\View->render('index.php', Array, true)
#3 C:\xampp\htdocs\animeweb1\app\Controllers\Home.php(60): view('index.php', Array)
#4 C:\xampp\htdocs\animeweb1\system\CodeIgniter.php(910): App\Controllers\Home->index()
#5 C:\xampp\htdocs\animeweb1\system\CodeIgniter.php(398): CodeIgniter\CodeIgniter->runController(Object(App\Controllers\Home))
#6 C:\xampp\htdocs\animeweb1\system\CodeIgniter.php(306): CodeIgniter\CodeIgniter->handleRequest(NULL, Object(Config\Cache), false)
#7 C:\xampp\htdocs\animeweb1\index.php(45): CodeIgniter\CodeIgniter->run()
#8 {main}
CRITICAL - 2020-10-20 05:40:52 --> Undefined variable: url_name
#0 C:\xampp\htdocs\animeweb1\app\Views\index.php(41): CodeIgniter\Debug\Exceptions->errorHandler(8, 'Undefined varia...', 'C:\\xampp\\htdocs...', 41, Array)
#1 C:\xampp\htdocs\animeweb1\system\View\View.php(236): include('C:\\xampp\\htdocs...')
#2 C:\xampp\htdocs\animeweb1\system\Common.php(1071): CodeIgniter\View\View->render('index.php', Array, true)
#3 C:\xampp\htdocs\animeweb1\app\Controllers\Home.php(60): view('index.php', Array)
#4 C:\xampp\htdocs\animeweb1\system\CodeIgniter.php(910): App\Controllers\Home->index()
#5 C:\xampp\htdocs\animeweb1\system\CodeIgniter.php(398): CodeIgniter\CodeIgniter->runController(Object(App\Controllers\Home))
#6 C:\xampp\htdocs\animeweb1\system\CodeIgniter.php(306): CodeIgniter\CodeIgniter->handleRequest(NULL, Object(Config\Cache), false)
#7 C:\xampp\htdocs\animeweb1\index.php(45): CodeIgniter\CodeIgniter->run()
=======
CRITICAL - 2020-10-20 01:35:18 --> Undefined variable: ads
#0 C:\xampp\htdocs\anime\web1\app\Views\index.php(111): CodeIgniter\Debug\Exceptions->errorHandler(8, 'Undefined varia...', 'C:\\xampp\\htdocs...', 111, Array)
#1 C:\xampp\htdocs\anime\web1\system\View\View.php(236): include('C:\\xampp\\htdocs...')
#2 C:\xampp\htdocs\anime\web1\system\Common.php(1071): CodeIgniter\View\View->render('index.php', Array, true)
#3 C:\xampp\htdocs\anime\web1\app\Controllers\Home.php(49): view('index.php', Array)
#4 C:\xampp\htdocs\anime\web1\system\CodeIgniter.php(910): App\Controllers\Home->index()
#5 C:\xampp\htdocs\anime\web1\system\CodeIgniter.php(398): CodeIgniter\CodeIgniter->runController(Object(App\Controllers\Home))
#6 C:\xampp\htdocs\anime\web1\system\CodeIgniter.php(306): CodeIgniter\CodeIgniter->handleRequest(NULL, Object(Config\Cache), false)
#7 C:\xampp\htdocs\anime\web1\index.php(45): CodeIgniter\CodeIgniter->run()
#8 {main}
CRITICAL - 2020-10-20 01:35:18 --> Undefined variable: ads
#0 C:\xampp\htdocs\anime\web1\app\Views\index.php(111): CodeIgniter\Debug\Exceptions->errorHandler(8, 'Undefined varia...', 'C:\\xampp\\htdocs...', 111, Array)
#1 C:\xampp\htdocs\anime\web1\system\View\View.php(236): include('C:\\xampp\\htdocs...')
#2 C:\xampp\htdocs\anime\web1\system\Common.php(1071): CodeIgniter\View\View->render('index.php', Array, true)
#3 C:\xampp\htdocs\anime\web1\app\Controllers\Home.php(49): view('index.php', Array)
#4 C:\xampp\htdocs\anime\web1\system\CodeIgniter.php(910): App\Controllers\Home->index()
#5 C:\xampp\htdocs\anime\web1\system\CodeIgniter.php(398): CodeIgniter\CodeIgniter->runController(Object(App\Controllers\Home))
#6 C:\xampp\htdocs\anime\web1\system\CodeIgniter.php(306): CodeIgniter\CodeIgniter->handleRequest(NULL, Object(Config\Cache), false)
#7 C:\xampp\htdocs\anime\web1\index.php(45): CodeIgniter\CodeIgniter->run()
#8 {main}
CRITICAL - 2020-10-20 01:52:59 --> Undefined variable: totalTime
#0 C:\xampp\htdocs\anime\web1\system\Debug\Toolbar\Views\toolbar.tpl.php(56): CodeIgniter\Debug\Exceptions->errorHandler(8, 'Undefined varia...', 'C:\\xampp\\htdocs...', 56, Array)
#1 C:\xampp\htdocs\anime\web1\system\Debug\Toolbar.php(496): include('C:\\xampp\\htdocs...')
#2 C:\xampp\htdocs\anime\web1\system\Debug\Toolbar.php(454): CodeIgniter\Debug\Toolbar->format(Array, 'html')
#3 C:\xampp\htdocs\anime\web1\app\Config\Events.php(44): CodeIgniter\Debug\Toolbar->respond()
#4 [internal function]: CodeIgniter\Events\Events::Config\{closure}()
#5 C:\xampp\htdocs\anime\web1\system\Events\Events.php(188): call_user_func(Object(Closure))
#6 C:\xampp\htdocs\anime\web1\system\CodeIgniter.php(287): CodeIgniter\Events\Events::trigger('pre_system')
#7 C:\xampp\htdocs\anime\web1\index.php(45): CodeIgniter\CodeIgniter->run()
#8 {main}
CRITICAL - 2020-10-20 02:07:07 --> Undefined variable: totalTime
#0 C:\xampp\htdocs\anime\web1\system\Debug\Toolbar\Views\toolbar.tpl.php(56): CodeIgniter\Debug\Exceptions->errorHandler(8, 'Undefined varia...', 'C:\\xampp\\htdocs...', 56, Array)
#1 C:\xampp\htdocs\anime\web1\system\Debug\Toolbar.php(496): include('C:\\xampp\\htdocs...')
#2 C:\xampp\htdocs\anime\web1\system\Debug\Toolbar.php(454): CodeIgniter\Debug\Toolbar->format(Array, 'html')
#3 C:\xampp\htdocs\anime\web1\app\Config\Events.php(44): CodeIgniter\Debug\Toolbar->respond()
#4 [internal function]: CodeIgniter\Events\Events::Config\{closure}()
#5 C:\xampp\htdocs\anime\web1\system\Events\Events.php(188): call_user_func(Object(Closure))
#6 C:\xampp\htdocs\anime\web1\system\CodeIgniter.php(287): CodeIgniter\Events\Events::trigger('pre_system')
#7 C:\xampp\htdocs\anime\web1\index.php(45): CodeIgniter\CodeIgniter->run()
>>>>>>> 4ef30d7c9a1fa4f2ca86b84cdc9f09786ce505de
#8 {main}
