CRITICAL - 2020-05-19 01:45:45 --> Access denied for user ''@'localhost' (using password: NO)
#0 C:\xampp\htdocs\movie4\system\Database\BaseConnection.php(377): CodeIgniter\Database\MySQLi\Connection->connect(false)
#1 C:\xampp\htdocs\movie4\system\Database\BaseConnection.php(643): CodeIgniter\Database\BaseConnection->initialize()
#2 C:\xampp\htdocs\movie4\app\Models\Video_Model.php(123): CodeIgniter\Database\BaseConnection->query('SELECT\r\n       ...')
#3 C:\xampp\htdocs\movie4\app\Controllers\Home.php(50): App\Models\Video_Model->get_list_video(1, '', 1)
#4 C:\xampp\htdocs\movie4\system\CodeIgniter.php(910): App\Controllers\Home->index()
#5 C:\xampp\htdocs\movie4\system\CodeIgniter.php(398): CodeIgniter\CodeIgniter->runController(Object(App\Controllers\Home))
#6 C:\xampp\htdocs\movie4\system\CodeIgniter.php(306): CodeIgniter\CodeIgniter->handleRequest(NULL, Object(Config\Cache), false)
#7 C:\xampp\htdocs\movie4\public\index.php(45): CodeIgniter\CodeIgniter->run()
#8 {main}
CRITICAL - 2020-05-19 01:45:49 --> Access denied for user ''@'localhost' (using password: NO)
#0 C:\xampp\htdocs\movie4\system\Database\BaseConnection.php(377): CodeIgniter\Database\MySQLi\Connection->connect(false)
#1 C:\xampp\htdocs\movie4\system\Database\BaseConnection.php(643): CodeIgniter\Database\BaseConnection->initialize()
#2 C:\xampp\htdocs\movie4\app\Models\Video_Model.php(123): CodeIgniter\Database\BaseConnection->query('SELECT\r\n       ...')
#3 C:\xampp\htdocs\movie4\app\Controllers\Home.php(50): App\Models\Video_Model->get_list_video(1, '', 1)
#4 C:\xampp\htdocs\movie4\system\CodeIgniter.php(910): App\Controllers\Home->index()
#5 C:\xampp\htdocs\movie4\system\CodeIgniter.php(398): CodeIgniter\CodeIgniter->runController(Object(App\Controllers\Home))
#6 C:\xampp\htdocs\movie4\system\CodeIgniter.php(306): CodeIgniter\CodeIgniter->handleRequest(NULL, Object(Config\Cache), false)
#7 C:\xampp\htdocs\movie4\public\index.php(45): CodeIgniter\CodeIgniter->run()
#8 {main}
CRITICAL - 2020-05-19 01:46:03 --> Access denied for user ''@'localhost' (using password: NO)
#0 C:\xampp\htdocs\movie4\system\Database\BaseConnection.php(377): CodeIgniter\Database\MySQLi\Connection->connect(false)
#1 C:\xampp\htdocs\movie4\system\Database\BaseConnection.php(643): CodeIgniter\Database\BaseConnection->initialize()
#2 C:\xampp\htdocs\movie4\app\Models\Video_Model.php(123): CodeIgniter\Database\BaseConnection->query('SELECT\r\n       ...')
#3 C:\xampp\htdocs\movie4\app\Controllers\Home.php(50): App\Models\Video_Model->get_list_video(1, '', 1)
#4 C:\xampp\htdocs\movie4\system\CodeIgniter.php(910): App\Controllers\Home->index()
#5 C:\xampp\htdocs\movie4\system\CodeIgniter.php(398): CodeIgniter\CodeIgniter->runController(Object(App\Controllers\Home))
#6 C:\xampp\htdocs\movie4\system\CodeIgniter.php(306): CodeIgniter\CodeIgniter->handleRequest(NULL, Object(Config\Cache), false)
#7 C:\xampp\htdocs\movie4\public\index.php(45): CodeIgniter\CodeIgniter->run()
#8 {main}
CRITICAL - 2020-05-19 01:47:46 --> Access denied for user ''@'localhost' (using password: NO)
#0 C:\xampp\htdocs\movie4\system\Database\BaseConnection.php(377): CodeIgniter\Database\MySQLi\Connection->connect(false)
#1 C:\xampp\htdocs\movie4\system\Database\BaseConnection.php(643): CodeIgniter\Database\BaseConnection->initialize()
#2 C:\xampp\htdocs\movie4\app\Models\Video_Model.php(123): CodeIgniter\Database\BaseConnection->query('SELECT\r\n       ...')
#3 C:\xampp\htdocs\movie4\app\Controllers\Home.php(50): App\Models\Video_Model->get_list_video(1, '', 1)
#4 C:\xampp\htdocs\movie4\system\CodeIgniter.php(910): App\Controllers\Home->index()
#5 C:\xampp\htdocs\movie4\system\CodeIgniter.php(398): CodeIgniter\CodeIgniter->runController(Object(App\Controllers\Home))
#6 C:\xampp\htdocs\movie4\system\CodeIgniter.php(306): CodeIgniter\CodeIgniter->handleRequest(NULL, Object(Config\Cache), false)
#7 C:\xampp\htdocs\movie4\public\index.php(45): CodeIgniter\CodeIgniter->run()
#8 {main}
CRITICAL - 2020-05-19 01:55:05 --> Access denied for user ''@'localhost' (using password: NO)
#0 C:\xampp\htdocs\movie4\system\Database\BaseConnection.php(377): CodeIgniter\Database\MySQLi\Connection->connect(false)
#1 C:\xampp\htdocs\movie4\system\Database\BaseConnection.php(643): CodeIgniter\Database\BaseConnection->initialize()
#2 C:\xampp\htdocs\movie4\app\Models\Video_Model.php(123): CodeIgniter\Database\BaseConnection->query('SELECT\r\n       ...')
#3 C:\xampp\htdocs\movie4\app\Controllers\Home.php(51): App\Models\Video_Model->get_list_video(1, '', 1)
#4 C:\xampp\htdocs\movie4\system\CodeIgniter.php(910): App\Controllers\Home->index()
#5 C:\xampp\htdocs\movie4\system\CodeIgniter.php(398): CodeIgniter\CodeIgniter->runController(Object(App\Controllers\Home))
#6 C:\xampp\htdocs\movie4\system\CodeIgniter.php(306): CodeIgniter\CodeIgniter->handleRequest(NULL, Object(Config\Cache), false)
#7 C:\xampp\htdocs\movie4\public\index.php(45): CodeIgniter\CodeIgniter->run()
#8 {main}
CRITICAL - 2020-05-19 01:58:30 --> Call to undefined function App\Models\get_pagination()
#0 C:\xampp\htdocs\movie4\app\Controllers\Home.php(51): App\Models\Video_Model->get_list_video(1, '', 1)
#1 C:\xampp\htdocs\movie4\system\CodeIgniter.php(910): App\Controllers\Home->index()
#2 C:\xampp\htdocs\movie4\system\CodeIgniter.php(398): CodeIgniter\CodeIgniter->runController(Object(App\Controllers\Home))
#3 C:\xampp\htdocs\movie4\system\CodeIgniter.php(306): CodeIgniter\CodeIgniter->handleRequest(NULL, Object(Config\Cache), false)
#4 C:\xampp\htdocs\movie4\public\index.php(45): CodeIgniter\CodeIgniter->run()
#5 {main}
CRITICAL - 2020-05-19 01:58:38 --> Call to undefined function App\Models\get_pagination()
#0 C:\xampp\htdocs\movie4\app\Controllers\Home.php(51): App\Models\Video_Model->get_list_video(1, '', 1)
#1 C:\xampp\htdocs\movie4\system\CodeIgniter.php(910): App\Controllers\Home->index()
#2 C:\xampp\htdocs\movie4\system\CodeIgniter.php(398): CodeIgniter\CodeIgniter->runController(Object(App\Controllers\Home))
#3 C:\xampp\htdocs\movie4\system\CodeIgniter.php(306): CodeIgniter\CodeIgniter->handleRequest(NULL, Object(Config\Cache), false)
#4 C:\xampp\htdocs\movie4\public\index.php(45): CodeIgniter\CodeIgniter->run()
#5 {main}
CRITICAL - 2020-05-19 02:26:39 --> syntax error, unexpected ')', expecting ';' or ','
#0 C:\xampp\htdocs\movie4\system\Common.php(1071): CodeIgniter\View\View->render('templates/body2...', Array, true)
#1 C:\xampp\htdocs\movie4\app\Controllers\Home.php(68): view('templates/body2...', Array)
#2 C:\xampp\htdocs\movie4\system\CodeIgniter.php(910): App\Controllers\Home->index()
#3 C:\xampp\htdocs\movie4\system\CodeIgniter.php(398): CodeIgniter\CodeIgniter->runController(Object(App\Controllers\Home))
#4 C:\xampp\htdocs\movie4\system\CodeIgniter.php(306): CodeIgniter\CodeIgniter->handleRequest(NULL, Object(Config\Cache), false)
#5 C:\xampp\htdocs\movie4\public\index.php(45): CodeIgniter\CodeIgniter->run()
#6 {main}
CRITICAL - 2020-05-19 02:27:09 --> syntax error, unexpected ')', expecting ';' or ','
#0 C:\xampp\htdocs\movie4\system\Common.php(1071): CodeIgniter\View\View->render('templates/body2...', Array, true)
#1 C:\xampp\htdocs\movie4\app\Controllers\Home.php(68): view('templates/body2...', Array)
#2 C:\xampp\htdocs\movie4\system\CodeIgniter.php(910): App\Controllers\Home->index()
#3 C:\xampp\htdocs\movie4\system\CodeIgniter.php(398): CodeIgniter\CodeIgniter->runController(Object(App\Controllers\Home))
#4 C:\xampp\htdocs\movie4\system\CodeIgniter.php(306): CodeIgniter\CodeIgniter->handleRequest(NULL, Object(Config\Cache), false)
#5 C:\xampp\htdocs\movie4\public\index.php(45): CodeIgniter\CodeIgniter->run()
#6 {main}
CRITICAL - 2020-05-19 02:27:12 --> syntax error, unexpected ')', expecting ';' or ','
#0 C:\xampp\htdocs\movie4\system\Common.php(1071): CodeIgniter\View\View->render('templates/body2...', Array, true)
#1 C:\xampp\htdocs\movie4\app\Controllers\Home.php(68): view('templates/body2...', Array)
#2 C:\xampp\htdocs\movie4\system\CodeIgniter.php(910): App\Controllers\Home->index()
#3 C:\xampp\htdocs\movie4\system\CodeIgniter.php(398): CodeIgniter\CodeIgniter->runController(Object(App\Controllers\Home))
#4 C:\xampp\htdocs\movie4\system\CodeIgniter.php(306): CodeIgniter\CodeIgniter->handleRequest(NULL, Object(Config\Cache), false)
#5 C:\xampp\htdocs\movie4\public\index.php(45): CodeIgniter\CodeIgniter->run()
#6 {main}
CRITICAL - 2020-05-19 02:27:42 --> Invalid argument supplied for foreach()
#0 C:\xampp\htdocs\movie4\app\Views\templates\body2.php(36): CodeIgniter\Debug\Exceptions->errorHandler(2, 'Invalid argumen...', 'C:\\xampp\\htdocs...', 36, Array)
#1 C:\xampp\htdocs\movie4\system\View\View.php(236): include('C:\\xampp\\htdocs...')
#2 C:\xampp\htdocs\movie4\system\Common.php(1071): CodeIgniter\View\View->render('templates/body2...', Array, true)
#3 C:\xampp\htdocs\movie4\app\Controllers\Home.php(68): view('templates/body2...', Array)
#4 C:\xampp\htdocs\movie4\system\CodeIgniter.php(910): App\Controllers\Home->index()
#5 C:\xampp\htdocs\movie4\system\CodeIgniter.php(398): CodeIgniter\CodeIgniter->runController(Object(App\Controllers\Home))
#6 C:\xampp\htdocs\movie4\system\CodeIgniter.php(306): CodeIgniter\CodeIgniter->handleRequest(NULL, Object(Config\Cache), false)
#7 C:\xampp\htdocs\movie4\public\index.php(45): CodeIgniter\CodeIgniter->run()
#8 {main}
CRITICAL - 2020-05-19 02:27:45 --> Invalid argument supplied for foreach()
#0 C:\xampp\htdocs\movie4\app\Views\templates\body2.php(36): CodeIgniter\Debug\Exceptions->errorHandler(2, 'Invalid argumen...', 'C:\\xampp\\htdocs...', 36, Array)
#1 C:\xampp\htdocs\movie4\system\View\View.php(236): include('C:\\xampp\\htdocs...')
#2 C:\xampp\htdocs\movie4\system\Common.php(1071): CodeIgniter\View\View->render('templates/body2...', Array, true)
#3 C:\xampp\htdocs\movie4\app\Controllers\Home.php(68): view('templates/body2...', Array)
#4 C:\xampp\htdocs\movie4\system\CodeIgniter.php(910): App\Controllers\Home->index()
#5 C:\xampp\htdocs\movie4\system\CodeIgniter.php(398): CodeIgniter\CodeIgniter->runController(Object(App\Controllers\Home))
#6 C:\xampp\htdocs\movie4\system\CodeIgniter.php(306): CodeIgniter\CodeIgniter->handleRequest(NULL, Object(Config\Cache), false)
#7 C:\xampp\htdocs\movie4\public\index.php(45): CodeIgniter\CodeIgniter->run()
#8 {main}
CRITICAL - 2020-05-19 06:37:52 --> Invalid argument supplied for foreach()
#0 C:\xampp\htdocs\movie4\app\Views\templates\header.php(164): CodeIgniter\Debug\Exceptions->errorHandler(2, 'Invalid argumen...', 'C:\\xampp\\htdocs...', 164, Array)
#1 C:\xampp\htdocs\movie4\system\View\View.php(236): include('C:\\xampp\\htdocs...')
#2 C:\xampp\htdocs\movie4\system\Common.php(1071): CodeIgniter\View\View->render('templates/heade...', Array, true)
#3 C:\xampp\htdocs\movie4\app\Controllers\Home.php(146): view('templates/heade...')
#4 C:\xampp\htdocs\movie4\system\CodeIgniter.php(910): App\Controllers\Home->video('3', 'main')
#5 C:\xampp\htdocs\movie4\system\CodeIgniter.php(398): CodeIgniter\CodeIgniter->runController(Object(App\Controllers\Home))
#6 C:\xampp\htdocs\movie4\system\CodeIgniter.php(306): CodeIgniter\CodeIgniter->handleRequest(NULL, Object(Config\Cache), false)
#7 C:\xampp\htdocs\movie4\public\index.php(45): CodeIgniter\CodeIgniter->run()
#8 {main}
CRITICAL - 2020-05-19 06:38:03 --> Invalid argument supplied for foreach()
#0 C:\xampp\htdocs\movie4\app\Views\templates\header.php(164): CodeIgniter\Debug\Exceptions->errorHandler(2, 'Invalid argumen...', 'C:\\xampp\\htdocs...', 164, Array)
#1 C:\xampp\htdocs\movie4\system\View\View.php(236): include('C:\\xampp\\htdocs...')
#2 C:\xampp\htdocs\movie4\system\Common.php(1071): CodeIgniter\View\View->render('templates/heade...', Array, true)
#3 C:\xampp\htdocs\movie4\app\Controllers\Home.php(146): view('templates/heade...')
#4 C:\xampp\htdocs\movie4\system\CodeIgniter.php(910): App\Controllers\Home->video('7', 'main')
#5 C:\xampp\htdocs\movie4\system\CodeIgniter.php(398): CodeIgniter\CodeIgniter->runController(Object(App\Controllers\Home))
#6 C:\xampp\htdocs\movie4\system\CodeIgniter.php(306): CodeIgniter\CodeIgniter->handleRequest(NULL, Object(Config\Cache), false)
#7 C:\xampp\htdocs\movie4\public\index.php(45): CodeIgniter\CodeIgniter->run()
#8 {main}
CRITICAL - 2020-05-19 06:38:17 --> Invalid argument supplied for foreach()
#0 C:\xampp\htdocs\movie4\app\Views\templates\header.php(164): CodeIgniter\Debug\Exceptions->errorHandler(2, 'Invalid argumen...', 'C:\\xampp\\htdocs...', 164, Array)
#1 C:\xampp\htdocs\movie4\system\View\View.php(236): include('C:\\xampp\\htdocs...')
#2 C:\xampp\htdocs\movie4\system\Common.php(1071): CodeIgniter\View\View->render('templates/heade...', Array, true)
#3 C:\xampp\htdocs\movie4\app\Controllers\Home.php(146): view('templates/heade...')
#4 C:\xampp\htdocs\movie4\system\CodeIgniter.php(910): App\Controllers\Home->video('12', 'main')
#5 C:\xampp\htdocs\movie4\system\CodeIgniter.php(398): CodeIgniter\CodeIgniter->runController(Object(App\Controllers\Home))
#6 C:\xampp\htdocs\movie4\system\CodeIgniter.php(306): CodeIgniter\CodeIgniter->handleRequest(NULL, Object(Config\Cache), false)
#7 C:\xampp\htdocs\movie4\public\index.php(45): CodeIgniter\CodeIgniter->run()
#8 {main}
CRITICAL - 2020-05-19 06:39:02 --> Invalid argument supplied for foreach()
#0 C:\xampp\htdocs\movie4\app\Views\templates\header.php(164): CodeIgniter\Debug\Exceptions->errorHandler(2, 'Invalid argumen...', 'C:\\xampp\\htdocs...', 164, Array)
#1 C:\xampp\htdocs\movie4\system\View\View.php(236): include('C:\\xampp\\htdocs...')
#2 C:\xampp\htdocs\movie4\system\Common.php(1071): CodeIgniter\View\View->render('templates/heade...', Array, true)
#3 C:\xampp\htdocs\movie4\app\Controllers\Home.php(146): view('templates/heade...', Array)
#4 C:\xampp\htdocs\movie4\system\CodeIgniter.php(910): App\Controllers\Home->video('12', 'main')
#5 C:\xampp\htdocs\movie4\system\CodeIgniter.php(398): CodeIgniter\CodeIgniter->runController(Object(App\Controllers\Home))
#6 C:\xampp\htdocs\movie4\system\CodeIgniter.php(306): CodeIgniter\CodeIgniter->handleRequest(NULL, Object(Config\Cache), false)
#7 C:\xampp\htdocs\movie4\public\index.php(45): CodeIgniter\CodeIgniter->run()
#8 {main}
CRITICAL - 2020-05-19 06:39:06 --> Invalid argument supplied for foreach()
#0 C:\xampp\htdocs\movie4\app\Views\templates\header.php(164): CodeIgniter\Debug\Exceptions->errorHandler(2, 'Invalid argumen...', 'C:\\xampp\\htdocs...', 164, Array)
#1 C:\xampp\htdocs\movie4\system\View\View.php(236): include('C:\\xampp\\htdocs...')
#2 C:\xampp\htdocs\movie4\system\Common.php(1071): CodeIgniter\View\View->render('templates/heade...', Array, true)
#3 C:\xampp\htdocs\movie4\app\Controllers\Home.php(146): view('templates/heade...', Array)
#4 C:\xampp\htdocs\movie4\system\CodeIgniter.php(910): App\Controllers\Home->video('11', 'main')
#5 C:\xampp\htdocs\movie4\system\CodeIgniter.php(398): CodeIgniter\CodeIgniter->runController(Object(App\Controllers\Home))
#6 C:\xampp\htdocs\movie4\system\CodeIgniter.php(306): CodeIgniter\CodeIgniter->handleRequest(NULL, Object(Config\Cache), false)
#7 C:\xampp\htdocs\movie4\public\index.php(45): CodeIgniter\CodeIgniter->run()
#8 {main}
CRITICAL - 2020-05-19 06:42:37 --> You have an error in your SQL syntax; check the manual that corresponds to your MariaDB server version for the right syntax to use near ''-20', 20' at line 6
#0 C:\xampp\htdocs\movie4\system\Database\MySQLi\Connection.php(330): mysqli->query('SELECT\r\n       ...')
#1 C:\xampp\htdocs\movie4\system\Database\BaseConnection.php(738): CodeIgniter\Database\MySQLi\Connection->execute('SELECT\r\n       ...')
#2 C:\xampp\htdocs\movie4\system\Database\BaseConnection.php(666): CodeIgniter\Database\BaseConnection->simpleQuery('SELECT\r\n       ...')
#3 C:\xampp\htdocs\movie4\app\Helpers\pagination_helper.php(9): CodeIgniter\Database\BaseConnection->query('SELECT\r\n       ...', Array)
#4 C:\xampp\htdocs\movie4\app\Models\Video_Model.php(130): get_pagination('SELECT\r\n       ...', NULL, 20, 1152)
#5 C:\xampp\htdocs\movie4\app\Controllers\Home.php(100): App\Models\Video_Model->get_list_video(1, '', NULL)
#6 C:\xampp\htdocs\movie4\system\CodeIgniter.php(910): App\Controllers\Home->video('11', 'main')
#7 C:\xampp\htdocs\movie4\system\CodeIgniter.php(398): CodeIgniter\CodeIgniter->runController(Object(App\Controllers\Home))
#8 C:\xampp\htdocs\movie4\system\CodeIgniter.php(306): CodeIgniter\CodeIgniter->handleRequest(NULL, Object(Config\Cache), false)
#9 C:\xampp\htdocs\movie4\public\index.php(45): CodeIgniter\CodeIgniter->run()
#10 {main}
CRITICAL - 2020-05-19 06:42:38 --> You have an error in your SQL syntax; check the manual that corresponds to your MariaDB server version for the right syntax to use near ''-20', 20' at line 6
#0 C:\xampp\htdocs\movie4\system\Database\MySQLi\Connection.php(330): mysqli->query('SELECT\r\n       ...')
#1 C:\xampp\htdocs\movie4\system\Database\BaseConnection.php(738): CodeIgniter\Database\MySQLi\Connection->execute('SELECT\r\n       ...')
#2 C:\xampp\htdocs\movie4\system\Database\BaseConnection.php(666): CodeIgniter\Database\BaseConnection->simpleQuery('SELECT\r\n       ...')
#3 C:\xampp\htdocs\movie4\app\Helpers\pagination_helper.php(9): CodeIgniter\Database\BaseConnection->query('SELECT\r\n       ...', Array)
#4 C:\xampp\htdocs\movie4\app\Models\Video_Model.php(130): get_pagination('SELECT\r\n       ...', NULL, 20, 1152)
#5 C:\xampp\htdocs\movie4\app\Controllers\Home.php(100): App\Models\Video_Model->get_list_video(1, '', NULL)
#6 C:\xampp\htdocs\movie4\system\CodeIgniter.php(910): App\Controllers\Home->video('11', 'main')
#7 C:\xampp\htdocs\movie4\system\CodeIgniter.php(398): CodeIgniter\CodeIgniter->runController(Object(App\Controllers\Home))
#8 C:\xampp\htdocs\movie4\system\CodeIgniter.php(306): CodeIgniter\CodeIgniter->handleRequest(NULL, Object(Config\Cache), false)
#9 C:\xampp\htdocs\movie4\public\index.php(45): CodeIgniter\CodeIgniter->run()
#10 {main}
CRITICAL - 2020-05-19 06:42:49 --> You have an error in your SQL syntax; check the manual that corresponds to your MariaDB server version for the right syntax to use near ''-20', 20' at line 6
#0 C:\xampp\htdocs\movie4\system\Database\MySQLi\Connection.php(330): mysqli->query('SELECT\r\n       ...')
#1 C:\xampp\htdocs\movie4\system\Database\BaseConnection.php(738): CodeIgniter\Database\MySQLi\Connection->execute('SELECT\r\n       ...')
#2 C:\xampp\htdocs\movie4\system\Database\BaseConnection.php(666): CodeIgniter\Database\BaseConnection->simpleQuery('SELECT\r\n       ...')
#3 C:\xampp\htdocs\movie4\app\Helpers\pagination_helper.php(9): CodeIgniter\Database\BaseConnection->query('SELECT\r\n       ...', Array)
#4 C:\xampp\htdocs\movie4\app\Models\Video_Model.php(130): get_pagination('SELECT\r\n       ...', NULL, 20, 1152)
#5 C:\xampp\htdocs\movie4\app\Controllers\Home.php(100): App\Models\Video_Model->get_list_video(1, '', NULL)
#6 C:\xampp\htdocs\movie4\system\CodeIgniter.php(910): App\Controllers\Home->video('13', 'main')
#7 C:\xampp\htdocs\movie4\system\CodeIgniter.php(398): CodeIgniter\CodeIgniter->runController(Object(App\Controllers\Home))
#8 C:\xampp\htdocs\movie4\system\CodeIgniter.php(306): CodeIgniter\CodeIgniter->handleRequest(NULL, Object(Config\Cache), false)
#9 C:\xampp\htdocs\movie4\public\index.php(45): CodeIgniter\CodeIgniter->run()
#10 {main}
