CRITICAL - 2020-07-08 00:52:53 --> Unknown database 'variety'
#0 C:\xampp\htdocs\doonungset1\system\Database\BaseConnection.php(377): CodeIgniter\Database\MySQLi\Connection->connect(false)
#1 C:\xampp\htdocs\doonungset1\system\Database\BaseConnection.php(643): CodeIgniter\Database\BaseConnection->initialize()
#2 C:\xampp\htdocs\doonungset1\app\Models\Video_Model.php(127): CodeIgniter\Database\BaseConnection->query('SELECT\r\n       ...')
#3 C:\xampp\htdocs\doonungset1\app\Controllers\Home.php(52): App\Models\Video_Model->get_list_video(1, '', 1)
#4 C:\xampp\htdocs\doonungset1\system\CodeIgniter.php(910): App\Controllers\Home->index()
#5 C:\xampp\htdocs\doonungset1\system\CodeIgniter.php(398): CodeIgniter\CodeIgniter->runController(Object(App\Controllers\Home))
#6 C:\xampp\htdocs\doonungset1\system\CodeIgniter.php(306): CodeIgniter\CodeIgniter->handleRequest(NULL, Object(Config\Cache), false)
#7 C:\xampp\htdocs\doonungset1\public\index.php(45): CodeIgniter\CodeIgniter->run()
#8 {main}
CRITICAL - 2020-07-08 00:53:23 --> Unknown database 'variety'
#0 C:\xampp\htdocs\doonungset1\system\Database\BaseConnection.php(377): CodeIgniter\Database\MySQLi\Connection->connect(false)
#1 C:\xampp\htdocs\doonungset1\system\Database\BaseConnection.php(643): CodeIgniter\Database\BaseConnection->initialize()
#2 C:\xampp\htdocs\doonungset1\app\Models\Video_Model.php(127): CodeIgniter\Database\BaseConnection->query('SELECT\r\n       ...')
#3 C:\xampp\htdocs\doonungset1\app\Controllers\Home.php(52): App\Models\Video_Model->get_list_video(1, '', 1)
#4 C:\xampp\htdocs\doonungset1\system\CodeIgniter.php(910): App\Controllers\Home->index()
#5 C:\xampp\htdocs\doonungset1\system\CodeIgniter.php(398): CodeIgniter\CodeIgniter->runController(Object(App\Controllers\Home))
#6 C:\xampp\htdocs\doonungset1\system\CodeIgniter.php(306): CodeIgniter\CodeIgniter->handleRequest(NULL, Object(Config\Cache), false)
#7 C:\xampp\htdocs\doonungset1\public\index.php(45): CodeIgniter\CodeIgniter->run()
#8 {main}
CRITICAL - 2020-07-08 00:53:25 --> Unknown database 'variety'
#0 C:\xampp\htdocs\doonungset1\system\Database\BaseConnection.php(377): CodeIgniter\Database\MySQLi\Connection->connect(false)
#1 C:\xampp\htdocs\doonungset1\system\Database\BaseConnection.php(643): CodeIgniter\Database\BaseConnection->initialize()
#2 C:\xampp\htdocs\doonungset1\app\Models\Video_Model.php(127): CodeIgniter\Database\BaseConnection->query('SELECT\r\n       ...')
#3 C:\xampp\htdocs\doonungset1\app\Controllers\Home.php(52): App\Models\Video_Model->get_list_video(1, '', 1)
#4 C:\xampp\htdocs\doonungset1\system\CodeIgniter.php(910): App\Controllers\Home->index()
#5 C:\xampp\htdocs\doonungset1\system\CodeIgniter.php(398): CodeIgniter\CodeIgniter->runController(Object(App\Controllers\Home))
#6 C:\xampp\htdocs\doonungset1\system\CodeIgniter.php(306): CodeIgniter\CodeIgniter->handleRequest(NULL, Object(Config\Cache), false)
#7 C:\xampp\htdocs\doonungset1\public\index.php(45): CodeIgniter\CodeIgniter->run()
#8 {main}
CRITICAL - 2020-07-08 00:53:32 --> Unknown database 'variety'
#0 C:\xampp\htdocs\doonungset1\system\Database\BaseConnection.php(377): CodeIgniter\Database\MySQLi\Connection->connect(false)
#1 C:\xampp\htdocs\doonungset1\system\Database\BaseConnection.php(643): CodeIgniter\Database\BaseConnection->initialize()
#2 C:\xampp\htdocs\doonungset1\app\Models\Video_Model.php(127): CodeIgniter\Database\BaseConnection->query('SELECT\r\n       ...')
#3 C:\xampp\htdocs\doonungset1\app\Controllers\Home.php(52): App\Models\Video_Model->get_list_video(1, '', 1)
#4 C:\xampp\htdocs\doonungset1\system\CodeIgniter.php(910): App\Controllers\Home->index()
#5 C:\xampp\htdocs\doonungset1\system\CodeIgniter.php(398): CodeIgniter\CodeIgniter->runController(Object(App\Controllers\Home))
#6 C:\xampp\htdocs\doonungset1\system\CodeIgniter.php(306): CodeIgniter\CodeIgniter->handleRequest(NULL, Object(Config\Cache), false)
#7 C:\xampp\htdocs\doonungset1\public\index.php(45): CodeIgniter\CodeIgniter->run()
#8 {main}
CRITICAL - 2020-07-08 00:53:38 --> Unknown database 'variety'
#0 C:\xampp\htdocs\doonungset1\system\Database\BaseConnection.php(377): CodeIgniter\Database\MySQLi\Connection->connect(false)
#1 C:\xampp\htdocs\doonungset1\system\Database\BaseConnection.php(643): CodeIgniter\Database\BaseConnection->initialize()
#2 C:\xampp\htdocs\doonungset1\app\Models\Video_Model.php(127): CodeIgniter\Database\BaseConnection->query('SELECT\r\n       ...')
#3 C:\xampp\htdocs\doonungset1\app\Controllers\Home.php(52): App\Models\Video_Model->get_list_video(1, '', 1)
#4 C:\xampp\htdocs\doonungset1\system\CodeIgniter.php(910): App\Controllers\Home->index()
#5 C:\xampp\htdocs\doonungset1\system\CodeIgniter.php(398): CodeIgniter\CodeIgniter->runController(Object(App\Controllers\Home))
#6 C:\xampp\htdocs\doonungset1\system\CodeIgniter.php(306): CodeIgniter\CodeIgniter->handleRequest(NULL, Object(Config\Cache), false)
#7 C:\xampp\htdocs\doonungset1\public\index.php(45): CodeIgniter\CodeIgniter->run()
#8 {main}
CRITICAL - 2020-07-08 00:55:24 --> Undefined property: Config\App::$backURL
#0 C:\xampp\htdocs\doonungset1\app\Controllers\Home.php(19): CodeIgniter\Debug\Exceptions->errorHandler(8, 'Undefined prope...', 'C:\\xampp\\htdocs...', 19, Array)
#1 C:\xampp\htdocs\doonungset1\system\CodeIgniter.php(882): App\Controllers\Home->__construct()
#2 C:\xampp\htdocs\doonungset1\system\CodeIgniter.php(393): CodeIgniter\CodeIgniter->createController()
#3 C:\xampp\htdocs\doonungset1\system\CodeIgniter.php(306): CodeIgniter\CodeIgniter->handleRequest(NULL, Object(Config\Cache), false)
#4 C:\xampp\htdocs\doonungset1\public\index.php(45): CodeIgniter\CodeIgniter->run()
#5 {main}
CRITICAL - 2020-07-08 00:56:02 --> Unknown database 'variety'
#0 C:\xampp\htdocs\doonungset1\system\Database\BaseConnection.php(377): CodeIgniter\Database\MySQLi\Connection->connect(false)
#1 C:\xampp\htdocs\doonungset1\system\Database\BaseConnection.php(643): CodeIgniter\Database\BaseConnection->initialize()
#2 C:\xampp\htdocs\doonungset1\app\Models\Video_Model.php(127): CodeIgniter\Database\BaseConnection->query('SELECT\r\n       ...')
#3 C:\xampp\htdocs\doonungset1\app\Controllers\Home.php(52): App\Models\Video_Model->get_list_video(1, '', 1)
#4 C:\xampp\htdocs\doonungset1\system\CodeIgniter.php(910): App\Controllers\Home->index()
#5 C:\xampp\htdocs\doonungset1\system\CodeIgniter.php(398): CodeIgniter\CodeIgniter->runController(Object(App\Controllers\Home))
#6 C:\xampp\htdocs\doonungset1\system\CodeIgniter.php(306): CodeIgniter\CodeIgniter->handleRequest(NULL, Object(Config\Cache), false)
#7 C:\xampp\htdocs\doonungset1\public\index.php(45): CodeIgniter\CodeIgniter->run()
#8 {main}
CRITICAL - 2020-07-08 01:12:15 --> Undefined variable: setting
#0 C:\xampp\htdocs\doonungset1\app\Views\templates\header.php(37): CodeIgniter\Debug\Exceptions->errorHandler(8, 'Undefined varia...', 'C:\\xampp\\htdocs...', 37, Array)
#1 C:\xampp\htdocs\doonungset1\system\View\View.php(236): include('C:\\xampp\\htdocs...')
#2 C:\xampp\htdocs\doonungset1\system\Common.php(1071): CodeIgniter\View\View->render('templates/heade...', Array, true)
#3 C:\xampp\htdocs\doonungset1\app\Controllers\Home.php(169): view('templates/heade...', Array)
#4 C:\xampp\htdocs\doonungset1\system\CodeIgniter.php(910): App\Controllers\Home->video('72', 'main')
#5 C:\xampp\htdocs\doonungset1\system\CodeIgniter.php(398): CodeIgniter\CodeIgniter->runController(Object(App\Controllers\Home))
#6 C:\xampp\htdocs\doonungset1\system\CodeIgniter.php(306): CodeIgniter\CodeIgniter->handleRequest(NULL, Object(Config\Cache), false)
#7 C:\xampp\htdocs\doonungset1\public\index.php(45): CodeIgniter\CodeIgniter->run()
#8 {main}
