CRITICAL - 2020-05-22 02:49:29 --> Invalid argument supplied for foreach()
#0 C:\xampp\htdocs\movie4\app\Views\templates\header.php(204): CodeIgniter\Debug\Exceptions->errorHandler(2, 'Invalid argumen...', 'C:\\xampp\\htdocs...', 204, Array)
#1 C:\xampp\htdocs\movie4\system\View\View.php(236): include('C:\\xampp\\htdocs...')
#2 C:\xampp\htdocs\movie4\system\Common.php(1071): CodeIgniter\View\View->render('templates/heade...', Array, true)
#3 C:\xampp\htdocs\movie4\app\Controllers\Home.php(158): view('templates/heade...', Array)
#4 C:\xampp\htdocs\movie4\system\CodeIgniter.php(910): App\Controllers\Home->video('2', 'main')
#5 C:\xampp\htdocs\movie4\system\CodeIgniter.php(398): CodeIgniter\CodeIgniter->runController(Object(App\Controllers\Home))
#6 C:\xampp\htdocs\movie4\system\CodeIgniter.php(306): CodeIgniter\CodeIgniter->handleRequest(NULL, Object(Config\Cache), false)
#7 C:\xampp\htdocs\movie4\public\index.php(45): CodeIgniter\CodeIgniter->run()
#8 {main}
CRITICAL - 2020-05-22 02:49:37 --> Invalid argument supplied for foreach()
#0 C:\xampp\htdocs\movie4\app\Views\templates\header.php(204): CodeIgniter\Debug\Exceptions->errorHandler(2, 'Invalid argumen...', 'C:\\xampp\\htdocs...', 204, Array)
#1 C:\xampp\htdocs\movie4\system\View\View.php(236): include('C:\\xampp\\htdocs...')
#2 C:\xampp\htdocs\movie4\system\Common.php(1071): CodeIgniter\View\View->render('templates/heade...', Array, true)
#3 C:\xampp\htdocs\movie4\app\Controllers\Home.php(158): view('templates/heade...', Array)
#4 C:\xampp\htdocs\movie4\system\CodeIgniter.php(910): App\Controllers\Home->video('12', 'main')
#5 C:\xampp\htdocs\movie4\system\CodeIgniter.php(398): CodeIgniter\CodeIgniter->runController(Object(App\Controllers\Home))
#6 C:\xampp\htdocs\movie4\system\CodeIgniter.php(306): CodeIgniter\CodeIgniter->handleRequest(NULL, Object(Config\Cache), false)
#7 C:\xampp\htdocs\movie4\public\index.php(45): CodeIgniter\CodeIgniter->run()
#8 {main}
CRITICAL - 2020-05-22 03:03:32 --> Invalid argument supplied for foreach()
#0 C:\xampp\htdocs\movie4\app\Views\templates\header.php(203): CodeIgniter\Debug\Exceptions->errorHandler(2, 'Invalid argumen...', 'C:\\xampp\\htdocs...', 203, Array)
#1 C:\xampp\htdocs\movie4\system\View\View.php(236): include('C:\\xampp\\htdocs...')
#2 C:\xampp\htdocs\movie4\system\Common.php(1071): CodeIgniter\View\View->render('templates/heade...', Array, true)
#3 C:\xampp\htdocs\movie4\app\Controllers\Home.php(158): view('templates/heade...', Array)
#4 C:\xampp\htdocs\movie4\system\CodeIgniter.php(910): App\Controllers\Home->video('7', 'main')
#5 C:\xampp\htdocs\movie4\system\CodeIgniter.php(398): CodeIgniter\CodeIgniter->runController(Object(App\Controllers\Home))
#6 C:\xampp\htdocs\movie4\system\CodeIgniter.php(306): CodeIgniter\CodeIgniter->handleRequest(NULL, Object(Config\Cache), false)
#7 C:\xampp\htdocs\movie4\public\index.php(45): CodeIgniter\CodeIgniter->run()
#8 {main}
CRITICAL - 2020-05-22 03:04:41 --> Invalid argument supplied for foreach()
#0 C:\xampp\htdocs\movie4\app\Views\templates\header.php(203): CodeIgniter\Debug\Exceptions->errorHandler(2, 'Invalid argumen...', 'C:\\xampp\\htdocs...', 203, Array)
#1 C:\xampp\htdocs\movie4\system\View\View.php(236): include('C:\\xampp\\htdocs...')
#2 C:\xampp\htdocs\movie4\system\Common.php(1071): CodeIgniter\View\View->render('templates/heade...', Array, true)
#3 C:\xampp\htdocs\movie4\app\Controllers\Home.php(158): view('templates/heade...', Array)
#4 C:\xampp\htdocs\movie4\system\CodeIgniter.php(910): App\Controllers\Home->video('20', 'main')
#5 C:\xampp\htdocs\movie4\system\CodeIgniter.php(398): CodeIgniter\CodeIgniter->runController(Object(App\Controllers\Home))
#6 C:\xampp\htdocs\movie4\system\CodeIgniter.php(306): CodeIgniter\CodeIgniter->handleRequest(NULL, Object(Config\Cache), false)
#7 C:\xampp\htdocs\movie4\public\index.php(45): CodeIgniter\CodeIgniter->run()
#8 {main}
CRITICAL - 2020-05-22 03:05:26 --> Invalid argument supplied for foreach()
#0 C:\xampp\htdocs\movie4\app\Views\templates\header.php(203): CodeIgniter\Debug\Exceptions->errorHandler(2, 'Invalid argumen...', 'C:\\xampp\\htdocs...', 203, Array)
#1 C:\xampp\htdocs\movie4\system\View\View.php(236): include('C:\\xampp\\htdocs...')
#2 C:\xampp\htdocs\movie4\system\Common.php(1071): CodeIgniter\View\View->render('templates/heade...', Array, true)
#3 C:\xampp\htdocs\movie4\app\Controllers\Home.php(158): view('templates/heade...', Array)
#4 C:\xampp\htdocs\movie4\system\CodeIgniter.php(910): App\Controllers\Home->video('20', 'main')
#5 C:\xampp\htdocs\movie4\system\CodeIgniter.php(398): CodeIgniter\CodeIgniter->runController(Object(App\Controllers\Home))
#6 C:\xampp\htdocs\movie4\system\CodeIgniter.php(306): CodeIgniter\CodeIgniter->handleRequest(NULL, Object(Config\Cache), false)
#7 C:\xampp\htdocs\movie4\public\index.php(45): CodeIgniter\CodeIgniter->run()
#8 {main}
CRITICAL - 2020-05-22 03:05:49 --> Invalid argument supplied for foreach()
#0 C:\xampp\htdocs\movie4\app\Views\templates\header.php(203): CodeIgniter\Debug\Exceptions->errorHandler(2, 'Invalid argumen...', 'C:\\xampp\\htdocs...', 203, Array)
#1 C:\xampp\htdocs\movie4\system\View\View.php(236): include('C:\\xampp\\htdocs...')
#2 C:\xampp\htdocs\movie4\system\Common.php(1071): CodeIgniter\View\View->render('templates/heade...', Array, true)
#3 C:\xampp\htdocs\movie4\app\Controllers\Home.php(158): view('templates/heade...', Array)
#4 C:\xampp\htdocs\movie4\system\CodeIgniter.php(910): App\Controllers\Home->video('20', 'main')
#5 C:\xampp\htdocs\movie4\system\CodeIgniter.php(398): CodeIgniter\CodeIgniter->runController(Object(App\Controllers\Home))
#6 C:\xampp\htdocs\movie4\system\CodeIgniter.php(306): CodeIgniter\CodeIgniter->handleRequest(NULL, Object(Config\Cache), false)
#7 C:\xampp\htdocs\movie4\public\index.php(45): CodeIgniter\CodeIgniter->run()
#8 {main}
CRITICAL - 2020-05-22 03:05:49 --> Invalid argument supplied for foreach()
#0 C:\xampp\htdocs\movie4\app\Views\templates\header.php(203): CodeIgniter\Debug\Exceptions->errorHandler(2, 'Invalid argumen...', 'C:\\xampp\\htdocs...', 203, Array)
#1 C:\xampp\htdocs\movie4\system\View\View.php(236): include('C:\\xampp\\htdocs...')
#2 C:\xampp\htdocs\movie4\system\Common.php(1071): CodeIgniter\View\View->render('templates/heade...', Array, true)
#3 C:\xampp\htdocs\movie4\app\Controllers\Home.php(158): view('templates/heade...', Array)
#4 C:\xampp\htdocs\movie4\system\CodeIgniter.php(910): App\Controllers\Home->video('20', 'main')
#5 C:\xampp\htdocs\movie4\system\CodeIgniter.php(398): CodeIgniter\CodeIgniter->runController(Object(App\Controllers\Home))
#6 C:\xampp\htdocs\movie4\system\CodeIgniter.php(306): CodeIgniter\CodeIgniter->handleRequest(NULL, Object(Config\Cache), false)
#7 C:\xampp\htdocs\movie4\public\index.php(45): CodeIgniter\CodeIgniter->run()
#8 {main}
CRITICAL - 2020-05-22 03:05:50 --> Invalid argument supplied for foreach()
#0 C:\xampp\htdocs\movie4\app\Views\templates\header.php(203): CodeIgniter\Debug\Exceptions->errorHandler(2, 'Invalid argumen...', 'C:\\xampp\\htdocs...', 203, Array)
#1 C:\xampp\htdocs\movie4\system\View\View.php(236): include('C:\\xampp\\htdocs...')
#2 C:\xampp\htdocs\movie4\system\Common.php(1071): CodeIgniter\View\View->render('templates/heade...', Array, true)
#3 C:\xampp\htdocs\movie4\app\Controllers\Home.php(158): view('templates/heade...', Array)
#4 C:\xampp\htdocs\movie4\system\CodeIgniter.php(910): App\Controllers\Home->video('20', 'main')
#5 C:\xampp\htdocs\movie4\system\CodeIgniter.php(398): CodeIgniter\CodeIgniter->runController(Object(App\Controllers\Home))
#6 C:\xampp\htdocs\movie4\system\CodeIgniter.php(306): CodeIgniter\CodeIgniter->handleRequest(NULL, Object(Config\Cache), false)
#7 C:\xampp\htdocs\movie4\public\index.php(45): CodeIgniter\CodeIgniter->run()
#8 {main}
CRITICAL - 2020-05-22 03:05:50 --> Invalid argument supplied for foreach()
#0 C:\xampp\htdocs\movie4\app\Views\templates\header.php(203): CodeIgniter\Debug\Exceptions->errorHandler(2, 'Invalid argumen...', 'C:\\xampp\\htdocs...', 203, Array)
#1 C:\xampp\htdocs\movie4\system\View\View.php(236): include('C:\\xampp\\htdocs...')
#2 C:\xampp\htdocs\movie4\system\Common.php(1071): CodeIgniter\View\View->render('templates/heade...', Array, true)
#3 C:\xampp\htdocs\movie4\app\Controllers\Home.php(158): view('templates/heade...', Array)
#4 C:\xampp\htdocs\movie4\system\CodeIgniter.php(910): App\Controllers\Home->video('20', 'main')
#5 C:\xampp\htdocs\movie4\system\CodeIgniter.php(398): CodeIgniter\CodeIgniter->runController(Object(App\Controllers\Home))
#6 C:\xampp\htdocs\movie4\system\CodeIgniter.php(306): CodeIgniter\CodeIgniter->handleRequest(NULL, Object(Config\Cache), false)
#7 C:\xampp\htdocs\movie4\public\index.php(45): CodeIgniter\CodeIgniter->run()
#8 {main}
CRITICAL - 2020-05-22 03:05:50 --> Invalid argument supplied for foreach()
#0 C:\xampp\htdocs\movie4\app\Views\templates\header.php(203): CodeIgniter\Debug\Exceptions->errorHandler(2, 'Invalid argumen...', 'C:\\xampp\\htdocs...', 203, Array)
#1 C:\xampp\htdocs\movie4\system\View\View.php(236): include('C:\\xampp\\htdocs...')
#2 C:\xampp\htdocs\movie4\system\Common.php(1071): CodeIgniter\View\View->render('templates/heade...', Array, true)
#3 C:\xampp\htdocs\movie4\app\Controllers\Home.php(158): view('templates/heade...', Array)
#4 C:\xampp\htdocs\movie4\system\CodeIgniter.php(910): App\Controllers\Home->video('20', 'main')
#5 C:\xampp\htdocs\movie4\system\CodeIgniter.php(398): CodeIgniter\CodeIgniter->runController(Object(App\Controllers\Home))
#6 C:\xampp\htdocs\movie4\system\CodeIgniter.php(306): CodeIgniter\CodeIgniter->handleRequest(NULL, Object(Config\Cache), false)
#7 C:\xampp\htdocs\movie4\public\index.php(45): CodeIgniter\CodeIgniter->run()
#8 {main}
CRITICAL - 2020-05-22 03:05:51 --> Invalid argument supplied for foreach()
#0 C:\xampp\htdocs\movie4\app\Views\templates\header.php(203): CodeIgniter\Debug\Exceptions->errorHandler(2, 'Invalid argumen...', 'C:\\xampp\\htdocs...', 203, Array)
#1 C:\xampp\htdocs\movie4\system\View\View.php(236): include('C:\\xampp\\htdocs...')
#2 C:\xampp\htdocs\movie4\system\Common.php(1071): CodeIgniter\View\View->render('templates/heade...', Array, true)
#3 C:\xampp\htdocs\movie4\app\Controllers\Home.php(158): view('templates/heade...', Array)
#4 C:\xampp\htdocs\movie4\system\CodeIgniter.php(910): App\Controllers\Home->video('20', 'main')
#5 C:\xampp\htdocs\movie4\system\CodeIgniter.php(398): CodeIgniter\CodeIgniter->runController(Object(App\Controllers\Home))
#6 C:\xampp\htdocs\movie4\system\CodeIgniter.php(306): CodeIgniter\CodeIgniter->handleRequest(NULL, Object(Config\Cache), false)
#7 C:\xampp\htdocs\movie4\public\index.php(45): CodeIgniter\CodeIgniter->run()
#8 {main}
CRITICAL - 2020-05-22 03:06:13 --> Invalid argument supplied for foreach()
#0 C:\xampp\htdocs\movie4\app\Views\templates\header.php(203): CodeIgniter\Debug\Exceptions->errorHandler(2, 'Invalid argumen...', 'C:\\xampp\\htdocs...', 203, Array)
#1 C:\xampp\htdocs\movie4\system\View\View.php(236): include('C:\\xampp\\htdocs...')
#2 C:\xampp\htdocs\movie4\system\Common.php(1071): CodeIgniter\View\View->render('templates/heade...', Array, true)
#3 C:\xampp\htdocs\movie4\app\Controllers\Home.php(158): view('templates/heade...', Array)
#4 C:\xampp\htdocs\movie4\system\CodeIgniter.php(910): App\Controllers\Home->video('20', 'main')
#5 C:\xampp\htdocs\movie4\system\CodeIgniter.php(398): CodeIgniter\CodeIgniter->runController(Object(App\Controllers\Home))
#6 C:\xampp\htdocs\movie4\system\CodeIgniter.php(306): CodeIgniter\CodeIgniter->handleRequest(NULL, Object(Config\Cache), false)
#7 C:\xampp\htdocs\movie4\public\index.php(45): CodeIgniter\CodeIgniter->run()
#8 {main}
CRITICAL - 2020-05-22 03:06:30 --> Invalid argument supplied for foreach()
#0 C:\xampp\htdocs\movie4\app\Views\templates\header.php(203): CodeIgniter\Debug\Exceptions->errorHandler(2, 'Invalid argumen...', 'C:\\xampp\\htdocs...', 203, Array)
#1 C:\xampp\htdocs\movie4\system\View\View.php(236): include('C:\\xampp\\htdocs...')
#2 C:\xampp\htdocs\movie4\system\Common.php(1071): CodeIgniter\View\View->render('templates/heade...', Array, true)
#3 C:\xampp\htdocs\movie4\app\Controllers\Home.php(158): view('templates/heade...', Array)
#4 C:\xampp\htdocs\movie4\system\CodeIgniter.php(910): App\Controllers\Home->video('19', 'main')
#5 C:\xampp\htdocs\movie4\system\CodeIgniter.php(398): CodeIgniter\CodeIgniter->runController(Object(App\Controllers\Home))
#6 C:\xampp\htdocs\movie4\system\CodeIgniter.php(306): CodeIgniter\CodeIgniter->handleRequest(NULL, Object(Config\Cache), false)
#7 C:\xampp\htdocs\movie4\public\index.php(45): CodeIgniter\CodeIgniter->run()
#8 {main}
CRITICAL - 2020-05-22 03:07:39 --> Invalid argument supplied for foreach()
#0 C:\xampp\htdocs\movie4\app\Views\templates\header.php(203): CodeIgniter\Debug\Exceptions->errorHandler(2, 'Invalid argumen...', 'C:\\xampp\\htdocs...', 203, Array)
#1 C:\xampp\htdocs\movie4\system\View\View.php(236): include('C:\\xampp\\htdocs...')
#2 C:\xampp\htdocs\movie4\system\Common.php(1071): CodeIgniter\View\View->render('templates/heade...', Array, true)
#3 C:\xampp\htdocs\movie4\app\Controllers\Home.php(160): view('templates/heade...', Array)
#4 C:\xampp\htdocs\movie4\system\CodeIgniter.php(910): App\Controllers\Home->video('19', 'main')
#5 C:\xampp\htdocs\movie4\system\CodeIgniter.php(398): CodeIgniter\CodeIgniter->runController(Object(App\Controllers\Home))
#6 C:\xampp\htdocs\movie4\system\CodeIgniter.php(306): CodeIgniter\CodeIgniter->handleRequest(NULL, Object(Config\Cache), false)
#7 C:\xampp\htdocs\movie4\public\index.php(45): CodeIgniter\CodeIgniter->run()
#8 {main}
CRITICAL - 2020-05-22 03:07:42 --> Invalid argument supplied for foreach()
#0 C:\xampp\htdocs\movie4\app\Views\templates\header.php(203): CodeIgniter\Debug\Exceptions->errorHandler(2, 'Invalid argumen...', 'C:\\xampp\\htdocs...', 203, Array)
#1 C:\xampp\htdocs\movie4\system\View\View.php(236): include('C:\\xampp\\htdocs...')
#2 C:\xampp\htdocs\movie4\system\Common.php(1071): CodeIgniter\View\View->render('templates/heade...', Array, true)
#3 C:\xampp\htdocs\movie4\app\Controllers\Home.php(160): view('templates/heade...', Array)
#4 C:\xampp\htdocs\movie4\system\CodeIgniter.php(910): App\Controllers\Home->video('18', 'main')
#5 C:\xampp\htdocs\movie4\system\CodeIgniter.php(398): CodeIgniter\CodeIgniter->runController(Object(App\Controllers\Home))
#6 C:\xampp\htdocs\movie4\system\CodeIgniter.php(306): CodeIgniter\CodeIgniter->handleRequest(NULL, Object(Config\Cache), false)
#7 C:\xampp\htdocs\movie4\public\index.php(45): CodeIgniter\CodeIgniter->run()
#8 {main}
CRITICAL - 2020-05-22 03:09:20 --> Invalid argument supplied for foreach()
#0 C:\xampp\htdocs\movie4\app\Views\templates\header.php(203): CodeIgniter\Debug\Exceptions->errorHandler(2, 'Invalid argumen...', 'C:\\xampp\\htdocs...', 203, Array)
#1 C:\xampp\htdocs\movie4\system\View\View.php(236): include('C:\\xampp\\htdocs...')
#2 C:\xampp\htdocs\movie4\system\Common.php(1071): CodeIgniter\View\View->render('templates/heade...', Array, true)
#3 C:\xampp\htdocs\movie4\app\Controllers\Home.php(160): view('templates/heade...', Array)
#4 C:\xampp\htdocs\movie4\system\CodeIgniter.php(910): App\Controllers\Home->video('18', 'main')
#5 C:\xampp\htdocs\movie4\system\CodeIgniter.php(398): CodeIgniter\CodeIgniter->runController(Object(App\Controllers\Home))
#6 C:\xampp\htdocs\movie4\system\CodeIgniter.php(306): CodeIgniter\CodeIgniter->handleRequest(NULL, Object(Config\Cache), false)
#7 C:\xampp\htdocs\movie4\public\index.php(45): CodeIgniter\CodeIgniter->run()
#8 {main}
CRITICAL - 2020-05-22 03:09:22 --> Invalid argument supplied for foreach()
#0 C:\xampp\htdocs\movie4\app\Views\templates\header.php(203): CodeIgniter\Debug\Exceptions->errorHandler(2, 'Invalid argumen...', 'C:\\xampp\\htdocs...', 203, Array)
#1 C:\xampp\htdocs\movie4\system\View\View.php(236): include('C:\\xampp\\htdocs...')
#2 C:\xampp\htdocs\movie4\system\Common.php(1071): CodeIgniter\View\View->render('templates/heade...', Array, true)
#3 C:\xampp\htdocs\movie4\app\Controllers\Home.php(160): view('templates/heade...', Array)
#4 C:\xampp\htdocs\movie4\system\CodeIgniter.php(910): App\Controllers\Home->video('18', 'main')
#5 C:\xampp\htdocs\movie4\system\CodeIgniter.php(398): CodeIgniter\CodeIgniter->runController(Object(App\Controllers\Home))
#6 C:\xampp\htdocs\movie4\system\CodeIgniter.php(306): CodeIgniter\CodeIgniter->handleRequest(NULL, Object(Config\Cache), false)
#7 C:\xampp\htdocs\movie4\public\index.php(45): CodeIgniter\CodeIgniter->run()
#8 {main}
CRITICAL - 2020-05-22 03:09:22 --> Invalid argument supplied for foreach()
#0 C:\xampp\htdocs\movie4\app\Views\templates\header.php(203): CodeIgniter\Debug\Exceptions->errorHandler(2, 'Invalid argumen...', 'C:\\xampp\\htdocs...', 203, Array)
#1 C:\xampp\htdocs\movie4\system\View\View.php(236): include('C:\\xampp\\htdocs...')
#2 C:\xampp\htdocs\movie4\system\Common.php(1071): CodeIgniter\View\View->render('templates/heade...', Array, true)
#3 C:\xampp\htdocs\movie4\app\Controllers\Home.php(160): view('templates/heade...', Array)
#4 C:\xampp\htdocs\movie4\system\CodeIgniter.php(910): App\Controllers\Home->video('18', 'main')
#5 C:\xampp\htdocs\movie4\system\CodeIgniter.php(398): CodeIgniter\CodeIgniter->runController(Object(App\Controllers\Home))
#6 C:\xampp\htdocs\movie4\system\CodeIgniter.php(306): CodeIgniter\CodeIgniter->handleRequest(NULL, Object(Config\Cache), false)
#7 C:\xampp\htdocs\movie4\public\index.php(45): CodeIgniter\CodeIgniter->run()
#8 {main}
CRITICAL - 2020-05-22 03:09:22 --> Invalid argument supplied for foreach()
#0 C:\xampp\htdocs\movie4\app\Views\templates\header.php(203): CodeIgniter\Debug\Exceptions->errorHandler(2, 'Invalid argumen...', 'C:\\xampp\\htdocs...', 203, Array)
#1 C:\xampp\htdocs\movie4\system\View\View.php(236): include('C:\\xampp\\htdocs...')
#2 C:\xampp\htdocs\movie4\system\Common.php(1071): CodeIgniter\View\View->render('templates/heade...', Array, true)
#3 C:\xampp\htdocs\movie4\app\Controllers\Home.php(160): view('templates/heade...', Array)
#4 C:\xampp\htdocs\movie4\system\CodeIgniter.php(910): App\Controllers\Home->video('18', 'main')
#5 C:\xampp\htdocs\movie4\system\CodeIgniter.php(398): CodeIgniter\CodeIgniter->runController(Object(App\Controllers\Home))
#6 C:\xampp\htdocs\movie4\system\CodeIgniter.php(306): CodeIgniter\CodeIgniter->handleRequest(NULL, Object(Config\Cache), false)
#7 C:\xampp\htdocs\movie4\public\index.php(45): CodeIgniter\CodeIgniter->run()
#8 {main}
CRITICAL - 2020-05-22 03:12:05 --> Invalid argument supplied for foreach()
#0 C:\xampp\htdocs\movie4\app\Views\templates\header.php(203): CodeIgniter\Debug\Exceptions->errorHandler(2, 'Invalid argumen...', 'C:\\xampp\\htdocs...', 203, Array)
#1 C:\xampp\htdocs\movie4\system\View\View.php(236): include('C:\\xampp\\htdocs...')
#2 C:\xampp\htdocs\movie4\system\Common.php(1071): CodeIgniter\View\View->render('templates/heade...', Array, true)
#3 C:\xampp\htdocs\movie4\app\Controllers\Home.php(160): view('templates/heade...', Array)
#4 C:\xampp\htdocs\movie4\system\CodeIgniter.php(910): App\Controllers\Home->video('18', 'main')
#5 C:\xampp\htdocs\movie4\system\CodeIgniter.php(398): CodeIgniter\CodeIgniter->runController(Object(App\Controllers\Home))
#6 C:\xampp\htdocs\movie4\system\CodeIgniter.php(306): CodeIgniter\CodeIgniter->handleRequest(NULL, Object(Config\Cache), false)
#7 C:\xampp\htdocs\movie4\public\index.php(45): CodeIgniter\CodeIgniter->run()
#8 {main}
CRITICAL - 2020-05-22 03:12:06 --> Invalid argument supplied for foreach()
#0 C:\xampp\htdocs\movie4\app\Views\templates\header.php(203): CodeIgniter\Debug\Exceptions->errorHandler(2, 'Invalid argumen...', 'C:\\xampp\\htdocs...', 203, Array)
#1 C:\xampp\htdocs\movie4\system\View\View.php(236): include('C:\\xampp\\htdocs...')
#2 C:\xampp\htdocs\movie4\system\Common.php(1071): CodeIgniter\View\View->render('templates/heade...', Array, true)
#3 C:\xampp\htdocs\movie4\app\Controllers\Home.php(160): view('templates/heade...', Array)
#4 C:\xampp\htdocs\movie4\system\CodeIgniter.php(910): App\Controllers\Home->video('18', 'main')
#5 C:\xampp\htdocs\movie4\system\CodeIgniter.php(398): CodeIgniter\CodeIgniter->runController(Object(App\Controllers\Home))
#6 C:\xampp\htdocs\movie4\system\CodeIgniter.php(306): CodeIgniter\CodeIgniter->handleRequest(NULL, Object(Config\Cache), false)
#7 C:\xampp\htdocs\movie4\public\index.php(45): CodeIgniter\CodeIgniter->run()
#8 {main}
CRITICAL - 2020-05-22 03:12:06 --> Invalid argument supplied for foreach()
#0 C:\xampp\htdocs\movie4\app\Views\templates\header.php(203): CodeIgniter\Debug\Exceptions->errorHandler(2, 'Invalid argumen...', 'C:\\xampp\\htdocs...', 203, Array)
#1 C:\xampp\htdocs\movie4\system\View\View.php(236): include('C:\\xampp\\htdocs...')
#2 C:\xampp\htdocs\movie4\system\Common.php(1071): CodeIgniter\View\View->render('templates/heade...', Array, true)
#3 C:\xampp\htdocs\movie4\app\Controllers\Home.php(160): view('templates/heade...', Array)
#4 C:\xampp\htdocs\movie4\system\CodeIgniter.php(910): App\Controllers\Home->video('18', 'main')
#5 C:\xampp\htdocs\movie4\system\CodeIgniter.php(398): CodeIgniter\CodeIgniter->runController(Object(App\Controllers\Home))
#6 C:\xampp\htdocs\movie4\system\CodeIgniter.php(306): CodeIgniter\CodeIgniter->handleRequest(NULL, Object(Config\Cache), false)
#7 C:\xampp\htdocs\movie4\public\index.php(45): CodeIgniter\CodeIgniter->run()
#8 {main}
CRITICAL - 2020-05-22 03:12:31 --> Invalid argument supplied for foreach()
#0 C:\xampp\htdocs\movie4\app\Views\templates\header.php(203): CodeIgniter\Debug\Exceptions->errorHandler(2, 'Invalid argumen...', 'C:\\xampp\\htdocs...', 203, Array)
#1 C:\xampp\htdocs\movie4\system\View\View.php(236): include('C:\\xampp\\htdocs...')
#2 C:\xampp\htdocs\movie4\system\Common.php(1071): CodeIgniter\View\View->render('templates/heade...', Array, true)
#3 C:\xampp\htdocs\movie4\app\Controllers\Home.php(160): view('templates/heade...', Array)
#4 C:\xampp\htdocs\movie4\system\CodeIgniter.php(910): App\Controllers\Home->video('18', 'main')
#5 C:\xampp\htdocs\movie4\system\CodeIgniter.php(398): CodeIgniter\CodeIgniter->runController(Object(App\Controllers\Home))
#6 C:\xampp\htdocs\movie4\system\CodeIgniter.php(306): CodeIgniter\CodeIgniter->handleRequest(NULL, Object(Config\Cache), false)
#7 C:\xampp\htdocs\movie4\public\index.php(45): CodeIgniter\CodeIgniter->run()
#8 {main}
CRITICAL - 2020-05-22 03:12:53 --> Invalid argument supplied for foreach()
#0 C:\xampp\htdocs\movie4\app\Views\templates\header.php(203): CodeIgniter\Debug\Exceptions->errorHandler(2, 'Invalid argumen...', 'C:\\xampp\\htdocs...', 203, Array)
#1 C:\xampp\htdocs\movie4\system\View\View.php(236): include('C:\\xampp\\htdocs...')
#2 C:\xampp\htdocs\movie4\system\Common.php(1071): CodeIgniter\View\View->render('templates/heade...', Array, true)
#3 C:\xampp\htdocs\movie4\app\Controllers\Home.php(160): view('templates/heade...', Array)
#4 C:\xampp\htdocs\movie4\system\CodeIgniter.php(910): App\Controllers\Home->video('18', 'main')
#5 C:\xampp\htdocs\movie4\system\CodeIgniter.php(398): CodeIgniter\CodeIgniter->runController(Object(App\Controllers\Home))
#6 C:\xampp\htdocs\movie4\system\CodeIgniter.php(306): CodeIgniter\CodeIgniter->handleRequest(NULL, Object(Config\Cache), false)
#7 C:\xampp\htdocs\movie4\public\index.php(45): CodeIgniter\CodeIgniter->run()
#8 {main}
CRITICAL - 2020-05-22 03:13:01 --> Invalid argument supplied for foreach()
#0 C:\xampp\htdocs\movie4\app\Views\templates\header.php(203): CodeIgniter\Debug\Exceptions->errorHandler(2, 'Invalid argumen...', 'C:\\xampp\\htdocs...', 203, Array)
#1 C:\xampp\htdocs\movie4\system\View\View.php(236): include('C:\\xampp\\htdocs...')
#2 C:\xampp\htdocs\movie4\system\Common.php(1071): CodeIgniter\View\View->render('templates/heade...', Array, true)
#3 C:\xampp\htdocs\movie4\app\Controllers\Home.php(160): view('templates/heade...', Array)
#4 C:\xampp\htdocs\movie4\system\CodeIgniter.php(910): App\Controllers\Home->video('18', 'main')
#5 C:\xampp\htdocs\movie4\system\CodeIgniter.php(398): CodeIgniter\CodeIgniter->runController(Object(App\Controllers\Home))
#6 C:\xampp\htdocs\movie4\system\CodeIgniter.php(306): CodeIgniter\CodeIgniter->handleRequest(NULL, Object(Config\Cache), false)
#7 C:\xampp\htdocs\movie4\public\index.php(45): CodeIgniter\CodeIgniter->run()
#8 {main}
CRITICAL - 2020-05-22 03:13:02 --> Invalid argument supplied for foreach()
#0 C:\xampp\htdocs\movie4\app\Views\templates\header.php(203): CodeIgniter\Debug\Exceptions->errorHandler(2, 'Invalid argumen...', 'C:\\xampp\\htdocs...', 203, Array)
#1 C:\xampp\htdocs\movie4\system\View\View.php(236): include('C:\\xampp\\htdocs...')
#2 C:\xampp\htdocs\movie4\system\Common.php(1071): CodeIgniter\View\View->render('templates/heade...', Array, true)
#3 C:\xampp\htdocs\movie4\app\Controllers\Home.php(160): view('templates/heade...', Array)
#4 C:\xampp\htdocs\movie4\system\CodeIgniter.php(910): App\Controllers\Home->video('18', 'main')
#5 C:\xampp\htdocs\movie4\system\CodeIgniter.php(398): CodeIgniter\CodeIgniter->runController(Object(App\Controllers\Home))
#6 C:\xampp\htdocs\movie4\system\CodeIgniter.php(306): CodeIgniter\CodeIgniter->handleRequest(NULL, Object(Config\Cache), false)
#7 C:\xampp\htdocs\movie4\public\index.php(45): CodeIgniter\CodeIgniter->run()
#8 {main}
CRITICAL - 2020-05-22 03:13:02 --> Invalid argument supplied for foreach()
#0 C:\xampp\htdocs\movie4\app\Views\templates\header.php(203): CodeIgniter\Debug\Exceptions->errorHandler(2, 'Invalid argumen...', 'C:\\xampp\\htdocs...', 203, Array)
#1 C:\xampp\htdocs\movie4\system\View\View.php(236): include('C:\\xampp\\htdocs...')
#2 C:\xampp\htdocs\movie4\system\Common.php(1071): CodeIgniter\View\View->render('templates/heade...', Array, true)
#3 C:\xampp\htdocs\movie4\app\Controllers\Home.php(160): view('templates/heade...', Array)
#4 C:\xampp\htdocs\movie4\system\CodeIgniter.php(910): App\Controllers\Home->video('18', 'main')
#5 C:\xampp\htdocs\movie4\system\CodeIgniter.php(398): CodeIgniter\CodeIgniter->runController(Object(App\Controllers\Home))
#6 C:\xampp\htdocs\movie4\system\CodeIgniter.php(306): CodeIgniter\CodeIgniter->handleRequest(NULL, Object(Config\Cache), false)
#7 C:\xampp\htdocs\movie4\public\index.php(45): CodeIgniter\CodeIgniter->run()
#8 {main}
CRITICAL - 2020-05-22 04:07:10 --> You have an error in your SQL syntax; check the manual that corresponds to your MariaDB server version for the right syntax to use near ''-20', 20' at line 6
#0 C:\xampp\htdocs\movie4\system\Database\MySQLi\Connection.php(330): mysqli->query('SELECT\r\n       ...')
#1 C:\xampp\htdocs\movie4\system\Database\BaseConnection.php(738): CodeIgniter\Database\MySQLi\Connection->execute('SELECT\r\n       ...')
#2 C:\xampp\htdocs\movie4\system\Database\BaseConnection.php(666): CodeIgniter\Database\BaseConnection->simpleQuery('SELECT\r\n       ...')
#3 C:\xampp\htdocs\movie4\app\Helpers\pagination_helper.php(9): CodeIgniter\Database\BaseConnection->query('SELECT\r\n       ...', Array)
#4 C:\xampp\htdocs\movie4\app\Models\Video_Model.php(132): get_pagination('SELECT\r\n       ...', NULL, 20, 1152)
#5 C:\xampp\htdocs\movie4\app\Controllers\Home.php(51): App\Models\Video_Model->get_list_video(1, '', NULL)
#6 C:\xampp\htdocs\movie4\system\CodeIgniter.php(910): App\Controllers\Home->index()
#7 C:\xampp\htdocs\movie4\system\CodeIgniter.php(398): CodeIgniter\CodeIgniter->runController(Object(App\Controllers\Home))
#8 C:\xampp\htdocs\movie4\system\CodeIgniter.php(306): CodeIgniter\CodeIgniter->handleRequest(NULL, Object(Config\Cache), false)
#9 C:\xampp\htdocs\movie4\public\index.php(45): CodeIgniter\CodeIgniter->run()
#10 {main}
